2021年2月17日0:13:46

漢字 口 焦
噍 意味
	https://www.weblio.jp/content/噍
	jiao4
	https://cjjc.weblio.jp/content/噍
	https://ja.ichacha.net/chinese/噍.html
	
渇 ke3

ctext 礼記 樂記
	https://ctext.org/liji/yue-ji/zh


###2021年2月22日14:29:35
https://ctext.org/liji/yue-ji/zh
	躬	gong1
	悖	bei4

###2021年3月1日13:59:28
羽龠 ウヤク
	https://3g2upl4pq6kufc4m.onion/?q=羽龠&iax=images&ia=images

干戚 カンセキ
	https://3g2upl4pq6kufc4m.onion/?q=干戚&iax=images&ia=images
	
管磬 カンケイ

###2021年3月3日16:21:07
矣
漢文 矣
	https://kb-study.com/kb-okiji/#i-4
		断定
		完了
		意志
		
		置き字『焉』
			断定
			完了
			
			yān ㄧㄢ
通「之(2)」 zhī ㄓ: 指示代詞：這。 / 通「之(3)」 zhī ㄓ: 第三人稱代詞：他、她、它。 / 指示代詞兼句末語氣詞，相當於「於是」、「於此」。 / 疑問代詞，相當於「哪裏」、「怎麽」。 / 疑問代詞，相當於「何」、「什麽」。 / 連詞，相當於「乃」、「則」。 / 介詞，相當於「於」。 / 語氣詞。 / 形容詞、副詞詞尾，相當於「然」。

		
	https://dictionary.goo.ne.jp/word/kanji/矣/
	http://kanbunpo.blog.fc2.com/blog-category-3.html <= interesting

::]17:05:52

###2021年3月6日16:02:17

	霆 ting2
	蟠 pan2



###2021年3月7日14:24:27
:573
	夫豢huan4豕shi3為酒，非以為禍huo4
	綴淫zhui4yin2

:574
辟 意味

	稽 ji1	暢 chang4


###2021年3月9日12:02:24
土敝bi 煩fan2 鱉bi1 遂sui4，慝ni4 淫yin2

莊zhuang1 湎mian3 奸jian1 暢chang4 賤jian4

	regex
	(\d).+?(.)([a-z])	$1 $2$3



史記 樂書


###2021年3月14日13:13:13
玄衣 意味
楽器 雅
中国 古楽器


###2021年3月20日17:33:29
比干


###



@@@
###




###




