2021年4月16日19:20:00

search
	クレジットカード協会
	
	https://www.j-credit.or.jp

n:
	ANY

###2021年4月17日17:05:26


###2021年5月16日15:49:55


###2021年5月21日9:10:05

FOUND
	1
		生鮮食品： peak --> ２０１８年１月　=>　122.5
		４月には　=>　102.1
	2
		それ以降のピーク　=>　２０２０年８月：118.6
		１２月には：100.1

###2021年8月14日13:02:20

s-8 / g-10 : 医療経済

	search
	医療費 統計
	https://duckduckgo.com/?q=医療費+統計&ia=web
	https://www.mhlw.go.jp/toukei/list/37-21.html
	https://www.e-stat.go.jp/stat-search/files?page=1&layout=datalist&toukei=00450032&tstat=000001020931&cycle=8&tclass1=000001147026&tclass2=000001147027&tclass3val=0
	
	C:\WORKS_2\WS\WS_Others.JVEMV6\JVEMV6\41_economics\12_economy-watching\s-8\h3002.ods
		sheet "1"
	
	FOUND
		1. 国家医疗费用 : 总金额
			--> 约43万亿元
		2. 牙科医疗 : 2.9万亿元 (约 6.8%)
		3. 医疗费用 : 约 31.3 万亿元 (约 72%)
			1. 住院治疗		: 约 52 %
			2. 非住院治疗	: 约 47 %

n:
	ANY

]13:47:10
	

###2021年8月22日13:14:25

	
	米の相対取引価格・数量、契約・販売状況、民間在庫の推移等
	https://www.maff.go.jp/j/seisan/keikaku/soukatu/aitaikakaku.html
	
	aitaikakaku-168.xlsx
	
	sheet
	C:\WORKS_2\WS\WS_Others.JVEMV6\JVEMV6\41_economics\12_economy-watching\s-20210822_131824~
	
	n:
		1. zobaczmy dane. --> aitaikakaku-168.xlsx

]14:10:53

###2021年9月1日13:01:42
	
	https://duckduckgo.com/?q=マツダ自動車+有価証券報告書&ia=web
	
	https://www.nikkei.com/nkd/disclosure/ednr/20210625S100LM10/
	
	http://www.kabupro.jp/yuho/7261.htm
	



###2021年9月5日17:44:38

q-3 : 中国とインドの貿易：何をtradeしている？

	search : 中国 インド 貿易
		統計 中印貿易
	
	<notatka>
	chiny i Indie. handel między tymi dwoma krajami. Co handlują?
	
	https://duckduckgo.com/?q=中国+インド+貿易&ia=web
	https://www.digima-japan.com/knowhow/world/16342.php
	
		Chińskie eksporty do Indii w roku 2017 : w  walucie dolaru Amerykańskiego, to były 68 miliardów dolarów i 64 miliony dolarów. (2) Stosunek w całkowitej wielkości eksportów, na zasadzie pieniężnej, wynosi, trzy percent.

n:
	ANY, or,
	docs from : https://duckduckgo.com/?q=統計+中印貿易&ia=web

]18:02:50

###2021年10月10日12:49:21

>>> iran : export : countries

	https://duckduckgo.com/?q=iran+export+goods&ia=web
	
	https://www.worldstopexports.com/irans-top-10-exports/
	
		<facts>
		US$11.8 b	2020
		-85% since 2016
		
		1	ethylene polymers
		2	crude oil
		3	acyclic alcohols, 
		4	miscellaneous nuts and 
		5	semi-finished iron or 
		6	non-alloy steel
		
			(52%) by dollar value
		
		bought by
			China (14.7% of the global total)
			Iraq (14.3%), 
			United Arab Emirates (9.5%), 
			Afghanistan (4.7%), 
			South Korea (4.1%), 
			Turkey (3.8%), 
			India (3.3%), 
			Pakistan (2%), 
			Indonesia (1.3%), 
			Oman (1.2%), 
			Thailand (1.1%) and 
			Azerbaijan (0.7%).
		
		
	https://www.statista.com/statistics/294339/iran-export-of-goods/
	
		<= graph
		
n:
	1	UAE --> what is it exporting,importing?	2	UAE: importing from Iran --> what? why?
]12:57:34

###2021年10月11日14:10:43
s-20211011_143015
@@@

	>>> iran : imports
	
	search : iran imports
		
		https://www.worldstopexports.com/irans-top-10-imports/
		
		imports : 22b USD (2020)
			
			#rate
			-48% : 2016~
			-36.9% : 2019 ~ 2020
			
			2016	100		
			2017	91	9	9.0%
			2018	82.81	8.19	9.0%
			2019	75.3571	7.4529	9.0%
			2020	47.5503301	27.8067699	36.9%

			
			#items
			
			Machinery(+computers): US$3.4 b	15.5%
			Optical, technical, medical apparatus: $1.1 b	4.8%
			
	<FOUND>
	1	2016-19, average decline rate ==> -9 %
	2	2019-20 ==> -36.9 %
	3	second largest item (dollar base)
		==> Cereals : $2.4 b	10.7%

	n: comp.

]14:32:36

###




###





###



###2021年5月17日16:20:10
=================== resources : freemind

"C:\WORKS_2\WS\FM_2_20171104_225946\Projects\JVEMV6\41_economics\12_economy-watching.mm"


=================== resources : folder
2021年8月22日13:17:27

start C:\WORKS_2\WS\WS_Others.JVEMV6\JVEMV6\41_economics\12_economy-watching




###2021年8月14日13:48:01

========================= closing : git

//set stringof_message="trans : arabic" 

//C:\WORKS_2\a && r c && g a . && g c -m %stringof_message% && e && p

###2021年6月28日1:00:31


set stringof_session_id="iran : imports"

set stringof_project_id="JVE_41#12_watching : %stringof_session_id:"=%" 

C:\WORKS_2\shortcuts_docs\end_log_JVE_ALL.[ai].git.bat %stringof_project_id:"=%



