###2021年9月19日15:04:06
@@@

###2021年9月20日11:26:04

	search : 反物質
	

###2021年10月7日0:45:32

	https://duckduckgo.com/?q=回折条件&ia=web

	http://takashiida.floppy.jp/public/education/CrystalStructureAnalysis/1/1.pdf

	https://en.wikipedia.org/wiki/Category:Physical_phenomena
	


###




###




###2021年6月8日9:56:28

<= know-this
<= lets-read
<= want-to-read
<= lets-read-again
<= lets-read-links
<= lets-read-after-this

<= this

<= also-good
<= good
<= 証明あり

<= ok

<= not-understood


=> ENOUGH
=> NEXT

related

memos
	1. quoting

irrelevant
	1. totally non-related

###
taskkill /f /im javaw.exe
taskkill /f /im opera.exe
taskkill /f /im tor.exe


(a|b|c)([A-Z])	 $2
Tomoyuki Inui, Kazuichi Kitagawa, Tatsuya Takeguchi, Takashi Hagiwara, Yoshinori Makino

###2021年6月8日14:34:10

memo images : url

http://benfranklin.chips.jp/cake_apps/Cake_IFM11/images/index_2?filter_memo=jve+68+v-2.0+theoretical&sort=file_name&direction=desc&RBs_AND_OR_Memo=AND

###2021年6月12日17:36:28

freemind

C:\WORKS_2\WS\FM_2_20171104_225946\Projects\JVEMV6\68_theoretical-physics_tp_v-2.0\68_theoretical-physics_tp_v-2.0.mm




###2021年6月20日13:48:41

190001550002
makemeaning

###2021年7月14日13:55:22
=================== url : memos

http://benfranklin.chips.jp/cake_apps/Cake_IFM11/images/index_2?filter_memo=jve+68+v-2.0+theoretical&sort=file_name&direction=desc&RBs_AND_OR_Memo=AND

###2021年9月2日14:09:48
=================== url : tools
--- 3D graph
<https://www.math3d.org/>

--- 2D graph
graphing <https://www.desmos.com/calculator>

--- derivative
Derivative Calculator <https://www.symbolab.com/solver/derivative-calculator/>

rem : batch : firefox
C:\WORKS_2\shortcuts_docs\start_log_JVE_68-tp_tools-url.bat


###2021年6月30日11:11:01

git --> works

C:\WORKS_2\Utils\commands\push_WORKS.bat


###2021年6月23日17:03:51
=================== open : console

start C:\WORKS_2\a

C:\WORKS_2\start_a.bat

###2021年7月1日13:21:50
=================== time label

C:\WORKS_2\t.bat

###2021年7月28日14:11:43
==================== close : git

set stringof_message="JVE_68.[tp_v-2.0]"

C:\WORKS_2\a && r f && g a . && g c -m "(%stringof_message:"=%) periodical updates" && e && p && r oj && g a . && g c -m "(%stringof_message:"=%) periodical updates" && e && p

==================== close : apps

C:\WORKS_2\shortcuts_docs\end_log_JVE_close-sakura_close-freemind.bat

taskkill /f /im javaw.exe && taskkill /f /im sakura.exe
