###2021年3月12日23:03:42
:409
大塩平八郎

仁


###2021年3月15日17:11:25

熊沢番山
	元和5年（1619年） － 元禄4年8月17日（1691年 9月9日））
	
綱吉
 	生誕	正保3年1月8日（1646年2月23日）	宝永6年1月10日（1709年2月19日）
	在職：1680年 - 1709年）

『大学或問』
	貞享4年（1687年） --> 綱吉：７年
	貞享
		天和の後、元禄の前。
		1684年から1688年までの

白石
	生誕	明暦3年2月10日[1]（1657年3月24日）	享保10年5月19日（1725年6月29日）

https://ja.wikipedia.org/wiki/周易下経三十四卦の一覧#睽	睽（けい、ピンイン：kuí）


###2021年3月16日10:09:54
:414
百邪蔽 照姦

乾卦

拝昌言 禹
	https://3g2upl4pq6kufc4m.onion/?q=拝昌言+禹&ia=web


###2021年3月17日15:47:04
:416
延宝
	寛文の後、天和の前。
	1673年から1681年まで


###2021年3月18日0:25:39
寛文	かんぶん
	万治の後、延宝の前
	1661年から1673年
	後西天皇、霊元天皇
	徳川家綱。

###2021年3月19日10:43:51
:423
寛永
	元和の後、正保の前。
	1624年から1645年[1]まで
	後水尾天皇、明正天皇、後光明天皇
	徳川家光。
	
寛文
	万治の後、延宝の前。
	1661年から1673年まで
	後西天皇、霊元天皇。
	徳川家綱。


###

::]2021年4月3日19:25:55

###2021年4月3日23:29:48



@@@
###




###




