###
@@@




###





###





###





###





###2021年6月13日10:57:22

url=http://benfranklin.chips.jp/cake_apps/Cake_IFM11/images/index_2?filter_memo=jve+64+128&sort=file_name&direction=desc&RBs_AND_OR_Memo=AND


###2021年6月15日16:51:27

#trans : korean, english
start C:\WORKS_2\WS\WS_Others.JVEMV6\JVEMV6\70_co2\start-trans-process.bat

#trans : chinese
start C:\WORKS_2\WS\WS_Others.JVEMV6\JVEMV6\70_co2\start-trans-process_chinese.bat

2021年5月18日12:42:47
#process texts : korean

start C:\WORKS_2\WS\WS_Others.JVEMV6\JVEMV6\70_co2\start_process-texts-for-reading_korean.bat

C:\WORKS_2\WS\WS_Others.JVEMV6\JVEMV6\70_co2

"C:\WORKS_2\WS\WS_Others.JVEMV6\JVEMV6\70_co2\start_[process-texts-for-reading_korean].bat"

#process texts : chinese
C:\WORKS_2\WS\WS_Others.JVEMV6\JVEMV6\70_co2\start_process-texts-for-reading_chinese.bat

"C:\WORKS_2\WS\WS_Others.JVEMV6\JVEMV6\70_co2\start_[process-texts-for-reading_chinese].bat"

###2021年6月29日0:40:29
======================== lib
190001550002
makemeaning

###2021年10月2日10:07:40
======================== close apps

C:\WORKS_2\shortcuts_docs\end_log_JVE_64_94_kinshiroku.bat
