###2021年2月12日17:11:17
金百檀https://ja.wikipedia.org/wiki/%E3%83%A1%E3%82%A4%E3%83%B3%E3%83%9A%E3%83%BC%E3%82%B8

2021年2月14日15:55:00###
よしなき 意味
あなぐり 意味
沙汰 意味
取沙汰 意味
見参 意味
撥音 無表記
	https://blog.goo.ne.jp/monogoo33/e/f74b1a2a516ee0a29c7ee529d3b3c08f
	https://ja.wikipedia.org/wiki/モーラ


2021年2月14日23:51:16

###2021年2月15日12:32:59
侍大将
よしなき身
香炉箱


###2021年2月17日14:46:02
往来物
	https://duckduckgo.com/?q=往来物&t=opera&ia=web&iai=r1-5&page=1&sexp=%7B"artexp"%3A"b"%2C"biaexp"%3A"b"%2C"msvrtexp"%3A"b"%7D
	http://ir.u-gakugei.ac.jp/images/kms-kmi-view/viewer/EP20001200/

草書体 江戸時代

三伝市虎人皆従
ctext 三伝市虎人皆従

淮南子 三伝
ctext 淮南子

	::[16:30:18
新井白石
	https://ja.wikipedia.org/wiki/新井白石
	
		明暦3年2月10日[1]（1657年3月24日）
		死没	享保10年5月19日（1725年6月29日）
		元禄6年（1693年）、甲府藩主である甲府徳川家への仕官を推挙
		宝永6年（1710年）、綱豊は諱を家宣と改め、将軍
		
字（あざな）
	https://ja.wikipedia.org/wiki/字
阿比留
	https://ja.wikipedia.org/wiki/阿比留氏

束脩 意味
	https://ja.wikipedia.org/wiki/束脩
学令 原文
	https://duckduckgo.com/?q=学令+原文&ia=web
	http://kanseitaikan.seesaa.net/
		現代語訳「養老令」全三十編：第八編　戸令　全45条
	http://www.isc.meiji.ac.jp/~meikodai/obj_ryoshuge.html	　『令集解』データベース　（学術）
	http://www.sol.dti.ne.jp/hiromi/kansei/yoro11.html#01	 第十一　学令　全22条 

養老律令 原文

::]17:40:14


###2021年2月18日23:25:34
:212
*ありなまし 古文
	https://kb-study.com/aux-mashi/

中庸 ２０章

::]0:13:59

###2021年2月19日10:47:06
うたてがる 古文
うたてし
	https://kobun.weblio.jp/content/うたてし
	https://kobun.weblio.jp/content/がる
	
陳蔡
陳蔡の厄
	https://pedia.cloud.edu.tw/Entry/Detail/?title=陳蔡之厄&search=陳蔡之厄

史記 孔子世家
	https://seesaawiki.jp/w/hanamaru0001/d/%b9%a6%bb%d2%c0%a4%b2%c8
	https://ctext.org/shiji/kong-zi-shi-jia/zh


::]12:19:42

###2021年2月20日16:50:14
:233
甲府藩
	https://ja.wikipedia.org/wiki/甲府藩
		延宝6年（1678年）、徳川綱重が死去。長男の徳川綱豊（後の6代将軍家宣）が甲府藩の跡を継いだ。 
	https://ja.wikipedia.org/wiki/徳川家宣

::]17:42:47


###23:17:19

::]23:48:53


###2021年2月21日8:43:46
*徳川家宣
かし 古文
*大学衍義
190001550002 makemeaning
汲古閣

###2021年2月22日9:14:11
元禄
	1688年から1704年まで
榊原玄輔
	明暦2年（1656年） - 宝永3年1月3日（1706年2月15日））
	名は玄輔、字を希翊、号は篁洲のほかに惕々子、勃窣散人。通称は小太郎、のちに元輔
	
翊 読み方
	ヨク	https://kanji.jitenon.jp/kanjil/5605.html

徳川家宣	https://ja.wikipedia.org/wiki/徳川家宣
	生誕	寛文2年4月25日（1662年6月11日）
	死没	正徳2年10月14日（1712年11月12日）

ありつる 古文	::[10:10:13

*神田橋
*甲府藩 藩邸
*番屋

*推参	スイサン
*祇候	シコウ

*道服

::]11:42:47


###2021年2月23日12:43:01
甲申


###2021年2月24日12:28:42
石高 俵 換算
	http://www4.plala.or.jp/bakumatsu/iroha/mame-kome.htm
		江戸時代の一人当たり米消費量は1日5合だといわれています。

詮房
	https://ja.wikipedia.org/wiki/間部詮房
		寛文6年5月16日（1666年6月18日）
		享保5年7月16日（1720年8月19日）
	
https://ja.wikipedia.org/wiki/徳川家宣
		生誕	寛文2年4月25日（1662年6月11日）
		死没	正徳2年10月14日（1712年11月12日）

https://ja.wikipedia.org/wiki/徳川家継
	宝永6年7月3日（1709年8月8日）
	正徳6年4月30日（1716年6月19日）
	在任：1713年 - 1716年）。 

https://ja.wikipedia.org/wiki/折たく柴の記
	成立は享保元年（1716年）頃と

###2021年2月26日8:41:21
２百両

１両 江戸時代
	https://manabow.com/zatsugaku/column15/
		お蕎麦（そば）の代金では1両＝12～13万円
		
午の刻
	11時	12時	13時
	https://ja.wikipedia.org/wiki/十二時辰

:269
白毛 生じる
地上 白毛
飯田町 江戸
	https://www.city.chiyoda.lg.jp/koho/bunka/bunka/chome/yurai/idamachi.html


###2021年2月28日16:57:06
綱吉
	https://ja.wikipedia.org/wiki/徳川綱吉#生涯



###2021年3月1日10:55:25
干支


###2021年3月2日16:36:01
御位署	おんいしょ
	https://duckduckgo.com/?q=御位署&t=opera&ia=web&iai=r1-2&page=1&sexp=%7B"artexp"%3A"b"%2C"biaexp"%3A"b"%2C"msvrtexp"%3A"b"%7D
	http://keko-kai.la.coocan.jp/kekoushi/houwa/52-1houwa.htm
	
	http://yatanavi.org/text/turezure/k_tsurezure238.txt	徒然草 草書体 翻刻

*翻刻 意味
*草書体 例
	https://word.4ndex.com/name/2-3-index.html
草書体 ひらがな 例

*草書体 データベース

*秀忠

::]17:17:39

###2021年3月6日12:55:29
:229
はた 意味

議し申す 意味

議す 意味

東山天皇

元禄
	1688年から1704年まで

徳川綱吉
	（在職：1680年 - 1709年）

佚斎 樗山
	万治2年3月27日（1659年5月18日） - 寛保元年4月9日（1741年5月23日）


###
万治 年号
	1658年から1661年までの

にや 古文
	https://kobun.weblio.jp/content/にや

八虐


###




@@@
###




###




###




