###2021年4月25日11:44:25

>>1
	search : korea j learn disability
	korea journal of learning disability



@@@
###





###





###





###
taskkill /f /im javaw.exe
taskkill /f /im opera.exe


(a|b|c)([A-Z])	 $2
Tomoyuki Inui, Kazuichi Kitagawa, Tatsuya Takeguchi, Takashi Hagiwara, Yoshinori Makino


2021年3月25日17:05:11
81.6.40.182

#.7 Zum besseren Verständnis der Phasen- und Dichtezustände des CO2-H2-Systems und den zusätzlichen

using scaling relations machine learning and DFT calculations

###2021年4月19日16:39:53
>>steps
		german texts
	1. sakura
		1. C - a / -v [C/P --> to sakura file]
		2. C - r / M - ↓ [choose "\r\n"] / M - a / Esc x 2 [close window]
		3. C -a / - c / Tab [move to browser]
	2. browser
		1. C - a/ - v / - Home [paste to trans site, move to the top of the text]
	
