###2021年6月12日0:32:03

	search : "説話"
		https://3g2upl4pq6kufc4m.onion/?q=説話&ia=web
		https://kotobank.jp/word/説話-548546
	

###2021年6月12日10:11:15

>>
.2
	think
		1
			「対照的人物の配置」 --> 宇宙をどう捉えていたかを、示唆しているのだろうか？
	words
		映発 https://dictionary.goo.ne.jp/word/映発/
		直叙 ちょくじょ https://kotobank.jp/word/直叙-517714
		超自然
		読書体験
		感興 https://dictionary.goo.ne.jp/word/感興/

>>
	.5
	words
		大納言
		太政官 https://ja.wikipedia.org/wiki/太政官
			memos
				"日本の律令制における...国家機関"
				"幕末から明治にかけて...議政官以下7官の総称"
			related
				唐名 https://ja.wikipedia.org/wiki/唐名
					memos
						"一種の雅称"
						"私的な文書には頻繁に"
		醍醐天皇 https://ja.wikipedia.org/wiki/醍醐天皇
			words
				臣籍 https://ja.wikipedia.org/wiki/臣籍降下
					words
						皇親賜姓（こうしんしせい）
						related
							源賀 https://ja.wikipedia.org/wiki/源賀
					memos
						"源氏は嵯峨天皇が、814年（弘仁5年）に	"
						"平氏は、淳和天皇の時代の825年（天長2年）に"
		d-1 / 安和の変 （あんなのへん） https://ja.wikipedia.org/wiki/安和の変
			texts
				out.20210612_114110_585638.txt
				out.20210612_114544_461714.txt
				words
					中務少輔 なかつかさしょうゆう、しょうふ https://kotobank.jp/word/中務の少輔-2069068
					中務 https://ja.wikipedia.org/wiki/中務省
						memos
							"朝廷に関する職務の全般"
					兵衛府 ひょうえふ https://ja.wikipedia.org/wiki/兵衛府
						memos
							"天皇やその家族の近侍・護衛"
					左馬助 -> 馬寮 めりょう https://ja.wikipedia.org/wiki/馬寮
					大宰員外権帥 -> 大宰権帥 だざいのごんのそち https://ja.wikipedia.org/wiki/大宰権帥
						texts
							memos
								"実質的な支配権は権帥が握った"
								"正規の帥・権帥とは区別されていた"
	memos
		*平等院
		一切経 いっさいきょう https://kotobank.jp/word/一切経-31461
			also
				仏典#大蔵経 https://ja.wikipedia.org/wiki/仏典#大蔵経
		d-2 / *鳳凰堂 https://ja.wikipedia.org/wiki/平等院#/map/0
		扶桑略記 https://ja.wikipedia.org/wiki/扶桑略記
		扶桑 https://ja.wikipedia.org/wiki/扶桑
		*古今著聞集
		漢字 巾 占 帖 https://kanji.jitenon.jp/kanjif/2582.html
			related
				書付 https://dictionary.goo.ne.jp/word/書付/
				
>>
	.7
	memos
		法華験記

	.8
	memos
		良源 https://ja.wikipedia.org/wiki/良源
		丹波の国 https://ja.wikipedia.org/wiki/丹波国
		篠町 https://ja.wikipedia.org/wiki/篠村#歴史
	
	.9
	memos
		権少僧都 https://crd.ndl.go.jp/reference/modules/d3ndlcrdentry/index.php?page=ref_view&id=1000229238
			also
				権の少僧都 https://kotobank.jp/word/権の少僧都-2040907

###2021年6月13日10:26:26

>>
	.9
	*こうじみかん
		*search
		unrelated
			韩彦直 https://baike.baidu.com/item/韩彦直
	*はした 漢字
		search
	はした 古文
		search
			端なし https://kobun.weblio.jp/content/端なし
		unrelated
			こそ https://kobun.weblio.jp/content/こそ
	よどめく 意味
		どよめく https://www.weblio.jp/content/どよめく
		fur
			接辞「～めく」の意味 https://www.lang.nagoya-u.ac.jp/nichigen/menu7_folder/symposium/pdf/2/03.pdf
	いかにも 古文
	
	.10
	折敷 意味
		折敷 https://dictionary.goo.ne.jp/word/折敷_(おしき)/#jn-30961
		related
			塩尻 https://dictionary.goo.ne.jp/srch/jn/塩尻/m1u/
	*へぎ板 意味
		http://www.kisoji-isan.com/s/talk/06.html
		https://www.kokeraya.com/movie
	*あさまし 古文
		"驚くばかりだ。意外だ。" https://kobun.weblio.jp/content/あさまし
	見ばや
		"〔自己の願望〕…たいものだ。" https://kobun.weblio.jp/content/ばや
	
	.11
	さて 古文
		"そのままで。そういう状態で。" https://kobun.weblio.jp/content/さて
	ありなむ https://kobun.weblio.jp/content/ありなむ
	いみじき --> いみじ
		"よい。すばらしい" https://kobun.weblio.jp/content/いみじ
	候う
		
	卑語 意味
	


###2021年6月15日0:28:34

>>
	.13
	たべ 古文
		https://kobun.weblio.jp/content/たぶ
		
###2021年6月15日9:46:26

>>
	.13
	たべ 古文
		https://kobun.weblio.jp/content/たぶ
		"お…になる。…なさる。…てくださる。▽尊敬の意を表す。"
		

###2021年6月15日15:50:04

>>
	.13
		西大寺
			https://ja.wikipedia.org/wiki/西大寺_(奈良市)
		東大寺
			https://ja.wikipedia.org/wiki/東大寺
		よしなし 古文
			https://kobun.weblio.jp/content/よしなし
		わらうだ
		
	.14
		*錫杖 塔婆
			https://ja.wikipedia.org/wiki/仏塔
			sketch --> http://benfranklin.chips.jp/cake_apps/images/ifm11_2/Baidu-IME_2021-6-15_16-13-59.jpg
				sketch:20210615_162213
				C:\WORKS_2\shortcuts_docs\log_sketch.log
			https://ko.wikipedia.org/wiki/솔도파
			https://zh.wikipedia.org/zh-cn/窣堵坡#窣堵坡的起源
				窣堵坡[su1du3po2,坟冢[fen2zhong3,涅槃[nie4pan2,圆寂[yuan2ji4,埋藏[mai2cang2
		
		山伏
			sketch : http://benfranklin.chips.jp/WS/WS_Others/free/UH8G6E_CE/1_X/1_14/main.(1.14~).php?url=http://blog-imgs-98.fc2.com/a/z/a/azasosori/20161218095531081.jpg
			source : http://azasosori.blog.fc2.com/blog-entry-372.html
			
			==> XI26
		
		験力 意味
			https://dictionary.goo.ne.jp/word/験力/
		
		立蔀 意味
			蔀 https://kanji.condb.link/1617/
			related
				蔀戸
					sketch : https://ameblo.jp/2214612/entry-12039363703.html
					http://benfranklin.chips.jp/WS/WS_Others/free/UH8G6E_CE/1_X/1_14/main.(1.14~).php?url=https://img-proxy.blog-video.jp/images?url=http%3A%2F%2Fwww.kjclub.com%2FUploadFile%2Fexc_board_63%2F2011%2F04%2F11%2FP9104180%5B1%5D.jpg
						id=J9HM
	.15
		ゆゆし 古文
			https://kobun.weblio.jp/content/ゆゆし
			"甚だしい。ひととおりでない。ひどい。とんでもない。"
		つれなし 古文
			https://kobun.weblio.jp/content/つれなし
			"素知らぬふうだ。平然としている。さりげない。"


###2021年6月16日0:21:07


###2021年6月17日11:21:07

>>
	.16
		墨染 衣
		不動袈裟
		袈裟 墨染
			related
				禅衣
				直綴 じきとつ
				五条袈裟
		連袈裟
			https://blogimg.goo.ne.jp/user_image/30/62/633b58bb97caee235daace25bbc50663.jpg (https://blog.goo.ne.jp/h-kimm/e/2dc5bcb9c9a7af0644ca6099e3620455)
			sketch : id=CJWP
		木練子 もくれんじ
		モクゲンジ
			https://duckduckgo.com/?q=モクゲンジ&iax=images&ia=images
			https://botanical-garden-city-fukuoka.blogspot.com/2016/08/20160811.html
				sketch : LJU1
		聖法師
			https://dictionary.goo.ne.jp/word/聖法師/
				"修行に専念する僧。"
			related
				法体装束 https://kotobank.jp/word/法体装束-630666
		雑談集 誑惑
			https://kanji.jitenon.jp/kanjij/4970.html
			
###
@@@




###





###





###2021年6月13日10:57:22

url=http://benfranklin.chips.jp/cake_apps/Cake_IFM11/images/index_2?filter_memo=jve+64+111&sort=file_name&direction=desc&RBs_AND_OR_Memo=AND


###2021年6月15日16:51:27

#trans : korean, english
start C:\WORKS_2\WS\WS_Others.JVEMV6\JVEMV6\70_co2\start-trans-process.bat

#trans : chinese
start C:\WORKS_2\WS\WS_Others.JVEMV6\JVEMV6\70_co2\start-trans-process_chinese.bat

2021年5月18日12:42:47
#process texts : korean

start C:\WORKS_2\WS\WS_Others.JVEMV6\JVEMV6\70_co2\start_process-texts-for-reading_korean.bat

C:\WORKS_2\WS\WS_Others.JVEMV6\JVEMV6\70_co2

"C:\WORKS_2\WS\WS_Others.JVEMV6\JVEMV6\70_co2\start_[process-texts-for-reading_korean].bat"

#process texts : chinese
C:\WORKS_2\WS\WS_Others.JVEMV6\JVEMV6\70_co2\start_process-texts-for-reading_chinese.bat

"C:\WORKS_2\WS\WS_Others.JVEMV6\JVEMV6\70_co2\start_[process-texts-for-reading_chinese].bat"

