###2021年2月23日15:21:34
:2
談義本
	https://ja.wikipedia.org/wiki/談義本
	https://ja.wikipedia.org/wiki/浮世草子
	https://ja.wikipedia.org/wiki/元禄
		1688年から1704年まで

享保
	https://ja.wikipedia.org/wiki/享保
		1716年から1736年まで

丹羽樗山
	https://ja.wikipedia.org/wiki/佚斎樗山	チョザン
		佚斎 樗山（いっさい ちょざん
		
おくび

漢字 竹かんむり 頼
	籟 ライ	https://detail.chiebukuro.yahoo.co.jp/qa/question_detail/q1314690388

籟 楽器

丁未（ひのとひつじ

:4
漢字 虫偏 遊
	https://detail.chiebukuro.yahoo.co.jp/qa/question_detail/q1286032622
	
漢字 卑 鳥
	https://kanji.jitenon.jp/kanjih/3820.html
	
漢字 蝣
	https://kanji.jitenon.jp/kanjii/4086.html

漢字 尞 鳥
	https://kanji.jitenon.jp/kanjih/3837.html

###2021年2月23日19:25:28
鈴懸 衣
	http://www.nouten3.com/s-7.html




###2021年2月24日8:29:00


###2021年3月1日11:53:58
陸象山 語録
	https://kotobank.jp/word/陸象山-148523
		（読み）りくしょうざん
	file:///C:/Users/IWABUC~1/AppData/Local/Temp/KGK_7-29.pdf
	
漢字 馬 併
	https://kanji.jitenon.jp/kanjij/4502.html
		駢
		ヘン
		ベン

荘子 駢拇pian2mu3
	https://ja.wikisource.org/wiki/荘子/駢拇
	http://www.asahi-net.or.jp/~qh4s-kbym/Chuangtse8.html

###2021年3月3日14:33:44
:15
汀 意味

謡曲 鶴亀

###2021年3月4日14:12:00
:23
菜瓜
俊寛 謡曲

神化 意味

:30
*和光 意味

::]16:40:07

###2021年3月5日16:38:07
呵 意味

###
漢字 手偏 専

忸怩
	https://gimon-sukkiri.jp/zikuzi/#i-3
	
恥じる 意味

漢字 にんべん 羽

寂滅為楽


###
大黒天

かわらく 意味

	http://maglate6-2020.over-blog.com/d885e8r.html	 神が良い父であることについての詩 

:36
許由

###2021年3月9日15:23:37
:44
浩然の気

::]


###2021年3月10日16:12:53


###




@@@
###




###




###




