###2021年12月13日10:45:43
	
	>> ##140-3
	
	n:
		p.2
	
	]10:57:36

	>> 134_yamamoto_ieyasu
		
		.138
		
		綺語 意味
			https://dictionary.goo.ne.jp/word/綺語_(きご)/
				/仏語。
				十悪の一。
				真実に反して
				/小説・詩文の美辞麗句
				きぎょ
				related
					https://kotobank.jp/word/十悪-526226
		専要 意味
			https://dictionary.goo.ne.jp/word/専要/
				最も大事
		
		大納言
			https://ja.wikipedia.org/wiki/大納言
				官職のひとつ
				四等官の次官（すけ）
				官位相当 / 三品・四品または正三位
				https://ja.wikipedia.org/wiki/官位相当制
					位階と官職との間[...]相当関係
					官人はまず
						位階によって序列化
						位階に応じた官職
						
				https://ja.wikipedia.org/wiki/位階	[11:26:09
					個人の序列
						地位
						身分の序列
						等級
						後には、[...]栄典の一
						位階を授与することを[...]叙位（じょい）
		裳 読み方
			https://dictionary.goo.ne.jp/word/裳_(も)/
				女房の装束[...]腰部から下の後方
				男子の礼服[...]表袴 (うえのはかま) の上
		
		禁中並びに公家諸法度
		https://ja.wikipedia.org/wiki/禁中並公家諸法度#各条の内容
			https://ja.wikipedia.org/wiki/僧正
				官職（僧官）の一つ
				僧と尼を統括
				推古天皇32年（624年）4月13日に / 僧正・僧都と法頭を / 任ずることと
				
			https://ja.wikipedia.org/wiki/院家
				出身身分に由来する / 僧侶の身分
				皇族及び貴族身分 / 出身
			
			https://ja.wikipedia.org/wiki/僧綱
				そうごう
				日本における[...]僧官の職
				624年に設置
				平安遷都後は西寺に
				819年には僧綱所の定員
					僧正1名
					大僧都1名
					小僧都1名
					律師4名
			s: 僧都 意味
				https://kotobank.jp/word/僧都-89481
					僧正に / 次いで
				
				https://ja.wikipedia.org/wiki/和尚
					敬称
						呉音:わじょう
						漢音:かしょう、
						唐音:おしょう
						梵: upādhyāya
					upādhyāya の俗語形を音写
					日常親しく教えを受けるグル
					鑑真に対して / 「大和尚」の号
		
		https://ja.wikipedia.org/wiki/慶長		[12:07:58
			1596年から1615年
			文禄5年10月27日（グレゴリオ暦1596年12月16日）
			慶長20年7月13日（グレゴリオ暦1615年9月5日） 元和に
	
		n: cont.
	]12:12:16
	
###2021年12月13日17:00:51

	>> 134_yamamoto_ieyasu
		
		.142
		
		宗論意味
			https://ja.wikipedia.org/wiki/宗論
				しゅうろん
				法論に同じ
			https://ja.wikipedia.org/wiki/宗論_(落語)
				大正期
				益田太郎冠者
			https://ja.wikipedia.org/wiki/宗論_(狂言)
				法華僧と浄土僧
			
			https://kotobank.jp/word/宗論-167848
				特定の経典をとって宗旨の骨格
				法義を確立
				釈論(しゃくろん)に対して
				/宗派間[...]教義上の / 論争
			
			https://ja.wikipedia.org/wiki/法論
				教義の異なる宗派の間で[..]論争
				
				
		法談
		法談 仏教
			https://dictionary.goo.ne.jp/word/法談/
				仏法の要義を / 説き聞かせる
			
			https://dictionary.goo.ne.jp/word/法話/
				仏法に関する / 話
			
			https://dictionary.goo.ne.jp/word/要義/
				大切な / 意味
			
			https://kotobank.jp/word/要義-652842
				物事の根本となる / ことわり
				
		
		宗論 狂言
			https://www.youtube.com/watch?v=c-5ku-pCMkg
		
		.148
		
		浄土宗諸法度
		
			http://jodoshuzensho.jp/daijiten/index.php/浄土宗法度
				元和元年（一六一五）
				三十五箇条法度
				に出された
					知恩院
					増上寺
					伝通院
		
		~浄土宗法度 全文
		
		n: cont.
		
		]18:07:36
	
	>> 140-4		[18:01:00
	
		n: "与地頭代"
		
		]18:07:21


###2021年12月14日17:54:01

	>> 134_yamamoto_ieyasu

###2021年12月15日0:27:19
	
	>> 140-4		[0:35:06
	
		"与地頭代"
		
		n: "二十五日両方"
		
		]0:56:53

###2021年12月15日1:35:20
	
	>> 141-3
	
		https://duckduckgo.com/?t=ffsb&q=矢立峠&ia=web
			https://ja.wikipedia.org/wiki/矢立峠
				標高は258m
				東側 / 奥羽山脈
				西側 / 白神山地
				秋田杉
				878年（元慶2年）に、[...]「矢立杉」
				https://www.openstreetmap.org/?mlat=40.421111&mlon=140.626389&zoom=15#map=9/40.4952/140.5110
				
			https://ja.wikipedia.org/wiki/陸奥国
				東山道
				平安時代まで「陸奥」（みちのく）
				『古事記』[...]「道奥」
			
			青森県：面積
			https://ja.wikipedia.org/wiki/青森県
				面積 / 全国8位
				9,645.64km2 (--> 4倍 of 神奈川県)
				総人口	1,220,315人
				
				神奈川県：面積
					2,416.17km2 (https://ja.wikipedia.org/wiki/神奈川県)
			
###2021年12月15日11:13:34

	>> 140-4		[
	
		"二十五日両方"
		
		地頭
		https://ja.wikipedia.org/wiki/地頭
			鎌倉幕府・室町幕府
			管理支配
				荘園
				国衙領（公領）
			地頭職
			守護とともに
			
			平安時代（平氏政権期以前）から / 存在
			頼朝が / 朝廷からの認可を得て / 全国へ
			在地御家人の中から
			江戸時代にも / 領主のことを / 地頭
			
			https://ja.wikipedia.org/wiki/補任
				ぶにん
				官職・位階 / 与えること
				補任のための儀式 / 除目
				
		正和
		https://ja.wikipedia.org/wiki/正和
			
			1312年から1317年
			
			https://ja.wikipedia.org/wiki/閏月
				
				うるうづき / じゅんげつ
		
		n: "右雜掌"
		
		]11:45:01

###


@@@



###






###






###






XXX
: git
===============================




--------------------------------------


-------------------------------------- DOCS (Materials)
------------------------------- TOPICS

-------------------------------------- SYMBOLS
#	complete
*	started reading
:w	keywords
:?	want to know
:m	memos
:#1	bookmark
:ref	refered document

-------------------------------------- resources


###2021年11月19日15:44:13
========================== folder

C:\WORKS_2\WS\WS_Cake_IFM11\photo-books

====== 2021年11月23日1:10:23
C:\WORKS_2\WS\WS_Others.JVEMV6\JVEMV6\64_read

=================== file : list-of-books.txt

C:\WORKS_2\WS\WS_Cake_IFM11\photo-books\list-of-books.txt


=================== file : list-of-texts
C:\WORKS_2\WS\WS_Cake_IFM11\photo-books\140_wasendulo\list-of-texts.txt

=================== url : 64# 140-
http://benfranklin.chips.jp/cake_apps/Cake_IFM11/images/index_2?filter_memo=64%23+140&sort=file_name&direction=desc&RBs_AND_OR_Memo=AND


###2021年11月30日16:43:22
=================== file : batch file

C:\WORKS_2\shortcuts_docs\start_log_JVE_64_ALL.bat

###2021年11月9日0:35:58
========================== url : cake
http://benfranklin.chips.jp/cake_apps/Cake_IFM11/images/index_2?filter_memo=JVE+64%23&sort=file_name&direction=desc&RBs_AND_OR_Memo=AND

###2021年11月29日18:01:06

lib

190001550002
makemeaning



###2021年11月5日0:36:08
========================== closing : git

set stringof_session_id="90_oritaku"
set stringof_session_id="136.1_rice"


set stringof_session_id="137.1_ikki"
set stringof_session_id="137.2_shigetoki_rokuhara

set stringof_session_id="138.1_ryoujin"
set stringof_session_id="114_hirata"

set stringof_session_id="139.1_kaidou"

set stringof_session_id="140(texts) no.2"
set stringof_session_id="140(texts) no.3"

--------------------------
C:\WORKS_2\start_a.bat

set stringof_session_id="135-62.2_sanka"

set stringof_session_id="134_yamamoto_ieyasu / 140(texts)-4"

set stringof_session_id="134_yamamoto_ieyasu"

set stringof_session_id="140-3"
set stringof_project_id="JVE_64_bk : %stringof_session_id:"=%" 

C:\WORKS_2\a && pushd C:\WORKS_2\shortcuts_docs && g a . && g c -m %stringof_project_id% && e && p && C:\WORKS_2\Utils\commands\push_fm.bat



rem C:\WORKS_2\a && pushd C:\WORKS_2\shortcuts_docs && g a . && g c -m %stringof_project_id% && e && p && C:\WORKS_2\Utils\commands\push_fm.bat && exit


###2021年11月10日1:25:08
========================== closing : apps

C:\WORKS_2\shortcuts_docs\end_log_JVE_close-sakura_close-freemind.bat

