###2021年3月14日15:51:30

	https://ja.wikipedia.org/wiki/捕捉剤	:d-1
	
	https://en.wikipedia.org/wiki/Scavenger_(chemistry)	:d-2
	
	oxidant meaning
		https://3g2upl4pq6kufc4m.onion/?q=oxidant+meaning&ia=web
	
	oxigen removal
		https://3g2upl4pq6kufc4m.onion/?q=oxigen+removal&ia=web
	
	

###2021年3月16日14:28:49

	1. https://en.wikipedia.org/wiki/Oxygen_scavenger	:d-1
	
		#6
			Ascorbic acid
	
		ferrous carbonate

		metal halide catalyst
		
		https://en.wikipedia.org/wiki/Iron%28II%29_carbonate#Properties	:d-2
		
		https://en.wikipedia.org/wiki/Vitamin_C	:d-3
		
		https://en.wikipedia.org/wiki/Sodium_bicarbonate	:d-4
		
		https://en.wikipedia.org/wiki/Bicarbonate	:d-5
		
		https://en.wikipedia.org/wiki/Carbonic_acid	:d-6
	
	2. surface-wave microwave (https://www.sciencedirect.com/science/article/abs/pii/S092633731630176X :s-2.d-1)
	
		https://3g2upl4pq6kufc4m.onion/?q=surface-wave+microwave&ia=web
		
		マイクロ波
		https://ja.wikipedia.org/wiki/マイクロ波	:d-7
			0.2 	111 （GHz）
		
			https://ja.wikipedia.org/wiki/赤外線
				全ての分子には、ある決まった周波数の電磁波を吸収する性質がある。
			
			波長 周期 変換
			
			可視光線
			https://towatowa.net/hertz/#i-2	:d-7.1
	

###2021年3月17日14:40:15


###2021年3月17日16:21:35
ニッケル
	https://ja.wikipedia.org/wiki/ニッケル

###2021年3月21日12:56:47

lanthanum

###2021年3月25日17:35:01
FTS chemistry


###2021年3月27日16:49:40
hydroformylation


###2021年3月28日17:44:24


###2021年3月30日11:37:19
インジウム
	https://ja.wikipedia.org/wiki/インジウム	:d-1
		融点は156.4 °C

ジメチルエーテル
	https://ja.wikipedia.org/wiki/ジメチルエーテル	:d-2
		結合強度が弱い


###2021年4月12日15:46:07

*>> search : Kohlendioxid Hydrierung
*>> search : Гидрирование углекислого газа


###2021年4月28日16:27:47
>>
	search :
		TPOT open-source
	
	read	::[16:54:16
	
		Selective Alkene Production by the Hydrogenation 

	 of Carbon Dioxide over Fe-Cu Catalyst <https://core.ac.uk/download/pdf/82012210.pdf>

###2021年5月2日14:25:52

>>1
	sheet : sheets.[s-60~].ods / tab : 1

###




@@@
###





###





###
taskkill /f /im javaw.exe
taskkill /f /im opera.exe


(a|b|c)([A-Z])	 $2
Tomoyuki Inui, Kazuichi Kitagawa, Tatsuya Takeguchi, Takashi Hagiwara, Yoshinori Makino


2021年3月25日17:05:11
81.6.40.182

#.7 Zum besseren Verständnis der Phasen- und Dichtezustände des CO2-H2-Systems und den zusätzlichen

using scaling relations machine learning and DFT calculations

###2021年4月19日16:39:53
>>steps
		german texts
	1. sakura
		1. C - a / -v [C/P --> to sakura file]
		2. C - r / M - ↓ [choose "\r\n"] / M - a / Esc x 2 [close window]
		3. C -a / - c / Tab [move to browser]
	2. browser
		1. C - a/ - v / - Home [paste to trans site, move to the top of the text]
	
###2021年5月1日13:52:17

regex ---> for german texts
# 1) non-sentence-end return --> remove
([^\.])\r\n	$1 

#=> deprecated(2021年5月6日14:47:44) : \r\n	 

# 2) in-paragraph sentence-end --> add a new return
([a-z])\. 	$1.\r\n\r\n

regex ---> for general texts

# 1) remove : non-period return
([^\.])$\r\n	$1 

# 2) add : return chars
\.$	.\r\n\r\n
$\r\n	\r\n\r\n

# 3) add : in-sentence period --> return chars
\. 	.\r\n\r\n

[2] steps : key operations
1) sakura
	C - Home > -r [open dialog]
	M - ↓ > ↑↓:"([^\.])$\r\n" > Tab [choose regex, move to the box below
	M - ↓ > ↑↓:"$1 " > M - a [choose the replacements, replace]
	Esc [close : message dialog]
	S - Tab [go back to the upper box
	M - ↓ > ↑↓:"\.$" > Tab [choose regex, move to the box below
	M - ↓ > ↑↓:".\r\n\r\n" > M - a [choose the replacements, replace]
	S - Tab [go back to the upper box
	M - ↓ > ↑↓:"\. " > M - a [choose regex, replace	Esc x 2 [close dialogues


regex backward
http://www.rexegg.com/regex-disambiguation.html#lookarounds

regex : reduce double empty lines into one
\r\n	@@@@
@+	\r\n\r\n

###2021年5月6日10:22:48

regex ---> for chinese texts

1) remove : non-sentence-end return chars
([^。,])$\r\n	$1

2) remove : space char
 	
####2021年5月7日15:56:19
regex ---> for spanish texts (with trans)

#DEPRECATED 1) trans-word-carrying-orig-words(m1) --> to a new line
[a-zA-Z]+? ([a-zA-Z]+?\[[a-zA-Z\-]*)	\r\n$1

#DEPRECATED 2) delete "["-less lines
^.*[^\[].*\r\n

3) remove chars between two m1's
([úa-zA-Z\-]*\[[a-zA-Z\-]*)	\r\n$1\r\n

[úa-zA-Z\-]*\[	==> detected
[úa-zA-Z\-]*\[[a-zA-Z\-]*	==> YES
([úa-zA-Z\-]*\[[a-zA-Z\-]*).+? ==> up to the next space char
([úa-zA-Z\-]*\[[a-zA-Z\-]*).+ ==> upto : line end
([úa-zA-Z\-]*\[[a-zA-Z\-]*).+?[a-zA-Z\-]*\[ ==> m1:orig-word-part included
([úa-zA-Z\-]*\[[a-zA-Z\-]*).+? [a-zA-Z\-]*\[ ==> multiple m1's selected
([úa-zA-Z\-]*\[[a-zA-Z\-]*).+? [a-zA-Z\-]*?\[ ==> same
 [úa-zA-Z\-]*  ==> (no "[" char) : e.g. "valor de" --> only "valor" selected
/ [úa-zA-Z\-]*? / : (no "[" char; longer) ==> same
/ [úa-zA-Z\- ]*? / : (no "[" char; longer; add " " char) ==> same
/ [úa-zA-Z\- ]*?/ : (no "[" char; longer; add " " char; " " char at the beginning) ==> 

4) remove non-m1 lines
#--> this
#ref https://stackoverflow.com/questions/4105956/regex-does-not-contain-certain-characters
^[^\[]+$	

4.1) empty lines --> remove
\r\n	@@@@
@+	\r\n

5) return chars --> to ","
(\[.*)\r\n	$1,

([úa-zA-Z\-]*\[[a-zA-Z\-]*).+?([a-zA-Z\-]*\[[a-zA-Z\-]*)


###2021年5月5日11:58:07
taskkill /f /im opera.exe

###2021年5月5日15:25:24
steps---------------------
	1) C/P
		from : orig text from orig page
		to : sakura file (m1)
	2) remove
		non-sentence-end return chars (m1')
	3) m1' ==> C/P
		1) sakura "dat" file
		2) web trans page
	comp.

	::]15:28:10

###2021年5月6日10:55:26
--------------------- steps
read : chinese texts

1) read : original
2) pinyin 
	--> see trans page
	--> add pinyin ~~> sakura text

###15:18:09
--------------------- steps : korean texts
[1] regex : korean texts

# 1) non-sentence-end return --> remove
([^\.])\r\n	$1 

# 2) in-paragraph sentence-end --> add a new return
([^0-9])\. 	$1.\r\n\r\n

[2] prosssing : read
1) copy --> orig texts (m1)
1.1) paste --> structure file (sakura); topical words
2) paste --> sakura file (m2)
3) regex (m2')
4) c/p
	from : sakura (m2')
	to : web trans page (m3)



