###
:110

	srch
		*にや 古文
		*上京区真盛町
		雑俳
			図書館　=>　雑俳



###2021年4月30日0:11:14
	
	srch
		*馬が太鼓打つ
		*立役 芝居
		*実事 荒事

:112
	srch
		味噌部屋
			https://kotobank.jp/word/味噌部屋-391137
		
###2021年4月30日15:42:41

:112
	srch
		*チャウル インド
		黒小袖 上下
		*チャウル 布
		*茶宇縞
		五所紋
		
		端ぢかい
			https://dictionary.goo.ne.jp/word/端近い/
			階隠し（はしかくし）
				http://masuda.blog.jp/archives/3397963.html
		舞留 たばこ
			https://blog.goo.ne.jp/kouglot2175/e/b23ee4478bb5eede34f5bb68319ecc6c
			
:114
	srch
		切落し 芝居
			https://kotobank.jp/word/切落し-53584
		*内笑む
		漢字 心 造
			https://ja.wiktionary.org/wiki/慥#日本語
		柊

:116		
	srch
		素紙子 服


###2021年5月1日17:20:02
:117

	srch
		大経師
		


@@@
###




