###2021年7月24日17:04:16
	
	.358
	右馬頭
		https://ja.wikipedia.org/wiki/馬寮#鎌倉時代・室町時代
	墨引き 手紙
		related
			https://raisoku.com/6599
	追而書
	思食 意味
	弥以 意味
		https://furigana.info/w/弥以
	別而 意味
	縦又 意味
	弘治

###2021年7月25日11:41:55
@@@

	.359
	妙玖 みょうきゅう https://ja.wikipedia.org/wiki/妙玖



###





###





###2021年6月13日10:57:22

url=http://benfranklin.chips.jp/cake_apps/Cake_IFM11/images/index_2?filter_memo=jve+64+120&sort=file_name&direction=desc&RBs_AND_OR_Memo=AND

###2021年7月25日11:35:01

set folder_2=C:\WORKS_2\WS\WS_Cake_IFM11\photo-books\111_ujishuui\ujishuui_1_

ref C:\WORKS_2\shortcuts_docs\start_log_JVE_64.[111_ujishuui].bat

###2021年7月25日11:40:26
============================= browser

pushd C:\WORKS_2\Programs\opera

set url_1="http://benfranklin.chips.jp/cake_apps/Cake_IFM11/images/index_2?filter_memo=jve+64+111&sort=file_name&direction=desc&RBs_AND_OR_Memo=AND"

echo opening browser... : %url_1%

launcher.exe %url_1%


