2021年2月10日16:28:21
全孝図
虞淳熙
書経 泰誓上
孝経 諍争
https://kanbun.info/keibu/kokyo15.html
https://ats5396.xsrv.jp/6060/
漢字 昧
https://tw.18dao.net/漢語詞典/昧
不昧 意味
https://dictionary.goo.ne.jp/word/不昧/
三昧 意味
三昧 什么意思
論語 顔淵 非礼


###2021年2月11日14:45:17
孟子 万章下
	https://kanbun.info/koji/dokushosho.html	読書尚友
	http://sorai.s502.xrea.com/website/mencius/mencius10-02.html	萬章章句下
	https://ja.wikisource.org/wiki/孟子/萬章下
	
翁 媼

開宗明義章
	https://kanbun.info/keibu/kokyo01.html	〔開宗明義章第一〕（古文）
	http://sorai.s502.xrea.com/website/xunzi/勧学篇第一/kangaku01/	『荀子』全文の読み下し文・現代語訳のサイトです。

ctext 詩経

::]16:00:52

###2021年2月15日15:18:14
礼記 楽記
礼記 礼楽刑政
ctext 楽記
	https://ctext.org/liji/yue-ji/zh
淳 意味
次第 意味
	https://dictionary.goo.ne.jp/word/次第/	:d-1
書経 舜典
ctext 書経
	https://ctext.org/shang-shu/canon-of-shun/zh

###


###


###


###


