###2021年3月25日14:25:05
FOL logic

srch	satisfaibility logic

###2021年3月26日16:59:10


###2021年3月27日12:34:38
glut logic
	https://duckduckgo.com/?q=glut+logic&t=opera&ia=web&iai=r1-7&page=1&sexp=%7B"biaexp"%3A"b"%2C"msvrtexp"%3A"b"%7D

###2021年4月10日15:55:29
protege
	
	new project : proj-1
	description	: just playing

	n: https://protege.stanford.edu/support.php
	
	::]15:57:32

correspondence theory
semantic representation
knoledge representation


###2021年4月12日17:06:33
>> search : knoledge base trigger


###2021年4月14日17:28:55

###2021年4月17日11:55:10

https://sourceforge.net/directory/?q=theorem+prover+

https://coq.inria.fr



###2021年4月18日14:05:07
::7JEH

*>> search : cygwin windows install
	
	https://3g2upl4pq6kufc4m.onion/?q=cygwin+windows+install&ia=web

	*https://www.cygwin.com/install.html
		
		*dl
		*run
			::[14:09:22
			root dir --> C:\cygwin64
			local package dir --> C:\WORKS_2\Programs\cygwin\packages
			download site --> ftp.vz.yamagata-u.ac.jp
			select packages --> none
			confirm --> ok	::]14:34:34
			create icons --> yes ::]14:37:49
			run --> ok	::]14:39:51
			
		*seg:	::[14:09:09
			sig file verify windows
			how to use sig file windows
			https://superuser.com/questions/1268544/how-to-verify-a-download-file-using-a-sig-file-and-public-key-in-windows-10
			
			https://www.gpg4win.org/download.html
			
			==>DROP : needs donation money
			
			::]14:24:52


###




@@@
###





###





###





###





