###2021年4月11日11:42:43




@@@
###2021年6月3日19:25:01

#process texts : korean
start C:\WORKS_2\WS\WS_Others.JVEMV6\JVEMV6\70_co2\start_process-texts-for-reading_korean.bat

C:\WORKS_2\WS\WS_Others.JVEMV6\JVEMV6\70_co2

"C:\WORKS_2\WS\WS_Others.JVEMV6\JVEMV6\70_co2\start_[process-texts-for-reading_korean].bat"

#process texts : chinese
start C:\WORKS_2\WS\WS_Others.JVEMV6\JVEMV6\70_co2\start_process-texts-for-reading_chinese.bat

"C:\WORKS_2\WS\WS_Others.JVEMV6\JVEMV6\70_co2\start_[process-texts-for-reading_chinese].bat"

###2021年6月7日8:57:37

#trans : korean, english
start C:\WORKS_2\WS\WS_Others.JVEMV6\JVEMV6\70_co2\start-trans-process.bat

#trans : chinese
start C:\WORKS_2\WS\WS_Others.JVEMV6\JVEMV6\70_co2\start-trans-process_chinese.bat

================== labels : directives for map

###2021年6月8日9:56:28

<= know-this
<= lets-read

related

memos
	1. quoting


###
taskkill /f /im javaw.exe
taskkill /f /im opera.exe


(a|b|c)([A-Z])	 $2
Tomoyuki Inui, Kazuichi Kitagawa, Tatsuya Takeguchi, Takashi Hagiwara, Yoshinori Makino

