###2021年12月12日8:56:12
	
	>> JVE_59_medical
	
	*s: 中国草本学		]9:44:06
	https://duckduckgo.com/?t=ffsb&q=中国草本学&ia=webhttps://kotobank.jp/dictionary/nipponica/1361/
		https://kotobank.jp/word/本草学-632284
			> 日本大百科全書(ニッポニカ)
			ほんぞうがく
			異物同名品
			本草考察
			正品	/w
				s: 基源 意味
			本草書
			医方書 /w
				s: 医方書 意味
				https://duckduckgo.com/?q=医方書+意味&t=ffsb&ia=web
				第 5章　医方書・本草書における地衣 https://square.umin.ac.jp/mayanagi/students/kubo/chap5.html
			版本によってかなり内容を異にする
				*https://kotobank.jp/word/古医方-493679
			s: 校定本 意味
				https://kotobank.jp/word/校定-496682
					他の伝本・資料と比較
					本来あるべき形を特定する
				
				https://dictionary.goo.ne.jp/word/校本/
					こう‐ほん〔カウ‐〕
					異本を校合 (きょうごう)
					本文の異同を示した本
					
	n: https://kotobank.jp/word/本草-135115

###2021年12月12日9:57:46

	>> JVE_59_medical
		
		https://ja.wikipedia.org/wiki/赭鞭会
		
		https://ja.wikipedia.org/wiki/イチョウ#イチョウ葉の薬理効果
			主要なフラボノイド
				ビフラボン
				フラボノール
					フラボノール配糖体
				フラボン
			テルペノイド
				ギンコライド
				ビロバライド
			アルキルフェノール類
				ギンコール酸
					ヒトの癌細胞に対する増殖抑制作用
			生理作用
				抗/酸化
				血液凝固 / 抑制
				神経 / 保護
				抗/炎症
				
				血液/循環 / 改善
				血圧/上昇 / 抑制
				血糖/上昇 / 抑制
				
				フラボノイド類
 					活性酸素やフリーラジカル / 消去作用
						脂質 / 過酸化
						血小板 / 凝集
						炎症/反応
					血小板/凝集 / 阻害効果
					炎症細胞からの活性酸素/産生 / 抑制
		n:
			1. 상기 각 것. 예로, 플라보노이드. 그들에 대해 조사 하자.

###2021年12月12日14:04:52

	>> JVE_59_medical
		
		*https://duckduckgo.com/?q=応急手当+喉+切り傷+site:hoken.hsc.ehime-u.ac.jp&ia=web
		
			https://hoken.hsc.ehime-u.ac.jp/info/page88.html
				手のひらで圧迫
				輪ゴムで縛ると、循環障害を起こすのでよくない
				ラップを
					傷口より大きめに切り、
					白色ワセリンを塗り、
					傷に当て
					テープで密封
			
		https://duckduckgo.com/?q=応急手当+刃物傷&ia=web		[14:07:40
			
			*https://medical-engine.com/syouzyou/knife-finger/ 包丁で指を切ったときの応急処置とその後の処置や注意点
			
				水で洗い流し
				消毒で
					一部の菌などは殺菌[...]
					かえって傷のついた組織の毒性を高めて
					治癒を長引かせ
				心臓より高い位置
				白色ワセリンなどを
					塗り、
					ラップでくるんで
				ビタミンC誘導体
					繊維芽細胞の働き / 高め
					色素沈着 / 抑えて
				市販のクリーム
					多くには界面活性剤
					細胞障害性
			
			*https://www.ishamachi.com/?p=6858 傷が治るメカニズム		[14:14:03
					]14:20:55
				血小板
					サイトカイン / 分泌
				サイトカインが、
					血管から
					[...]貪食細胞を含んだ
					滲出液 / 分泌させ
				マクロファージ
					からの細胞成長因子（Growth factor）
					線維芽細胞/表皮細胞などの組織細胞 / 増殖
				止血する
					直接圧迫
					挙上
				消毒薬
					使う必要はありません
					傷ついた組織に対しても / 毒性
				湿潤療法 / 主流
			
			https://detail.chiebukuro.yahoo.co.jp/qa/question_detail/q1017047825
				サバイバルナイフ等の刃物で刺された時、どうやって止血
			
			https://oshiete.goo.ne.jp/qa/3734776.html
			
			
		n: any
		
		]14:21:30

###2021年12月14日15:42:15
	
	>> JVE_37-17_natural-history

	https://ja.wikipedia.org/wiki/歴史哲学
		
		#1
		/歴史には過去の
			事実
			叙述
		事実
			認知 / されない事実、及び、
			誤って / 認知される / 過去の事実
		
		/歴史の叙述
			史料類の[...]
				解釈と
				抽出、そして、
				分析と
				総合を
		#.1  しかし、この過程において
			/何を / 価値基準と / 設定するのか
			/価値基準
				どのような
				妥当性
	
	*https://zh.wikipedia.org/zh-cn/历史哲学
		
		#1
			/历史
				模式
				意义、
			/历史学的
				性质
				方法
			/历史写作的
				结构
				规律
		 .2
		 	/分为三类
		 		思辨的历史哲学（spaculative philosophy of history）
		 		分析的历史哲学（或称批判的历史哲学，critical philosophy of history）
		 		叙事的历史哲学（narritive philosophy of history）
		related
			李幼蒸：简述历史哲学和历史理论的区别 https://www.aisixiang.com/data/21992.html
				<= want-to-read
			人民史观 https://zh.wikipedia.org/zh-cn/人民史观
				<= lets-read
	
	https://ar.wikipedia.org/wiki/صيرورة	##d:20211214_162240
	
		صيرورة[s^ayruwra:becomeing 
		الصيرورة هو[huwa:it مفهوم[mafhuwm:concept فلسفي[filasafiyyu يتعلق[yataAAlaq:related  في علم[AAlam:knowledge الفلسفة[filasafiy بالمفاهيم[bi-l-mafaahiym:with-concepts الوجودية[al-wudhuwdiy،
	
	n:
		##d:20211214_162240 --> cont.

]16:22:59


###2021年12月17日17:59:17

	>> JVE_59_medical

		https://duckduckgo.com/?q=傷寒論&ia=web
###2021年12月18日11:09:12

	>> JVE_59_medical : 9.2_頭部
		
		s: 頭皮 血管
		https://duckduckgo.com/?q=頭骨+血管&ia=web
		s: 頭蓋骨　血管
		s: 頭蓋底
			頭蓋底 https://ja.ncmhcso.org/schaedelbasis-3725
				頭蓋骨 / 下部
				12の入り口
				内側と外側
					内側 / 3つの頭蓋骨ピット
			
			https://note.com/anatomic_study/n/nbebf55d3597b
				<= good
		
		n: any
	
	]11:32:15
	

###2021年12月19日1:08:47
	
	>> JVE_59_medical : 11. 漢方

	
		https://duckduckgo.com/?q=漢方+鉱物&ia=web
		
		
@@@



###






###






###






###






###






XXX
: git
===============================

###2021年12月12日9:42:09
=============================== projects

JVE_59_medical	C:\WORKS_2\shortcuts_docs\log_sesion_JVE_59_medical.log


###2021年12月12日9:09:40
=============================== comments

<= know-this
<= lets-read
<= want-to-read
<= lets-read-again
<= lets-read-links
<= lets-read-after-this

<= this

<= also-good
<= good
<= 証明あり

<= ok

<= not-understood



--------------------------------------


-------------------------------------- DOCS (Materials)
------------------------------- TOPICS

-------------------------------------- SYMBOLS
#	complete
*	started reading
:w	keywords
:?	want to know
:m	memos
:#1	bookmark
:ref	refered document

-------------------------------------- resources


###2021年11月19日15:44:13
========================== folder

C:\WORKS_2\WS\WS_Cake_IFM11\photo-books

====== 2021年11月23日1:10:23
C:\WORKS_2\WS\WS_Others.JVEMV6\JVEMV6\64_read

=================== file : list-of-books.txt

C:\WORKS_2\WS\WS_Cake_IFM11\photo-books\list-of-books.txt

###2021年11月30日16:43:22
=================== file : batch file


C:\WORKS_2\shortcuts_docs\start_log_JVE_64_ALL.bat

###2021年12月14日15:44:19
=================== file : log file
C:\WORKS_2\shortcuts_docs\log_JVE_37-17_natural-history.log

###2021年11月9日0:35:58
========================== url : cake
http://benfranklin.chips.jp/cake_apps/Cake_IFM11/images/index_2?filter_memo=JVE+64%23&sort=file_name&direction=desc&RBs_AND_OR_Memo=AND

###2021年11月29日18:01:06

lib

190001550002
makemeaning



###2021年11月5日0:36:08
========================== closing : git

--------------------------
C:\WORKS_2\start_a.bat


set stringof_session_id="natural-history (ns)"

set stringof_session_id="medical"


set stringof_session_id="JVE_37-17_natural-history"

set stringof_session_id="JVE_59_medical : 9.2_頭部"

set stringof_project_id="JVE_READ_ALL : %stringof_session_id:"=%" 

C:\WORKS_2\a && pushd C:\WORKS_2\shortcuts_docs && g a . && g c -m %stringof_project_id% && e && p && C:\WORKS_2\Utils\commands\push_fm.bat



rem C:\WORKS_2\a && pushd C:\WORKS_2\shortcuts_docs && g a . && g c -m %stringof_project_id% && e && p && C:\WORKS_2\Utils\commands\push_fm.bat && exit


###2021年11月10日1:25:08
========================== closing : apps

C:\WORKS_2\shortcuts_docs\end_log_JVE_close-sakura_close-freemind.bat

