###2021年4月25日13:18:51




@@@
###2021年4月30日23:58:10
s-4 / g-4

>>1 read

	*s-4.d-1 / 
	s-4.d-2 / 용담유사 https://ko.wikipedia.org/wiki/용담유사
#1
	words
		한글 가사체
			docs
				가사_(문학) https://ko.wikipedia.org/wiki/가사_(문학)
srch
	q=용담유사 https://3g2upl4pq6kufc4m.onion/?q=용담유사&ia=web
		docs
			encykorea.aks.ac.kr http://encykorea.aks.ac.kr/Contents/Item/E0039428
			교훈가(敎訓歌)  http://davincimap.co.kr/davBase/Source/davSource.jsp?Job=Body&SourID=SOUR001248&Lang=%ED%95%9C%EA%B8%80&Page=1
srch
	용담유사 해설
		docs
			https://hohoboy0.tistory.com/15
			https://blog.daum.net/paulilhchoi/2712
fur
	全琫準 https://ja.wikipedia.org/wiki/全琫準
	동학학회 http://www.donghaks.org/html/sub1_01.html
	천도교중앙총부 http://m.chondogyo.or.kr/niabbs4m/index.php
	천도교 https://ko.wikipedia.org/wiki/천도교
	


	s-4.d-3 / 용담유사 https://namu.wiki/w/용담유사
	

###





###
taskkill /f /im javaw.exe
taskkill /f /im opera.exe


(a|b|c)([A-Z])	 $2
Tomoyuki Inui, Kazuichi Kitagawa, Tatsuya Takeguchi, Takashi Hagiwara, Yoshinori Makino


2021年3月25日17:05:11
81.6.40.182

#.7 Zum besseren Verständnis der Phasen- und Dichtezustände des CO2-H2-Systems und den zusätzlichen

using scaling relations machine learning and DFT calculations

###2021年4月19日16:39:53
>>steps
		german texts
	1. sakura
		1. C - a / -v [C/P --> to sakura file]
		2. C - r / M - ↓ [choose "\r\n"] / M - a / Esc x 2 [close window]
		3. C -a / - c / Tab [move to browser]
	2. browser
		1. C - a/ - v / - Home [paste to trans site, move to the top of the text]
	
