###2021年4月25日13:18:51





###2021年4月30日23:58:10
s-4 / g-4

>>1 read

	*s-4.d-1 / 
	s-4.d-2 / 용담유사 https://ko.wikipedia.org/wiki/용담유사
#1
	words
		한글 가사체
			docs
				가사_(문학) https://ko.wikipedia.org/wiki/가사_(문학)
srch
	q=용담유사 https://3g2upl4pq6kufc4m.onion/?q=용담유사&ia=web
		docs
			encykorea.aks.ac.kr http://encykorea.aks.ac.kr/Contents/Item/E0039428
			교훈가(敎訓歌)  http://davincimap.co.kr/davBase/Source/davSource.jsp?Job=Body&SourID=SOUR001248&Lang=%ED%95%9C%EA%B8%80&Page=1
srch
	용담유사 해설
		docs
			https://hohoboy0.tistory.com/15
			https://blog.daum.net/paulilhchoi/2712
fur
	全琫準 https://ja.wikipedia.org/wiki/全琫準
	동학학회 http://www.donghaks.org/html/sub1_01.html
	천도교중앙총부 http://m.chondogyo.or.kr/niabbs4m/index.php
	천도교 https://ko.wikipedia.org/wiki/천도교
	


+	s-4.d-3 / 용담유사 https://namu.wiki/w/용담유사
	

###2021年5月9日10:40:11
s-15 / g-4

>>1

	全琫準 <https://ja.wikipedia.org/wiki/全琫準>


###2021年5月31日1:01:58
https://blackagendareport.com/against-left-wing-white-nationalism
	memos
		Bob Wing https://www.organizingupgrade.com/author/bob/
		Пек,_Рауль https://ru.wikipedia.org/wiki/Пек,_Рауль
		Tyler Stovall https://www.historians.org/about-aha-and-membership/aha-history-and-archives/presidential-addresses/tyler-stovall/tyler-stovall-biography
		Ishmael_Reed https://pl.wikipedia.org/wiki/Ishmael_Reed
			texts
				#1
					trans
						lutego[February,powieściopisarz[novel-writer,pokolenia[generations,obok[next-to,lewicowych[left-wing,Przedstawia[present,świetle[light,prawicę[right-wing,Dorastał[grew-up,Ukończył[completed,przeniósł[move~się,włączył[joined,Wydawał[released,pismo[writing,należał[belong,rozwój[development
	words
		audacity https://www.thefreedictionary.com/audacity
			insolent https://www.thefreedictionary.com/insolent
				impudent https://www.thefreedictionary.com/impudent
			heedlessness https://www.thefreedictionary.com/heedlessness
				heed https://www.thefreedictionary.com/heed

	n: Settler Colonialism and the Construction of Whiteness


###2021年5月31日8:15:52

https://twitter.com/NaamanStavy/status/1392934431606910986?ref_src=twsrc%5Etfw%7Ctwcamp%5Etweetembed%7Ctwterm%5E1392934431606910986%7Ctwgr%5E%7Ctwcon%5Es1_&ref_url=https%3A%2F%2Fwww.mintpressnews.com%2Famerican-money-entwined-with-jewish-terrorism-israel%2F277432%2F
הלינץ׳ בצומת בנימינה אתמול. 
	ha'liynts[lynching/vitsoomet[junction/Biniyamina/etmuul[yesterday
לא ראיתי אותו בפיד שלי עדיין. 
	lo/rayiitii[seen/utu[him/ba'piid[in-feed/shlii[my/adain[still

>>read
https://www.mintpressnews.com/american-money-entwined-with-jewish-terrorism-israel/277432/
next
	IRS charity law states that 


###2021年5月31日23:13:01
>>read
https://www.mintpressnews.com/american-money-entwined-with-jewish-terrorism-israel/277432/

#2 IRS charity law states that 
#3 


###

>> read

https://pl.sputniknews.com/pisza-dla-nas/2020111213359696-rzad-sie-rozjedzie-a-narod-jak-zwykle-z-reka-w-nocniku-sputnik/

#1
	trans
		Rząd[government,rozjedzie[spread~sie,,naród[nation,powiedział[said,postacie[figures,powtarzają[repeat~sie,dwukrotnie[twice,uzupełnił[supplemented,Uczestniczymy[participate,najgorsze[worst,czujemy[feel~sie,Zdaje[seem~sie,państwowości[statehood,większości[most,społecznie[socially,akceptowalny[acceptable,pobłażaniem[indulgence,podziwem[admiration,przyglądamy[look~s,wynosimy[we-are
#2 Zgodnie z zasadą K.I.

@@@
###2021年6月16日21:30:26

>> read

https://russian.rt.com/opinion/blog/andrei-babickii
	
	#1
		trans
			Де'ньги[money,впусту'ю[wasted,обо'йме[cage,разворо'вываться[plunder,пу'ти[way,адреса'ту[address
	#.1 Кстати, американцы 
	
###2021年6月17日15:35:55

	https://felesteen.ps/post/72549/إصابة-جندي-بالرأس-طفل-يدوخ-جنود-الاحتلال-في-الخليل
	
	search
		regex arabic characters
		





###





###
taskkill /f /im javaw.exe
taskkill /f /im opera.exe


(a|b|c)([A-Z])	 $2
Tomoyuki Inui, Kazuichi Kitagawa, Tatsuya Takeguchi, Takashi Hagiwara, Yoshinori Makino


2021年3月25日17:05:11
81.6.40.182

#.7 Zum besseren Verständnis der Phasen- und Dichtezustände des CO2-H2-Systems und den zusätzlichen

using scaling relations machine learning and DFT calculations

###2021年4月19日16:39:53
>>steps
		german texts
	1. sakura
		1. C - a / -v [C/P --> to sakura file]
		2. C - r / M - ↓ [choose "\r\n"] / M - a / Esc x 2 [close window]
		3. C -a / - c / Tab [move to browser]
	2. browser
		1. C - a/ - v / - Home [paste to trans site, move to the top of the text]
	
###2021年5月28日16:01:36

steps : read
	1. "....[trans-sentences].dat" (f1)
		==> open
	2. web page
		1. select --> texts (m1)
		2. C - c	[copy
		3. Tab x N	[move to --> f1
	3. f1
		1. C - a > - v > - s	[paste, save
		2. Tab x N	[move to --> console
	4. console
		1. paste
		C:\WORKS_2\WS\WS_Others.JVEMV6\JVEMV6\70_co2\start_process-texts-for-reading_korean.bat
		
start C:\WORKS_2\WS\WS_Others.JVEMV6\JVEMV6\70_co2\start-trans-process.bat
	5. gen-ed file (f2)
		1. C - a > - c > M - Space - c	[copy, close
		2. Tab x N	[back to --> f1
	6. f1
		1. C - a > - v > - s (f1')	[paste, save
	7. web : trans page --> paste
	8. f1' --> read

###2021年5月29日13:06:18

#trans
start C:\WORKS_2\WS\WS_Others.JVEMV6\JVEMV6\70_co2\start-trans-process.bat

#trans : chinese
start C:\WORKS_2\WS\WS_Others.JVEMV6\JVEMV6\70_co2\start-trans-process_chinese.bat

//sakura C:\WORKS_2\WS\WS_Others.JVEMV6\JVEMV6\70_co2\start-trans-process.bat

//sakura C:\WORKS_2\WS\Eclipse_Luna\Cake_IFM11\app\Lib\others\jve_70-CO2_68_trans-string\process-trans-sentences.php

###process : spanish texts

start C:\WORKS_2\WS\WS_Others.JVEMV6\JVEMV6\70_co2\start_process-texts-for-reading_korean.bat

rem //start "C:\WORKS_2\WS\WS_Others.JVEMV6\JVEMV6\70_co2\start_[process-texts-for-reading_korean].bat"

#process texts : chinese
start C:\WORKS_2\WS\WS_Others.JVEMV6\JVEMV6\70_co2\start_process-texts-for-reading_chinese.bat


