###2021年5月17日0:04:14
20210517_000515
	1
		ニンニク、生姜、ディル = 2:2:3
		맛
  			마늘의 냄새, 얇다 / 딜의 나무잎 무거운 냄새도 얇다
  			진 토닉과 같은 맛. / 상쾌한 맛. 세련된 맛.
  			smaczny
  	2
  		ディル、オオバ(BD) = 2:1
  		맛
  			smaczny
  	3
  		チャービル、オオバ = 2:1
		맛
			처빌. 소엽이 들어있는 건 느끼지 않는다. / 단지, 처빌 만 있는 때의 엽 냄새는 거의 없다.
	4
		CD = 1:2

###2021年5月18日0:22:54

1
	EFB-2:2:3
	맛
		먼저 딜와 생강만 컵에 넣었다. --> 

2
	BD-1:2
	맛
		처빌 있을까? 딜의 맛은 거의 없다. 모르겠다.
		어떤 종류의 매운 맛이 있다. / 고추를 입에 넣었던 때 처럼, 입 속이 저리는 감각이 퍼진다. / 다만, 뜨겁게는 안된다. 뜨겁게 되었던 때의 저림이 퍼질 뿐.

3
	AC-1:2 (szałwia i ooba)
	smak
		szałwia. smak oobu, to prawie nie ma.

4
	AD-1:2 (szałwia i trybula ogrodowa)
	smak
		szałwia. słabo, smak trybuli ogrodowej.

5
	BC-1:2 (trybula ogrodowa i ooba)
	smak
		gorycz trybuli. świeżość pachnotki.
	::]1:18:44


@@@
###





###



================ TEMPLATE : 2021年5月17日0:04:46
4
	XXX
	XXX、XXX = XX:XX
	맛
		XXX

###2021年5月18日0:11:50

C:\WORKS_2\WS\WS_Others.JVEMV6\JVEMV6\37_miscs\26_non-numbered\1MPF.ods

taskkill /f /im opera.exe
