###2021年6月23日15:40:56

>>
	.15
		神魯企 カムロギ
		神魯美 カムロミ
		search
			https://3g2upl4pq6kufc4m.onion/?q=神魯企の命&ia=web
			docs
				https://www.tokiwadai-tenso.com/blank-2?lightbox=dataItem-jgxduoym
		詔事 ノリトゴト
			search : 詔事 意味
			https://www.weblio.jp/content/詔
		皇国 ミクニ
		言痛く コチタク
		論ひ アゲツラヒ
		説諭し トキサトシ
		上代 カミツヨ
		説 コト
		言美き コトヨキ
		w:ひたぶるに
			https://dictionary.goo.ne.jp/word/頓_(ひたぶる)/
		御典 ミフミ
		説く トク
		w:まつはれて
			https://kobun.weblio.jp/content/まつはる
		委曲 ツバラ
	.16
		おぢなし
			https://kobun.weblio.jp/content/をぢなし
		w:妄 訓読み
			ミダリ
			https://dictionary.goo.ne.jp/word/kanji/妄/
		書 フミ

###
@@@




###





###





###





###2021年6月13日10:57:22

url=http://benfranklin.chips.jp/cake_apps/Cake_IFM11/images/index_2?filter_memo=jve+64+111&sort=file_name&direction=desc&RBs_AND_OR_Memo=AND


###2021年6月15日16:51:27

#trans : korean, english
start C:\WORKS_2\WS\WS_Others.JVEMV6\JVEMV6\70_co2\start-trans-process.bat

#trans : chinese
start C:\WORKS_2\WS\WS_Others.JVEMV6\JVEMV6\70_co2\start-trans-process_chinese.bat

2021年5月18日12:42:47
#process texts : korean

start C:\WORKS_2\WS\WS_Others.JVEMV6\JVEMV6\70_co2\start_process-texts-for-reading_korean.bat

C:\WORKS_2\WS\WS_Others.JVEMV6\JVEMV6\70_co2

"C:\WORKS_2\WS\WS_Others.JVEMV6\JVEMV6\70_co2\start_[process-texts-for-reading_korean].bat"

#process texts : chinese
C:\WORKS_2\WS\WS_Others.JVEMV6\JVEMV6\70_co2\start_process-texts-for-reading_chinese.bat

"C:\WORKS_2\WS\WS_Others.JVEMV6\JVEMV6\70_co2\start_[process-texts-for-reading_chinese].bat"

