###2021年11月16日11:00:32

>>s-13:g-12:1

	>>
	https://duckduckgo.com/?q=コルチノイド&ia=web
	
	https://ja.wikipedia.org/wiki/ストレス_(生体)	:d-1
		#1
		#2
			words
				コルチゾール
	
	memo+
	
	n: any

]11:15:18

###2021年11月23日9:17:32

(sp)

	>> https://es.wikipedia.org/wiki/Estrés
		#d:20211128_084918
	
		C:\WORKS_2\WS\WS_Others.JVEMV6\JVEMV6\70_co2\texts-for-reading\out.20211123_091912_120089.txt
		
		n: "De acuerdo con "
		
		[2021年11月23日16:29:14
		
			distrés
			eustrés
		
			*C:\WORKS_2\WS\WS_Others.JVEMV6\JVEMV6\70_co2\texts-for-reading\out.20211123_163558_062788.txt
			
			
			*C:\WORKS_2\WS\WS_Others.JVEMV6\JVEMV6\70_co2\texts-for-reading\out.20211123_164406_860656.txt
			
			n: txt : "Selye, que fue fisiólogo, se convirtió"
			
			]16:50:35
			

]9:53:08

###2021年11月28日8:48:48

	>> ->#d:20211128_084918
	
		C:\WORKS_2\WS\WS_Others.JVEMV6\JVEMV6\70_co2\texts-for-reading\out.20211128_092016_010611.txt	*
		
		n: https://es.wikipedia.org/wiki/Estrés#Fisiopatología
		

###

@@@


###




###




###





------------------------------------------ DOCS (Materials)


-------------------------------------- TOPICS

-------------------------------------- SYMBOLS	20200327_163426
#	complete	
*	started reading
:w	keywords
:?	want to know
:m	memos
:#1	bookmark
:ref	refered document


===================================== SEARCHES


===================================== resource

###2021年11月23日16:32:44
===================================== resource : dat file, read.log

C:\WORKS_2\shortcuts_docs\log-session_JVE_70-CO2_trans-sentences.dat

C:\WORKS_2\shortcuts_docs\log-session_JVE_72-read.log


###2021年5月29日13:06:18

rem #trans : korean, a.o.
start C:\WORKS_2\WS\WS_Others.JVEMV6\JVEMV6\70_co2\start-trans-process.bat

#trans : chinese
start C:\WORKS_2\WS\WS_Others.JVEMV6\JVEMV6\70_co2\start-trans-process_chinese.bat

#trans : arabic
start C:\WORKS_2\WS\WS_Others.JVEMV6\JVEMV6\70_co2\start-trans-process_arabic.bat

//sakura C:\WORKS_2\WS\WS_Others.JVEMV6\JVEMV6\70_co2\start-trans-process.bat

//sakura C:\WORKS_2\WS\Eclipse_Luna\Cake_IFM11\app\Lib\others\jve_70-CO2_68_trans-string\process-trans-sentences.php

###process : spanish texts
start C:\WORKS_2\WS\WS_Others.JVEMV6\JVEMV6\70_co2\start_process-texts-for-reading_korean.bat

---- 2021年11月15日13:18:07
([^\.])$	$1.

rem //start "C:\WORKS_2\WS\WS_Others.JVEMV6\JVEMV6\70_co2\start_[process-texts-for-reading_korean].bat"

#process texts : chinese
start C:\WORKS_2\WS\WS_Others.JVEMV6\JVEMV6\70_co2\start_process-texts-for-reading_chinese.bat



###2021年11月28日9:40:59
=================== folder : texts-for-reading

C:\WORKS_2\WS\WS_Others.JVEMV6\JVEMV6\70_co2\texts-for-reading

###2021年11月28日9:45:36
================================ close : git

C:\WORKS_2\start_a.bat

set stringof_specific="(sp) stress"

set stringof_message="(shortcuts) JVE_59_medical : %stringof_specific:"=%"


C:\WORKS_2\a && pushd C:\WORKS_2\shortcuts_docs && g a . && g c -m %stringof_message% && e && p && C:\WORKS_2\Utils\commands\push_fm.bat


###2021年11月16日11:25:01
==================== close : apps

C:\WORKS_2\shortcuts_docs\end_log_JVE_close-sakura_close-freemind.bat

taskkill /f /im javaw.exe && taskkill /f /im sakura.exe

#proc