###2021年11月4日15:08:58
@@@

	.201
	s : 漢字 牛 建
	犍陀羅
	漢字 手偏 鞠
		https://kanji.jitenon.jp/kanjie/2289.html
	
	*少納言 信西
	
	*涙 せきあふ
	
	千種 ちくさ 意味
	籬 まがき 意味
	
	>>
		土壁 崩れ
		https://duckduckgo.com/?q=土壁+崩れ&iar=images&iax=images&ia=images&iai=https://image.space.rakuten.co.jp/lg01/75/0001052375/40/img5593eff6zikazj.jpeg
		
		https://plaza.rakuten.co.jp/skinhead30/diary/201111150000/
		
			img5593eff6zikazj.jpeg
			C:\WORKS_2\WS\WS_Cake_IFM11\photo-books\131_heike_tomikura
		
		https://ja.wikipedia.org/wiki/千草色
			
			16進表記	#92b5a9
		
		img5593eff6zikazj_chigusa-color.png
	
	>>		[15:45:32
		*見えわかず
		来迎 三尊
			https://duckduckgo.com/?q=来迎+三尊&ia=web
			https://blog-imgs-122-origin.fc2.com/d/a/j/dajaro/201809141340171ce.png	:d-1
		
		来迎 五色 糸
			
			http://achikochitazusaete.web.fc2.com/heikemonogatari/kenreimonin/jakoin7.jpg	:d-2
		漢字 鹿 射
			https://kakijun.jp/page/EA6C200.html
		蘭麝 意味 らんじゃ
			https://dictionary.goo.ne.jp/word/蘭麝/
		
		毘耶離
			https://blog.saiho-ji.org/wp/2020/03/27/『維摩経』を読む-③-舞台は美しきヴァイシャー/
			unrelated
				維摩経 http://tubamedou.egoism.jp/Yuima/Yuima01a.htm
		
	.204
	漢字 竹かんむり 生
		笙
		笙磬同音
		https://namu.wiki/w/중국의 전통악기#s-7
		https://duckduckgo.com/?q=악기+훈+중국&iax=images&ia=images
	
	雲井 意味
	


===============================




--------------------------------------


-------------------------------------- DOCS (Materials)
------------------------------- TOPICS

-------------------------------------- SYMBOLS
#	complete
*	started reading
:w	keywords
:?	want to know
:m	memos
:#1	bookmark
:ref	refered document

-------------------------------------- resources
C:\WORKS_2\a && pushd C:\WORKS_2\shortcuts_docs && g a . && g c -m "(log_JVE_64_131_heike_tomikura) periodical updates" && e && p && C:\WORKS_2\Utils\commands\push_fm.bat
