###2021年12月12日11:08:03


###2022年1月13日18:56:16

	>> wydmuchac`
	
	>> kompo : gra	[19:01:14
		
		rec	]19:05:33
	
	>> wy : kan: h-3
		
		]19:05:46
	
	]19:05:48

###2022年1月14日18:56:37

	>> wy : 3	[18:59:57
	
	>> rev		[19:07:53
	
		2022-01-13_19-02-51_000.mp4

	]19:14:26

###2022年1月16日18:55:16


###2022年1月17日18:56:16

	>> wy : transit : 3-1`	[19:02:03
	
	]19:10:47



###2022年1月19日18:49:45

	>> wy : wolno.


###2022年1月20日18:57:16

	

@@@

###




###





###




###





############ RESOURCES 2021年10月28日10:37:42


###2021年9月1日19:01:24
============================== url : main

http://benfranklin.chips.jp/cake_apps/Cake_IFM11/images/index_2?filter_memo=session+flute-bamboo&sort=file_name&direction=desc&RBs_AND_OR_Memo=AND

http://benfranklin.chips.jp/cake_apps/Cake_IFM11/images/index_2?filter_memo=session+flute-bamboo+用意&sort=file_name&direction=desc&RBs_AND_OR_Memo=AND
http://benfranklin.chips.jp/cake_apps/Cake_IFM11/images/index_2?filter_memo=video+flute-bamboo&sort=file_name&direction=desc&RBs_AND_OR_Memo=AND

###2021年10月28日10:37:57
====================== fingering : dai-kan

https://www.onikko-shop.com/blog/blowing-how-shinobue/ "●大甲音（高音）"



###2021年7月7日10:50:31
XXX
====================== closing : git

C:\WORKS_2\start_a.bat

rem set stringof_session_id="reviewing" 
set stringof_session_id="play" 


-------------------------------
C:\WORKS_2\start_a.bat

set stringof_session_id="practice" 

set stringof_project_id="JVE_46_16_flute-bamboo : %stringof_session_id:"=%" 
C:\WORKS_2\shortcuts_docs\end_log_JVE_ALL.[ai].git.bat %stringof_project_id:"=%


###2021年7月7日10:50:35
====================== closing

C:\WORKS_2\shortcuts_docs\end_log_shino.bat


"C:\WORKS_2\shortcuts_docs\end_log_JVE_70.[CO2]_apps.bat"

