###2021年7月6日18:58:14

	2021-06-13_18-38-19_000.mp4

###2021年7月7日18:07:47


each hole

###2021年7月8日0:39:29

	search
		篠笛 神楽
		
###2021年7月10日18:08:27

	1) kaz@dy dz'wie%k

###2021年7月16日18:14:38


	search
	http://benfranklin.chips.jp/cake_apps/Cake_IFM11/images/index_2?filter_memo=video+flute+todays&sort=file_name&direction=desc&RBs_AND_OR_Memo=AND
		
		2021-06-28_19-14-34_000.jpg
		2021-06-16_19-06-12_000.mp4
		2021-06-13_18-38-19_000.mp4
		2021-06-13_18-38-19_000.mp4
		
		

###2021年9月1日9:07:56


	n:
		2021-08-12_18-49-35_000.mp4	kompozycja,kontynuacja
		2021-08-29_18-35-06_000.mp4	kompozycja,kontynuacja
		*2021-08-09_19-01-21_000.mp4	kompozycja,kontynuacja	]2021年9月1日19:00:34
		2021-06-27_18-33-22_000.mp4	tech-practice


###2021年10月4日14:28:34

	
	2021-08-12_18-49-35_000.mp4	kompozycja,kontynuacja
	
		file id = ZMLS

n:
	cont : ZMLS

]14:51:57

###2021年10月5日18:11:11
@@@

###2021年10月26日8:23:57

>>+ n: 2021-10-25_18-58-52_000.mp4	re.

>> re-view
	*2021-08-29_18-35-06_000.mp4	]8:27:41
	2021-08-09_19-01-21_000.mp4

>>+ n: 2021-08-29_18-35-06_000.mp4

>> search : 2021-08-29_18-35-06_000.mp4 ==> masz notatki?
	--> tak
			http://benfranklin.chips.jp/cake_apps/Cake_IFM11/images/index_2?filter_memo=2021-08-29_18-35-06_000&sort=file_name&direction=desc&RBs_AND_OR_Memo=AND
			
			2021-08-31_19-02-56_000.mid
			==> file-string-id=R8AF

>>+ n: 2021-08-31_19-02-56_000.mid
	==> memo-write-out

n:	">>+"

]8:36:12

###14:19:22

>> s : メモの写真たち。
	for : 整理したい。
	
	http://benfranklin.chips.jp/cake_apps/Cake_IFM11/images/index_2?filter_memo=%3Am+shino&sort=file_name&direction=desc&RBs_AND_OR_Memo=AND
	
	http://benfranklin.chips.jp/cake_apps/Cake_IFM11/images/index_2?filter_memo=id=ZMLS&sort=file_name&direction=desc&RBs_AND_OR_Memo=AND
	
		2021-08-12_18-49-35_000.mp4	// G:\videos\15_flute

>>+ n: lets do another follow : id=ZMLS

]14:25:47

###18:50:16

*>> rev : 2021-10-25_18-58-52_000.mp4

>> prac : throat-vib	[18:52:09

>> write-out : 2021-10-25_18-58-52_000.mp4

n:
	jeszcze raz

]19:00:21

###




###2021年9月1日19:01:24

http://benfranklin.chips.jp/cake_apps/Cake_IFM11/images/index_2?filter_memo=session+shino&sort=file_name&direction=desc&RBs_AND_OR_Memo=AND

http://benfranklin.chips.jp/cake_apps/Cake_IFM11/images/index_2?filter_memo=session+shino+用意&sort=file_name&direction=desc&RBs_AND_OR_Memo=AND
http://benfranklin.chips.jp/cake_apps/Cake_IFM11/images/index_2?filter_memo=video+shino&sort=file_name&direction=desc&RBs_AND_OR_Memo=AND


###2021年7月7日10:50:31
====================== closing : git

C:\WORKS_2\start_a.bat

rem set stringof_session_id="reviewing" 
set stringof_session_id="play" 

set stringof_project_id="JVE_46.[15_jp-flute] : %stringof_session_id:"=%" 
C:\WORKS_2\shortcuts_docs\end_log_JVE_ALL.[ai].git.bat %stringof_project_id:"=%


###2021年7月7日10:50:35
====================== closing

C:\WORKS_2\shortcuts_docs\end_log_JVE_close-sakura_close-freemind.bat


"C:\WORKS_2\shortcuts_docs\end_log_JVE_70.[CO2]_apps.bat"

