###2021年8月12日23:44:29

	search
	川崎市 コロナワクチン 接種場所
	
	新型コロナワクチン接種場所に関する情報 https://www.city.kawasaki.jp/350/page/0000128708.html
	コロナワクチンナビ https://v-sys.mhlw.go.jp/search/list.html?id=141305&availableOnly=on&generalPracticeOnly=on&keyword=&vaccineMaker=pf&page=1	:d-2
	
	https://www.city.kawasaki.jp/350/cmsfiles/contents/0000128/128708/0804miyamae.pdf	:d-1
	
n:
	1. d-1 を見て、通院者でなくても予約できる医院のうち、自転車で１０分以内ぐらいの場所にあるもの、ピックアップ　=>　５～６医院
	2. d-1 に記載されている、「予約コールセンター」　=>　電話。予約
	
]0:01:43
	
###2021年8月13日13:43:47

	川崎市　新型コロナウイルスのワクチン接種予約について
	https://kawasaki.v-yoyaku.jp/login
		案内 https://www.city.kawasaki.jp/350/cmsfiles/contents/0000128/128703/yoyakuhouhou.pdf
		1. email --> enter
		2. open --> mailer	[14:02:08
			1. https://kawasaki.v-yoyaku.jp/141305-kawasaki/mailauth/9ba0d7e1-eea7-4320-87ba-334746d43147
		3. result
			==> あいクリニック産婦人科小児科	川崎市多摩区菅仙谷４－１－５	ファイザー
			1. 厚労省の検索では（「川崎市の検索」に訂正 14:42:42）、ここのみ
			2. 医院のホームページ(http://ylclinic.jp/yyc/)
				1. "2021/08/12　職域接種8／21枠　終了のお知らせ[...] 次の予定が決まり次第"
			3. もう一度検索　=>　"予約できる接種会場はありません。"	]14:43:03
				
	n:
		コールセンター　=>　電話しよう	]14:18:36
		
	n:		[14:37:51
		予約手続き、やろう
		8/28土 ８：３０～
		https://kawasaki.v-yoyaku.jp/login
			C:\WORKS_2\Downloads\passwords - Sheet1 (3).csv

]14:43:55

###
@@@





###






###







