###2021年10月24日8:05:37

	https://duckduckgo.com/?q=歯科+差し歯+種類&ia=web
	
		https://www.implant.ac/knowledge/article/40/
		https://www.implant.ac/knowledge/article/61/
			歯の根っこはまだ残せる(使える)というとき
			差し歯：保険適用内(3割負担)で5,000～10,000円程度
			
			インプラント：保険適用外です。少なくとも、400,000～500,000円程度
			
			顎骨にインプラント体が定着するまでに上顎で約4～6ヵ月
			
			骨にしっかり結合するまで、一定の期間が必要
			
	>>> 歯科 入れ歯
	https://duckduckgo.com/?q=歯科+入れ歯&iar=images&iax=images&ia=images
	
		https://www.implant-418.com/implant/ireba-bridge-chigai-2/
		
			長期間の使用[...]顎の骨が次第に失われていきます
		
		https://hokennays.com/50-3/
		
	
	>> 
		
		https://allabout.co.jp/gm/gc/301773/
		
		https://duckduckgo.com/?q=歯科+入れ歯+保険適用&iar=images&iax=images&ia=images&iai=https://imgcp.aacdn.jp/img-a/1200/900/aa/gm/article/3/0/1/7/7/3/1551234787/topimg_original.jpeg
		
		https://allabout.co.jp/gm/gc/301773/
		
			保険適応内
			部分入れ歯の場合、5,000～14,000円程度
			入れ歯の場合、10,000～15,000円程度
				==> 3割負担での支払い金、個数1

	conc:
		1. 入れ歯。前歯１本用。針金がついている。

	n:
		1. なし。

]8:41:40

