###2021年11月9日0:34:30
@@@

###2021年11月9日17:18:24

	? 問いけらく
	思えらく
		https://kotobank.jp/word/思えらく-454772
		https://kotobank.jp/word/ク語法-482976
		https://kotobank.jp/word/く-482023#E3.83.87.E3.82.B8.E3.82.BF.E3.83.AB.E5.A4.A7.E8.BE.9E.E6.B3.89
		https://kotobank.jp/word/らく-655825#E3.83.87.E3.82.B8.E3.82.BF.E3.83.AB.E5.A4.A7.E8.BE.9E.E6.B3.89
		
###2021年11月10日0:42:48
	
	.20
	漢字 木編 巣
		https://kanji.condb.link/176/
		樔居
		荒樔田
	unrelated
		https://duckduckgo.com/?q=神がかり&ia=web
		https://kotobank.jp/word/神がかり-1292476

]1:22:14

###





###





###





###





===============================




--------------------------------------


-------------------------------------- DOCS (Materials)
------------------------------- TOPICS

-------------------------------------- SYMBOLS
#	complete
*	started reading
:w	keywords
:?	want to know
:m	memos
:#1	bookmark
:ref	refered document

-------------------------------------- resources

###2021年11月5日0:36:21
========================== folder

C:\WORKS_2\WS\WS_Cake_IFM11\photo-books\114_hirata


###2021年11月9日0:35:58
========================== url : cake
http://benfranklin.chips.jp/cake_apps/Cake_IFM11/images/index_2?filter_memo=64%23+114+hirata&sort=file_name&direction=desc&RBs_AND_OR_Memo=AND


###2021年11月5日0:36:08
========================== closing : git

C:\WORKS_2\a && pushd C:\WORKS_2\shortcuts_docs && g a . && g c -m "(log_JVE_64_114_hirata) periodical updates" && e && p && C:\WORKS_2\Utils\commands\push_fm.bat
