###2022年3月12日16:02:37

	>> s-1
	
	https://processing.org/tutorials/gettingstarted
	C:\WORKS_2\shortcuts_docs\log_JVE_46-6-6_ip.log
	
	*download		]16:09:19
	
	>> tut
		https://subscription.packtpub.com/book/hardware-and-creative/9781849517942/11/ch11lvl1sec105/installing-the-processing-plugin-for-eclipse
		
	
	>> search
	https://duckduckgo.com/?q=js+library+image+programming&df=y&iax=images&ia=images
	
		https://kinsta.com/blog/javascript-libraries/
		animejs https://kinsta.com/blog/javascript-libraries/#animejs
		
	https://duckduckgo.com/?q=js+library+mathematics&df=y&ia=web
		
		https://www.akselipalen.com/2021/06/10/2d-geometry-libraries-for-javascript/

	n:
		1. pick any js lib.
		2. --> start coding
			js+php (cake_ifm)

@@@


###





###




###





###





===============================




--------------------------------------


-------------------------------------- DOCS (Materials)
------------------------------- TOPICS

-------------------------------------- SYMBOLS
#	complete
*	started reading
:w	keywords
:?	want to know
:m	memos
:#1	bookmark
:ref	refered document

-------------------------------------- resources

###2021年11月5日0:36:21
========================== folder

C:\WORKS_2\WS\WS_Others.Art\JVEMV6\46_art\6_visual-arts\8_japanese-art


###2021年12月22日1:51:36
========================== file : mm
"C:\WORKS_2\WS\FM_2_20171104_225946\Projects\JVEMV6\46_Art\6_visual-arts\46-6.6_ip_(image programming).mm"


###2022年3月12日16:05:50
========================== file : dat
C:\WORKS_2\shortcuts_docs\log_JVE_46-6-6_ip.dat


###2021年11月5日0:36:08
========================== closing : git

set message="(log_JVE_46-6-8_japanese-art) periodical updates / bk : 132_doukyou"

C:\WORKS_2\start_a.bat

rem --------------------------------- close

C:\WORKS_2\start_a.bat

set message="(log_JVE_46-6-8_japanese-art) periodical updates"

C:\WORKS_2\a && pushd C:\WORKS_2\shortcuts_docs && g a . && g c -m %message% && e && p && C:\WORKS_2\Utils\commands\push_fm.bat


###2021年11月11日17:54:09
========================== closing : apps

C:\WORKS_2\shortcuts_docs\end_log_JVE_close-sakura_close-freemind.bat


