###2021年10月23日20:56:12

	歯痛 発熱 関係
	
	川崎市 休日 歯科
		https://duckduckgo.com/?q=川崎市+休日+歯科&df=y&ia=web
	
	川崎市 歯科休日
	
		https://www.city.kawasaki.jp/350/page/0000017115.html ==> NO
		
		https://www.kanja.jp/017966.html
			 医療法人 定玲会　上條歯科医院
			 044-986-0081
			 日曜診療・休日診療も
		
		http://www.kawashi.or.jp/works/holyday/

			スズキ歯科クリニック 	宮前区宮前平1-2-45 	044-870-0800 	日 	9：30～13：00 	東急田園都市線
			宮崎台駅　徒歩3分 	
			ありま歯科クリニック 	宮前区有馬3-28-19 	044-855-4178 	日 	9：30～13：30 	東急田園都市線
			Brillia鷺沼一丁目1階 	044-872-9570 	日 	9：30～14：00 	東急田園都市線
			鷺沼駅 徒歩4分			
		
			みぞのくち二丁目歯科 	高津区溝口2-7-24 	044-281-0506 	日 	10：00～15：00
（受付は14：00まで） 	東急田園都市線 溝の口駅
R南武線 武蔵溝ノ口駅
		
		https://www.kanja.jp/017427tab3.html
			 柿生駅前ファミリー歯科
			 休日診療も
			 044-986-8241

	n:
		1. tell : スズキ歯科クリニック 宮崎台駅　徒歩3分
				9：30～
				044-870-0800
		2. tell : ありま歯科クリニック
				鷺沼駅 徒歩4分
					9：30～
				044-872-9570
				https://www.arimadc.com
				東急田園都市線 鷺沼駅 バス7分
				※バス停「中有馬」下車
				044-855-4178 
		3. みぞのくち二丁目歯科
				10：00～
				044-281-0506
				0066-9803-219937
				〒213-0001
				神奈川県川崎市高津区溝口2丁目7-24
				SAKUMAビル1F

]21:36:58

###2021年10月24日12:50:09

n:
	１．５日、様子を見る
	２．３日以内で身体が治まれば、服薬は、要らず。

