###2022年3月14日10:44:25

	https://duckduckgo.com/?q=雑草+春&ia=web
	https://lovegreen.net/flower/p205629/  
	https://ja.wikipedia.org/wiki/ヤハズエンドウ		
	https://lime-blog.com/spring-weed/ 		
	https://ko.wikipedia.org/wiki/개망초		
	https://ja.wikipedia.org/wiki/ハルジオン		
	https://ja.wikipedia.org/wiki/ヒメジョオン		
	https://m.blog.naver.com/syngenta1/80212952956
		큰망초 (Erigeron sumatrensis)
	
	https://blog.daum.net/luky21/113
		이스케이프 잡초(Escape Weed), 개망초
	
	https://ja.wikipedia.org/wiki/レグルス

###2022年3月15日11:47:54

	https://duckduckgo.com/?q=菀+意味&ia=web
	https://kanji.jitenon.jp/kanjis/9493.html
		菀
 		キク科の多年草。 / 庭園 / 草木が茂るさま

###2022年3月16日11:50:26

	https://duckduckgo.com/?q=カラスノエンドウ&ia=web
		カラスノエンドウ 	https://botanique.jp/cultivation/plt00762
		https://ja.wikipedia.org/wiki/ヤハズエンドウ
		https://ja.wikipedia.org/wiki/矢筈


###2022年3月18日17:08:56

	https://duckduckgo.com/?q=식물+Lamium+purpureum&ia=web
	https://www.treeinfo.net/plant/view.php?ti_no=5774
	https://blog.daum.net/wild-florist/12346914
	https://ja.wikipedia.org/wiki/ヒメオドリコソウ
	

###2022年3月19日13:22:43
	
	(sp)
	>> mark:20220319_132735
	https://www.city.kawasaki.jp/230/page/0000125926.html
	https://www.city.kawasaki.jp/230/cmsfiles/contents/0000125/125926/21bunkatuban5.pdf
	
	C:\WORKS_2\WS\WS_Others.JVEMV6\JVEMV6\37_miscs\9_prog_lang\data\20220319_133445.ods


###2022年3月20日11:52:06

	(zulu)
	https://ko.wikipedia.org/wiki/줄루족
	https://zu.wikipedia.org/wiki/IsiZulu
	
		n: Lalela ke; isiZulu 
	
	(tu)
	https://ko.wikipedia.org/wiki/무스타파_케말_아타튀르크
	
		n: 오스만 제국의 패배 
	
	(cn)
	https://yandex.com/search/?text=Dalai+Lama+Pinochet++chile&from=os&clid=1836587&lr=10466&redircnt=1647743372.1
	https://www.reddit.com/r/GenZedong/comments/kksx7n/forgive_pinochet_dalai_lama_cia_i_honestly_think/		"Forgive Pinochet"
	http://mailman.lbo-talk.org/1999/1999-April/006693.html		Dalai Lama: forgive Pinochet
		##doc:20220320_140932
	https://historicly.substack.com/p/tibet-china-and-the-violent-reaction?s=r


###2022年3月21日8:55:43

>s-20220321_090308

	>> yemen UNSC resolution
	https://yandex.ru/search/?text=unsc+resolution+yemen+embargo+weapon&from=os&clid=1836587&rdrnd=369157&lr=213&redircnt=1647819991.1
	https://www.presstv.ir/Detail/2022/03/01/677769/Yemen-UNSC-arms-embargo-Ansarullah
	https://thecradle.co/Article/news/7399
	
	https://ja.wikipedia.org/wiki/国際連合安全保障理事会理事国の一覧#1966年–現在
	
	*https://www.scfr.ir/en/politics/140431/consequences-of-adoption-of-unsc-resolution-against-yemeni-ansarollah/
		
		#1
		#2
			words
				Resolution 2216
	
	http://unscr.com/en/resolutions/2216
	
	http://unscr.com/en/resolutions/doc/2216
	
		#1
		#2
			s: Chapter VII of the Charter of the United Nations
				https://en.wikisource.org/wiki/Charter_of_the_United_Nations#Chapter_VII_–_Action_with_Respect_to_Threats_to_the_Peace,_Breaches_of_the_Peace_and_Acts_of_Aggression
	
	[11:03:38
	https://yandex.ru/search/?text=unsc+resolution+1973&from=os&clid=1836587&rdrnd=815991&lr=213&redircnt=1647828054.1
	
	https://en.wikipedia.org/wiki/United_Nations_Security_Council_Resolution_1973#Voting
	
	https://documents-dds-ny.un.org/doc/UNDOC/GEN/N11/268/39/PDF/N1126839.pdf?OpenElement
		#1
			memos
				1) Recalling its resolution
				2) Deploring the failure 
				3) Expressing grave concern 
				4) Reiterating the responsibility of t
				5) Condemning the gross and systematic violation o
				6) Further condemning acts of violence 
				7) Considering[...]attacks
				8) Recalling paragraph 26 of resolution 1970 (2
				9) Expressing its determination 
				10) Recalling the condemnation 
				11) Taking note of t
				12) Taking note also of the decision 
				13) Taking note further of the Secretary-General’s
				14) Recalling its decision to refer t
				15) Reiterating its concern 
				16) Deploring the continuing use 
				17) Considering that the establishment
				18) Expressing concern 
				19) Welcoming the appointment by the Secretary General 
				20) Reaffirming its strong commitment t
				21) Determining that the situation in
				22) Acting under Chapter VII 
		
		n: Demands the immediate 
				
		]11:12:10
				

###2022年3月22日10:08:23

	https://ja.wikipedia.org/wiki/アークトゥルス

	

@@@



###







###







###







###







### -- last-3





###






###





############ RESOURCES 2021年10月28日10:37:42


###2021年9月1日19:01:24
============================== url : main

http://benfranklin.chips.jp/cake_apps/Cake_IFM11/images/index_2?filter_memo=session+shino&sort=file_name&direction=desc&RBs_AND_OR_Memo=AND

http://benfranklin.chips.jp/cake_apps/Cake_IFM11/images/index_2?filter_memo=session+shino+用意&sort=file_name&direction=desc&RBs_AND_OR_Memo=AND
http://benfranklin.chips.jp/cake_apps/Cake_IFM11/images/index_2?filter_memo=video+shino&sort=file_name&direction=desc&RBs_AND_OR_Memo=AND

###2021年10月28日10:37:57
====================== fingering : dai-kan

https://www.onikko-shop.com/blog/blowing-how-shinobue/ "●大甲音（高音）"


###2021年12月17日13:30:57
====================== file : shaku

C:\WORKS_2\shortcuts_docs\log_jap-flute_bamboo.log

###2022年2月7日18:07:05
====================== steps : sound file in.
1. rec
2. to PC
3. tmp dir
	rename
3. avidemux --> 
	open
	crop
	
###2022年2月9日17:56:59
==================== steps : start session aaa
	
	1. log
		1. locate log starting point
		2. C - M - w	(folding)
	
	2. prev videos --> load to player
	
		1. prev
		2. percussion	: 2022-02-07_18-06-29_000.extract.avi 
	
	3. what to do --> set 2-3 items	]2022年2月10日13:36:52
	


###2021年7月7日10:50:31
XXX
====================== closing : git

C:\WORKS_2\start_a.bat

rem set stringof_session_id="reviewing" 
set stringof_session_id="play" 


set stringof_project_id="JVE_46.[15_jp-flute] : %stringof_session_id:"=%" 

set stringof_session_id="practice" 
set stringof_session_id="practice : shino,shaku" 
set stringof_project_id="JVE_46_jp-flute: shino,shaku : %stringof_session_id:"=%" 

-------------------------------
C:\WORKS_2\start_a.bat

set stringof_session_id="practice : shino" 

set stringof_project_id="JVE_46_jp-flute : %stringof_session_id:"=%" 

C:\WORKS_2\shortcuts_docs\end_log_JVE_ALL.[ai].git.bat %stringof_project_id:"=%


###2021年7月7日10:50:35
====================== closing

set stringof_project_id="diary" 

pushd C:\WORKS_2\shortcuts_docs && g a . && g c -m %stringof_project_id% && e && p && r oj && g a . && g c -m %stringof_project_id% && e && p && r f && g a . && g c -m %stringof_project_id% && e && p

