###2023年5月1日11:47:29

	(read:doc:d-id.VF7A
		https://www.jstage.jst.go.jp/article/shigentosozai1989/111/14/111_14_1022/_pdf/-char/ja
		
		p.1
		
		
		
		s: 電気化学　貴 / 厚膜導電ペースト / 塩化金酸 /  /  /  /  /  /  /  /  /  / 
	
			https://duckduckgo.com/?q=電気化学　貴&t=h_&ia=web
			
				https://www.syero-chem.com/entry/2019/12/05/175137
				
				https://kenchik.info/2020/12/17/plus-minus/
					<== want-to-read
			
			https://duckduckgo.com/?q=厚膜導電ペースト&t=h_&ia=web
				https://www.noritake.co.jp/products/ceramic/majors/detail/22/
				
				厚 膜 の メカ ニ ズ ム https://www.jstage.jst.go.jp/article/jiep1998/6/1/6_1_102/_pdf
					<== want-to-read
				
				厚 膜(～10μm)抵 抗 ペ ー ス ト焼 成 体 の導 電 機 構 https://www.jstage.jst.go.jp/article/materia1962/32/6/32_6_417/_pdf/-char/ja
					<== want-to-read
			
			1] https://kotobank.jp/word/塩化金酸-37966
			
			*2] *https://ja.wikipedia.org/wiki/塩化金(III)
				#1
				#2 例えば塩酸(HCl)では
				
				s: 塩化物イオン / 塩化カリウム /  /  /  /  /  /  /  /  /  /  / 
				
			
				*3] https://ja.wikipedia.org/wiki/塩化物
				
					*4] https://www.koregasiritai.com/chloride-ion/
					
				
				
				C:\WORKS_2\shortcuts_docs\log_files
	
			5] https://ja.wikipedia.org/wiki/テトラクロリド金(III)酸
			
			6] https://ja.wikipedia.org/wiki/王水

###2023年5月2日15:15:43

	1] https://ja.wikipedia.org/wiki/王水
	
	#1.1 塩化 金酸水溶 液中の金 イオンを
		
		2] https://ja.wikipedia.org/wiki/亜硫酸ナトリウム
		

 		s: 亜硫酸ナトリウム /  /  /  /  /  /  /  /  /  /  /  / 
 	
 	#2 本 実験 に使 用 した塩化 金 酸

	
	n: #2
	
	
	

@@@	 /  /  /  /  /  /  /  /  /  /  /  / 

###








###








###








###








###








###








