###2022年10月24日13:36:07

	(bk:日本宗教の複合的構造
	.280
	*https://kotobank.jp/word/差符-2042806
		さし‐ふ【差符】
	*https://kotobank.jp/word/職衆-517712
		しき‐しゅ【▽職衆／色衆】
		https://kotobank.jp/word/散華-70614
			https://duckduckgo.com/?q=樒&t=h_&iax=images&ia=images
				https://kotobank.jp/word/仏前草-1774176
				https://ja.wikipedia.org/wiki/衆徒
					衆徒（しゅと）は
					https://ja.wikipedia.org/wiki/大衆_(仏教)
						大衆（だいしゅ）とは
					https://ja.wikipedia.org/wiki/学侶
					https://ja.wikipedia.org/wiki/行人_(仏教)
						行人(ぎょうにん）
			https://duckduckgo.com/?q=梵唄&t=h_&ia=web
				https://kotobank.jp/word/梵唄-135231
					ぼん‐ばい【梵唄】
					https://ja.wikipedia.org/wiki/偈
					https://kotobank.jp/word/偈頌-489985
						（読み）げじゅ
	
	.281
		https://kotobank.jp/word/対捍-556616
			https://dictionary.goo.ne.jp/word/移牒/
			https://detail.chiebukuro.yahoo.co.jp/qa/question_detail/q1071806575
				令（し）む、可（べ）し、
		https://ja.wikipedia.org/wiki/社家
			身分のひとつ。
			特定神社の奉祀を世襲してきた家（氏族）
		承伏
		申含 https://kotobank.jp/word/申含-2087545
				（読み）もうしふくめる
		https://kotobank.jp/word/申給う-2087562
			（読み）もうしたまう
		座主
			https://kotobank.jp/word/座主-69035
				一座の主
			https://ja.wikipedia.org/wiki/座主
				日本の天台宗のトップ
				などの寺院でも使用
		御教書
			https://kotobank.jp/word/御教書-138363
				（読み）みぎょうしょ
				公卿の意を承って出す
		神役勤仕
			https://kotobank.jp/word/神役-300106
				（読み）かみやく
				神事に当たっての司祭者
			https://kotobank.jp/word/勤仕-481179
				（読み）きんし
				 (「きんじ」とも)
		神人
			https://kotobank.jp/word/神人-74595
				（読み）じにん	じんにん。しんじん。
				神主、[...]の下に置かれ
		料足
			https://kotobank.jp/word/料足-659407
				 (「料」は物の代物、「足」は銭の意) 
				https://kotobank.jp/word/代物-536402
	.282
		院政期
			unrelated
				下肢創傷処置 https://www.aaa-amputation.net/media/20220330-223341-771.pdf
			https://kotobank.jp/word/院政時代-437495
				応徳三年（一〇八六）から建久三年（一一九二）
		勅願
			https://kotobank.jp/word/勅願-569252
		百錬抄
			https://kotobank.jp/word/百錬抄-612826
				漢文編年体の史書
				鎌倉後期
		御霊会
			https://kotobank.jp/word/御霊会-505237
				非業の死を遂げた「御霊」
				https://kotobank.jp/word/挙例-480024
				https://kotobank.jp/word/散楽-70378
					雑芸(ぞうげい)。
					曲芸、手品、幻術
		管見
			https://kotobank.jp/word/管見-469649
				[由来] 「荘子―秋水」
		日吉小五月会
			https://kotobank.jp/word/小五月会-500878
				（読み）こさつきえ
			新日吉小五月会の構造と変遷　https://ir.lib.hiroshima-u.ac.jp/files/public/4/42844/2017042610520962134/Shijin_4_68.pdf
		散在神人
			https://kotobank.jp/word/散在神人-1326573
				（読み）さんざいじにん
		課役
			https://kotobank.jp/word/課役-458889
				（読み）かえき
				律令(りつりょう)制における[...]人頭税
				平安期には地税化
	
	]14:56:29
		
		




###2022年10月25日17:44:24

	(bk:日本宗教の複合的構造
	
	御供　御供料足
		https://kotobank.jp/word/御供-453525
			お‐そなえ ‥そなへ
			お‐とも
			ご‐くう
		
		]18:02:57


###2022年10月26日15:58:14

	(bk:日本宗教の複合的構造
	.284
	*https://ja.wikipedia.org/wiki/稲荷神社	]16:47:44
		*https://ja.wikipedia.org/wiki/稲荷神
			稲を象徴する穀霊神・農耕神
		*https://ja.wikipedia.org/wiki/祭神#主神・配神
			主祭神（しゅさいじん）
		*https://ja.wikipedia.org/wiki/荼枳尼天
			（だきにてん）
			*https://duckduckgo.com/?q=権現&t=h_&ia=web
			*https://ja.wikipedia.org/wiki/権現
				神号の一つ
				本地垂迹思想
					*https://ja.wikipedia.org/wiki/本地垂迹
						（ほんじすいじゃく）
				権[...]「臨時の」「仮の」
				「現れた」
		*https://duckduckgo.com/?q=尊格&t=h_&ia=web
			尊格ってなに？ https://www.e-butsudan.com/guide/2381/
			*https://piicats.net/sonkaku.htm
				*https://ja.wikipedia.org/wiki/灌頂
					かんじょう
			夜叉 *https://ja.wikipedia.org/wiki/夜叉
				यक्ख、yakkhaの音写
				訳：暴悪・捷疾鬼・威徳）
			*https://ja.wikipedia.org/wiki/天_(仏教)
				六道のうちの最上部
				デーヴァ (deva) は「神」に相当する語
				中国において「天」と訳され
		https://ja.wikipedia.org/wiki/田の神
			稲霊（いなだま）
	
	御旅所
		https://kotobank.jp/word/御旅所-40525
			（読み）おたびしょ
	https://kotobank.jp/word/神幸-537290
		シンコウ
	牓 https://kanji.jitenon.jp/kanjiy/16290.html
		音読み	ホウ
		ふだ。木札。
	https://ja.wikipedia.org/wiki/春日大社
		平城京の守護
		中臣氏・藤原氏の氏神
		*https://ja.wikipedia.org/wiki/タケミカヅチ
			https://ja.wikipedia.org/wiki/神武東征
				https://ja.wikipedia.org/wiki/長髄彦
	寂恵
	
	n:
		この論文　=>　終わり。十分。
		
		]17:18:01
		
	
			


@@@


###







###







###







###









###		--last-3







###







###






##################
XXX
: git
=========================================
###
taskkill /f /im javaw.exe
taskkill /f /im opera.exe


(a|b|c)([A-Z])	 $2
Tomoyuki Inui, Kazuichi Kitagawa, Tatsuya Takeguchi, Takashi Hagiwara, Yoshinori Makino


2021年3月25日17:05:11
81.6.40.182

#.7 Zum besseren Verständnis der Phasen- und Dichtezustände des CO2-H2-Systems und den zusätzlichen

using scaling relations machine learning and DFT calculations

===========================
###2022年9月27日16:21:32

>>steps:chinese texts
1. web page (m1)
	select sentences
	C - c
	Tab --> to "dat" file
2. dat file (m2)
	C - a > - v > - s
3. console (m3) : gen --> file for reading
	s s2
	--> t1
4. t1
	pinyin words
		select
		web --> trans
		m2 --> add pinyin
		save file
	back to reading


###2021年4月19日16:39:53
>>steps
		german texts
	1. sakura
		1. C - a / -v [C/P --> to sakura file]
		2. C - r / M - ↓ [choose "\r\n"] / M - a / Esc x 2 [close window]
		3. C -a / - c / Tab [move to browser]
	2. browser
		1. C - a/ - v / - Home [paste to trans site, move to the top of the text]

###2022年6月13日13:13:19

steps : read
1. web page (m1)
	select sentences
	C - c
	Tab --> to "dat" file
2. dat file (m2)
	C - a > - v > - s
3. console (m3)
	↑ > Ret
4. gen-ed file (m4)
	C - M - w 
	> C - Home 
	> C - ↑ 
	> S - any loc
	
	
###2021年5月28日16:01:36

steps : read
	1. "....[trans-sentences].dat" (f1)
		==> open
	2. web page
		1. select --> texts (m1)
		2. C - c	[copy
		3. Tab x N	[move to --> f1
	3. f1
		1. C - a > - v > - s	[paste, save
		2. Tab x N	[move to --> console
	4. console
		1. paste
start C:\WORKS_2\WS\WS_Others.JVEMV6\JVEMV6\70_co2\start_process-texts-for-reading_korean.bat
		
start C:\WORKS_2\WS\WS_Others.JVEMV6\JVEMV6\70_co2\start-trans-process.bat

	5. gen-ed file (f2)
		1. C - a > - c > M - Space - c	[copy, close
		2. Tab x N	[back to --> f1
	6. f1
		1. C - a > - v > - s (f1')	[paste, save
	7. web : trans page --> paste
	8. f1' --> read

###2021年5月29日13:06:18

rem #trans : korean, a.o.
start C:\WORKS_2\WS\WS_Others.JVEMV6\JVEMV6\70_co2\start-trans-process.bat

#trans : chinese
start C:\WORKS_2\WS\WS_Others.JVEMV6\JVEMV6\70_co2\start-trans-process_chinese.bat

	##:20220127_131905
	
#trans : arabic
start C:\WORKS_2\WS\WS_Others.JVEMV6\JVEMV6\70_co2\start-trans-process_arabic.bat

//sakura C:\WORKS_2\WS\WS_Others.JVEMV6\JVEMV6\70_co2\start-trans-process.bat

//sakura C:\WORKS_2\WS\Eclipse_Luna\Cake_IFM11\app\Lib\others\jve_70-CO2_68_trans-string\process-trans-sentences.php

###process : spanish texts
rem #process : spanish texts
start C:\WORKS_2\WS\WS_Others.JVEMV6\JVEMV6\70_co2\start_process-texts-for-reading_korean.bat

---- 2021年11月29日21:36:17 : steps
1. web page
	1. select >> copy
	2. move to --> dat file
2. dat file
	1. C - a > C - v > C - s [paste,save
3. log file
	1. start --> batch file
4. new "out" file
	0. C - M - w [fold lines
	1. C - a > C - c
	2. move to --> trans page
5. trans page
	1. C - a > C - v [paste
	2. move to --> new "out" file
6. new "out" file
	1. read

21年11月15日13:18:07
([^\.])$	$1.
([^
---- 20\。])$	$1。

rem //start "C:\WORKS_2\WS\WS_Others.JVEMV6\JVEMV6\70_co2\start_[process-texts-for-reading_korean].bat"

#process texts : chinese
rem #process texts : chinese
start  C:\WORKS_2\WS\WS_Others.JVEMV6\JVEMV6\70_co2\start_process-texts-for-reading_chinese.bat

###2021年6月20日17:09:35
========================= regex
	\] 	]. 

	(\.”)	$1.

###2021年6月22日14:06:21

========================= regex : get --> session strings from a map

	1. "    " --> "\t"
	2. \t --> ""
	3. (s-\d+? \/ g-\d+?) --> @@$1
	4. ^[^@]+	--> ""
	5. " / " --> \t

###2021年7月17日11:08:21

========================= regex : sentence end, but no period char

	([a-zA-Z])$	$1.


###2021年6月20日17:26:25

<= know-this
<= lets-read

related

memos
	1. quoting

irrelevant
	1. totally non-related

###2021年6月20日17:31:46
========================= freemind
C:\WORKS_2\batches\start_fm.bat

C:\WORKS_2\WS\FM_2_20171104_225946\Projects\JVEMV6\72_read\72_read.mm

C:\WORKS_2\batches\s.bat fm

###2021年6月26日10:48:48
library

190001550002
makemeaning


###2021年6月18日10:35:18 / XXX
========================= closing : git

###2021年6月28日1:00:31

C:\WORKS_2\start_a.bat

rem set stringof_project_id="read : %stringof_session_id:"=%" 

set stringof_session_id="article : (ru)"

set stringof_session_id="article : (po)"
set stringof_session_id="article : (sp)"



-----------------------
C:\WORKS_2\start_a.bat

set stringof_session_id="article : (ko) & others"



set stringof_session_id="article : (cn)"

set stringof_session_id="article : (po),(ru)"

set stringof_session_id="article : (MANY)"


set stringof_session_id="article : (ko),(cn)"
set stringof_session_id="articles"

rem --------------------------

set stringof_session_id="article : (ko)"

set stringof_session_id="bk : (uchimura)"

set stringof_session_id="(res : id=AASN"


set stringof_session_id="res:history:id=XOL4"

set stringof_project_id="JVE_72.[read] : %stringof_session_id:"=%" 

C:\WORKS_2\a && pushd C:\WORKS_2\shortcuts_docs && g a . && g c -m %stringof_project_id% && e && p && r oj && g a . && g c -m %stringof_project_id% && e && p && r f && g a . && g c -m %stringof_project_id% && e && p


rem C:\WORKS_2\shortcuts_docs\end_log_JVE_ALL.[ai].git.bat %stringof_project_id:"=%



###2021年7月8日21:36:49
====================== closing : apps

C:\WORKS_2\shortcuts_docs\end_log_JVE_close-sakura_close-freemind.bat

###2021年7月3日16:40:31
====================== closing : git
"C:\WORKS_2\shortcuts_docs\end_log_JVE_70.[CO2]_apps.bat"

end_log_JVE_70.[CO2]_apps <C:\WORKS_2\shortcuts_docs\end_log_JVE_70.[CO2]_apps.bat>




###2021年7月7日15:43:55
=================== list-of-books.txt

C:\WORKS_2\WS\WS_Cake_IFM11\photo-books\list-of-books.txt

###2021年7月9日13:57:38
=================== let's read
https://diefreiheitsliebe.de/politik/deutschland-und-israel-waffenexporte-fuer-die-besetzung-palaestinas/	2021年7月9日13:57:49
	https://3g2upl4pq6kufc4m.onion/?q=Deutsche+Unterstützung+Israel+Palästina&ia=web

###2021年7月16日12:57:40
=================== file path : batch file

"C:\WORKS_2\shortcuts_docs\start_log_JVE_72.[read].bat"
sakura "C:\WORKS_2\shortcuts_docs\start_log_JVE_72.[read].bat"



###2022年6月22日14:07:21
=================== move : sentences files
set fpath_text=C:\WORKS_2\WS\WS_Others.JVEMV6\JVEMV6\70_co2\texts-for-reading\out.20220622_135905_616674.txt

move %fpath_text% C:\WORKS_2\WS\WS_Others.JVEMV6\JVEMV6\70_co2\texts-for-reading\storage_all

###2021年7月3日16:45:23
=================== open : console

start C:\WORKS_2\a

C:\WORKS_2\start_a.bat


###2021年12月15日21:06:40
====================== closing : apps

C:\WORKS_2\shortcuts_docs\end_log_JVE_close-sakura_close-freemind.bat



#proc