###2021年9月19日15:04:06


###2021年9月20日11:26:04

	search : 反物質
	

###2021年10月7日0:45:32

	https://duckduckgo.com/?q=回折条件&ia=web

	http://takashiida.floppy.jp/public/education/CrystalStructureAnalysis/1/1.pdf

	https://en.wikipedia.org/wiki/Category:Physical_phenomena
	
@@@

###2021年11月18日8:53:02

	https://www.desmos.com/calculator/2qnitnjqmn
	https://www.desmos.com/calculator/7i2p4eip68
	http://people.ucalgary.ca/~aswish/MATH267L15_ReducFor.pdf Integration: Reduction Formulas


###



###




###




###




###




###




###




###




###





=======================================
###2021年6月8日9:56:28

<= know-this
<= lets-read
<= want-to-read
<= lets-read-again
<= lets-read-links
<= lets-read-after-this

<= this

<= also-good
<= good
<= 証明あり
<= あり：証明

//
<= ok

//2022年7月25日11:29:29
<= ok : 説明の口調、恭しい。

<= not-understood

====== 2021年11月1日10:14:02
<= memo : XXX


=> ENOUGH
=> NEXT

related

memos
	1. quoting

irrelevant
	1. totally non-related

###
taskkill /f /im javaw.exe
taskkill /f /im opera.exe
taskkill /f /im tor.exe


(a|b|c)([A-Z])	 $2
Tomoyuki Inui, Kazuichi Kitagawa, Tatsuya Takeguchi, Takashi Hagiwara, Yoshinori Makino

###2021年6月8日14:34:10

memo images : url : jve 76 physics

http://benfranklin.chips.jp/cake_apps/Cake_IFM11/images/index_2?filter_memo=jve+76+physics&sort=file_name&direction=desc&RBs_AND_OR_Memo=AND



###2021年6月12日17:36:28

freemind

C:\WORKS_2\WS\FM_2_20171104_225946\Projects\JVEMV6\68_theoretical-physics_tp_v-2.0\68_theoretical-physics_tp_v-2.0.mm




###2021年6月20日13:48:41

190001550002
makemeaning

###2021年7月14日13:55:22
=================== url : memos

http://benfranklin.chips.jp/cake_apps/Cake_IFM11/images/index_2?filter_memo=jve+68+v-2.0+theoretical&sort=file_name&direction=desc&RBs_AND_OR_Memo=AND

###2021年9月2日14:09:48
=================== url : tools
--- 3D graph
<https://www.math3d.org/>

--- 2D graph
graphing <https://www.desmos.com/calculator>

--- derivative
Derivative Calculator <https://www.symbolab.com/solver/derivative-calculator/>

--- calc : complex	/ 2021年12月30日17:02:53
https://www.symbolab.com/solver/complex-number-calculator


rem : batch : firefox
C:\WORKS_2\shortcuts_docs\start_log_JVE_68-tp_tools-url.bat


###2021年6月30日11:11:01

git --> works

C:\WORKS_2\Utils\commands\push_WORKS.bat


###2021年10月28日8:22:23
=================== file : dat
C:\WORKS_2\shortcuts_docs\log_files\log-session_JVE_76-physics.dat

//C:\WORKS_2\shortcuts_docs\log-session_JVE_76-physics.dat

###2021年12月14日12:05:09
=================== file : dat(CO2)
C:\WORKS_2\shortcuts_docs\log-session_JVE_70.[CO2].[trans-sentences].dat

###2021年12月14日12:12:33
=================== file : batch
C:\WORKS_2\shortcuts_docs\start_log_JVE_76-physics.bat

sakura C:\WORKS_2\shortcuts_docs\start_log_JVE_76-physics.bat

###2022年2月1日9:37:17
=================== file : log-session_JVE_68_tp.log
C:\WORKS_2\shortcuts_docs\log-session_JVE_68_tp.log

###2021年6月23日17:03:51
=================== open : console

start C:\WORKS_2\a

C:\WORKS_2\start_a.bat

###2021年7月1日13:21:50
=================== time label

C:\WORKS_2\t.bat

###2021年7月28日14:11:43
==================== close : git

C:\WORKS_2\start_a.bat

set stringof_message="JVE_76_physics"

C:\WORKS_2\a && pushd C:\WORKS_2\shortcuts_docs && g a . && g c -m "(%stringof_message:"=%) periodical updates" && e && p && r f && g a . && g c -m "(%stringof_message:"=%) periodical updates" && e && p && r oj && g a . && g c -m "(%stringof_message:"=%) periodical updates" && e && p



==================== close : apps

C:\WORKS_2\shortcuts_docs\end_log_JVE_close-sakura_close-freemind.bat



taskkill /f /im javaw.exe && taskkill /f /im sakura.exe
