###2022年10月3日11:35:41

	s-5
		g-5
	
		C:\WORKS_2\WS\WS_Others.JVEMV6\JVEMV6\57_programming\57.4_change_file_name\s-5\g-5_s-5.php
	
	n:
		#mark:20221003_113510
		
			1. change dir name
	
	]11:36:48



@@@

###






###






###






###






###






###2021年6月30日11:11:01

git --> works

C:\WORKS_2\Utils\commands\push_WORKS.bat



###2021年6月23日17:03:51
=================== open : console

start C:\WORKS_2\a

C:\WORKS_2\start_a.bat

###2021年7月1日13:21:50
=================== time label

C:\WORKS_2\t.bat

###2021年7月28日14:11:43
==================== close : git

C:\WORKS_2\start_a.bat

set stringof_message="JVE_76_physics"

C:\WORKS_2\a && pushd C:\WORKS_2\shortcuts_docs && g a . && g c -m "(%stringof_message:"=%) periodical updates" && e && p && r f && g a . && g c -m "(%stringof_message:"=%) periodical updates" && e && p && r oj && g a . && g c -m "(%stringof_message:"=%) periodical updates" && e && p



==================== close : apps

C:\WORKS_2\shortcuts_docs\end_log_JVE_close-sakura_close-freemind.bat



taskkill /f /im javaw.exe && taskkill /f /im sakura.exe
