

###2022年10月11日17:12:29

	(rev
	http://benfranklin.chips.jp/cake_apps/Cake_IFM11/images/view/55298
	


@@@

###






###






###






###






###






###		---last:2






###







======================== list
p-1
p-2
p-3
p-4
p-5
p-6
p-7
p-8
p-8.1






###







###







###







### -- last-3





###






###





############ RESOURCES 2021年10月28日10:37:42


###2021年9月1日19:01:24
============================== url : main

http://benfranklin.chips.jp/cake_apps/Cake_IFM11/images/index_2?filter_memo=session+shino&sort=file_name&direction=desc&RBs_AND_OR_Memo=AND

http://benfranklin.chips.jp/cake_apps/Cake_IFM11/images/index_2?filter_memo=session+shino+用意&sort=file_name&direction=desc&RBs_AND_OR_Memo=AND
http://benfranklin.chips.jp/cake_apps/Cake_IFM11/images/index_2?filter_memo=video+shino&sort=file_name&direction=desc&RBs_AND_OR_Memo=AND

###2021年10月28日10:37:57
====================== fingering : dai-kan

https://www.onikko-shop.com/blog/blowing-how-shinobue/ "●大甲音（高音）"


###2021年12月17日13:30:57
====================== file : shaku

C:\WORKS_2\shortcuts_docs\log_jap-flute_bamboo.log


###2022年4月13日15:41:44
====================== file : start_keyboard

C:\WORKS_2\WS\WS_Others.Art\JVEMV6\46_art\8_kb\start_keyboard.bat


###2022年8月10日18:28:20
====================== file : batch,bat:
C:\WORKS_2\shortcuts_docs\log_files\start_music-composition_v2.bat

//sakura
sakura C:\WORKS_2\shortcuts_docs\log_files\start_music-composition_v2.bat

//2022年8月16日18:09:06
C:\WORKS_2\shortcuts_docs\log_files\start_music-composition_v2.open-log-files.bat

//2022年8月24日15:42:28
pushd C:\Users\iwabuchiken\AppData\Local\Yandex\YandexBrowser\Application

set url_1="http://benfranklin.chips.jp/cake_apps/Cake_IFM11/images/index_2?filter_memo=shinobue&sort=file_name&direction=desc&RBs_AND_OR_Memo=AND"

browser.exe %url_1%


###2022年8月15日11:32:43
====================== folders
//13_compositions
C:\WORKS_2\WS\WS_Others.Art\JVEMV6\46_art\13_compositions

//audio_files
C:\WORKS_2\WS\WS_Others.Art\JVEMV6\46_art\13_compositions\audio_files

###2022年2月7日18:07:05
====================== template : new file
	[new file
	
	[mscz:nowa
	[mscz:dodatek
	url : http://benfranklin.chips.jp/cake_apps/Cake_IFM11/images/view/XXX
		page-X
	
		muse : 
			1. DUP : XXX.mscz
			2. rename : XXX.mscz
			3. open
			4. edit
				1. title
				2. sub-title
				3. delete : msrs
				4. delete : notes
			5. write
				
			
			6. export
				1. pdf : C:\WORKS_2\WS\WS_Others.Art\JVEMV6\46_art\13_compositions\pdf_files\2022-08-25_19-04-31_000.jpg.page-X.[XXX].pdf
				2. mp3 : C:\WORKS_2\WS\WS_Others.Art\JVEMV6\46_art\13_compositions\audio_files\XXX.[XXX].mp3
			7. remote data --> update
				",musescore=+"
			8. next
				1. XXX
				




###2022年2月7日18:07:05
====================== steps : sound file in.
1. rec
2. to PC
3. tmp dir
	rename
3. avidemux --> 
	open
	crop
	
###2022年2月9日17:56:59
==================== steps : start session
	
	1. log
		1. locate log starting point
		2. C - M - w	(folding)
	
	2. prev videos --> load to player
	
		1. prev
		2. percussion	: 2022-02-07_18-06-29_000.extract.avi 
	
	3. what to do --> set 2-3 items	]2022年2月10日13:36:52
	


###2021年7月7日10:50:31
XXX
====================== closing : git

------------------------------- git : WS_Others.Art
//2022年8月30日11:41:27
C:\WORKS_2\shortcuts_docs\end_batch\end_log_jap-flute_shino.log.v2.bat

//2022年8月20日14:49:18

C:\WORKS_2\start_a.bat



set stringof_commit_message="JVE_46_jp-flute : shino: play"

set stringof_commit_message="JVE_46_jp-flute : shino: compose"

pushd C:\WORKS_2\shortcuts_docs && g a . && g c -m %stringof_commit_message% && C:\WORKS_2\a && r a && g a . && g c -m %stringof_commit_message% && e && p

//C:\WORKS_2\a && r a && g a . && g c -m %stringof_commit_message% && e && p && pushd C:\WORKS_2\shortcuts_docs && g a . && g c -m %stringof_commit_message%


//2022年8月25日15:40:24
start C:\WORKS_2\shortcuts_docs\end_batch\end_log_jap-flute_shino.log.bat


C:\WORKS_2\start_a.bat





rem set stringof_session_id="reviewing" 
set stringof_session_id="play" 


set stringof_project_id="JVE_46.[15_jp-flute] : %stringof_session_id:"=%" 

set stringof_session_id="practice" 
set stringof_session_id="practice : shino,shaku" 
set stringof_project_id="JVE_46_jp-flute: shino,shaku : %stringof_session_id:"=%" 

set stringof_session_id="shino: compose : 2022_07_31_s-2_p-2.mscz : time=20220809_104005" 
set stringof_session_id="shino"
rem set stringof_session_id="practice : shino"

-------------------------------
//##mark:20220825_154200
C:\WORKS_2\start_a.bat

set stringof_session_id="shino: compose"

set stringof_project_id="JVE_46_jp-flute : %stringof_session_id:"=%"

C:\WORKS_2\shortcuts_docs\log_files\end_log_JVE_ALL.[ai].git.bat %stringof_project_id:"=%

//C:\WORKS_2\shortcuts_docs\end_log_JVE_ALL.[ai].git.bat %stringof_project_id:"=%



運指
https://wagakki-hiroba.com/blowing-how-shinobue/

//2022年8月6日19:07:48
https://iphone-master-user.com/7086.html#i
	大甲音の運指表

## memo : fingering : alt : 2022年4月9日18:03:02 ]]
http://benfranklin.chips.jp/cake_apps/Cake_IFM11/images/index_2?filter_memo=shino+finger+alt&sort=file_name&direction=desc&RBs_AND_OR_Memo=AND

## memo : fingering : 2022年4月8日15:41:23 ]]
http://benfranklin.chips.jp/cake_apps/Cake_IFM11/images/index_2?filter_memo=shino+finger&sort=file_name&direction=desc&RBs_AND_OR_Memo=AND

//memo : session : 2022年4月8日15:41:23
http://benfranklin.chips.jp/cake_apps/Cake_IFM11/images/index_2?filter_memo=session+shino&sort=file_name&direction=desc&RBs_AND_OR_Memo=AND

### 2022年4月14日19:04:10
// web pages : apps
C:\WORKS_2\shortcuts_docs\log_jap-flute_shino_start_browser.bat

https://metronomeonline.com/
https://www.onlinepianist.com/virtual-piano

###2021年7月7日10:50:35
====================== closing

## close : apps : (before)2022年4月8日15:41:51 ]]
C:\WORKS_2\shortcuts_docs\log_files\end_log_shino.bat
//C:\WORKS_2\shortcuts_docs\end_log_shino.bat


"C:\WORKS_2\shortcuts_docs\end_log_JVE_70.[CO2]_apps.bat"
