###2022年12月13日

//---------- draft

川崎市に住む者です。

実は過日、８月の末頃ですが、私の父が亡くなりました。遺品を整理したところ、貴社 fujisan.co.jp の記名がある、書籍の宅配物を１件、見つけました。

入所していた老人ホームの職員の方によりますと、定期購読していたそうですが、当人が亡くなったあとも、毎月か、送付が続いているとのこと。解約かなにか、必要な対処を、と思いつつ、今に至りました。

そのようなわけで、遅れに遅れ、誠に申し訳ない次第なのですが、いまの今、解約なりと、必要な措置を貴社へ依頼したく、このメールをお送りしました。

つきましては、ご処理方、よろしくお願いしたく存じます。貴社でのご処理に際しては、必要な事項、種々あるかと存じます。どうぞ小生にお問い合わせください。

（追記）
送付された宅配物の、現物の写真を、ご参考までに、このメールに添付します。中身の雑誌と外装、２点を収めました。ご照覧ください。当人に関する情報も、貴社のご用便にでもと、下記に摘記しておきます。



岩淵謙
神奈川県川崎市宮前区宮崎６－６－７１
iwabuchik.2010@gmail.com


付記
本人氏名：岩淵孝
顧客番号（？）：1239772 （外装の表面、シール部分内の、太字のもの）
本人住所（購読時）：神奈川県川崎市犬蔵２－２３－６ニチイホーム

/---------- draft:end ]]

//---------- resources
C:\WORKS_2\Downloads\2022-12-13_12-14-52_000.jpg

cs@fujisan.co.jp


	n:
		send email
	
	]12:27:15

	
	[15:08:53
	
		送った	]15:22:03
	
	n:
		COMP.
	]15:22:10


