###2022年8月4日10:50:31

	>> re-view
	
	
	
	n:
		re-play
		-->##20220804_105323
		-->##20220804_105710

	[2022年8月4日18:43:39
	
		2022-07-31 s-2 p-2 ①
			R=?#
	
	n:
		this ==> znowu
	
	]18:50:55
	



###2022年8月6日18:07:30


###2022年8月8日18:45:58
	
	review
	2202-08-07:p1
		]18:48:07
	
	rev
	08-06:p1	[18:48:38
		
		new : ③
		]18:57:01
	
	rev
	s-2:07-31:p-2	[19:00:19
	
		n+
		R=+

	[22:16:05
	
		C:\WORKS_2\WS\WS_Others.Art\JVEMV6\46_art\13_compositions\2022_07_31_s-2_p-2.mscz		##20220809_102525
		
			write
				msr : 1-4
		
		n:
			page-1 : ② --> write down		##20220811_171551
			
			
			
		]22:24:13
		
			[2022年8月9日10:25:54
			add : tempo : t4=120
			add : measures : section : A1-2
			add : section : A2-1;A2-2
				２重奏のためのセクション
			mixer
				1. flute-1
					vol : 上から、２本目
				2. flute-2
					vol : 上から、４本目
			add : symbol : 強弱
				A1		:to
				mf		:what
			export
				"C:\WORKS_2\WS\WS_Others.Art\JVEMV6\46_art\13_compositions\2022_07_31_s-2_p-2.(20220809_104230).mp3"
			*git
			
			n:
				ANY
				]10:39:05	
			
			[2022年8月11日17:07:28	##20220811_170732
			
				page-1 : ② --> write down (-->##20220811_171551)
				http://benfranklin.chips.jp/cake_apps/Cake_IFM11/images/view/54430
					
					*A3-1
					A3a-1,A3a-2	: ２重奏のためのセクション
					
				
			[2022年8月17日17:55:12
			
				http://benfranklin.chips.jp/cake_apps/Cake_IFM11/images/view/54539
				
				write-down
				
				new : A4-1
					memo : page-1
					copy : A1,A1-2
					]18:00:53
				
				new : A5-1
					memo : page-1,<2>
					]18:06:17
				
				n:
					page-2,page-3 --> w.d.(write-down)
				]2022年8月17日18:07:21	/##20220817_180741
			[2022年8月18日18:09:39
			
				w.d.
				page-2
				new : A5-1
					memo : page-2
				new : A6.v1-1 / A5-1
					A6.v1-1 / A6-1
				
				n:
					page-3 --> w.d.
				]2022年8月18日18:17:52	/##20220818_181757
				
			[2022年8月19日18:00:24
				--> stop.	]18:03:19
					--> back to daylog section

	n:
		rev:prac: G:\videos\15_flute\2022-08-06_18-31-19_000.mp4	]2022年8月9日9:47:43		##20220809_180248
		
###2022年8月9日10:25:08

	(ms
	##20220809_102525
		
	[2022年8月9日18:03:08
	
		-->##20220809_180248

	n:
		1. -->##20220809_180248
		2. ANY
		3. G:\videos\15_flute\2022\2022_07-09\2022-07-25_18-39-47_000.mp4		##20220810_181843
			review		]2022年8月10日1:06:38


###2022年8月10日18:04:58

	rev
		*-->##20220810_181843
	new melody
		R=1*
	*rev
		-->##20220809_102525	[18:49:33
	
	n:
		1. ms : write-out
			this time, page-1,-2
	]19:02:53
		




###2022年8月11日17:38:01

	-->##20220811_170732
	
	[2022年8月11日17:38:24	write-out
	
		G:\tmp.20220507_191202\2022-08-09_18-30-30_000.mp4
		
		muse : C:\WORKS_2\WS\WS_Others.Art\JVEMV6\46_art\13_compositions\2022-08-09_18-30-30_000.mp4.mscz
				##20220811_174612
			mp4
			0:10
				ms : msr : 1-3
				~0:19
			
			n: continue
			
			[2022年8月12日17:54:54
			0:20:326	audacity
			2022-08-09_18-30-30_000.mp4.mp3
				*==> to mob
					C:\WORKS_2\Downloads\4k\storage_4k\composition_20210902_115601
					
				]18:03:46
	
	]17:46:03
		
	[2022年8月11日18:01:36
	
	LOG


###2022年8月12日17:54:47

	-->##20220811_174612

	
	n:
		1. write-out : 2022-08-04の、どれか	]2022年8月13日1:04:39


###2022年8月14日18:06:55

	
	n:
		1. メモしたメロディー。書き込み。
			2022_07_31_s-2_p-2.mscz
		
		2. write	]2022年8月15日1:21:11
			2022-07-22,length=1:00
			 2022-07-22_19-01-15_000.mp4
			C:\WORKS_2\WS\WS_Others.Art\JVEMV6\46_art\13_compositions\audio_files\2022-08-14_19-01-33_000.mp4.mp3		]2022年8月15日11:38:00
		




###2022年8月15日18:49:25

	rev
	http://benfranklin.chips.jp/cake_apps/Cake_IFM11/images/view/54539
		
		*page-1
		*page-2
		
		n:
			ANY
			page-3
	
	]19:07:31


###2022年8月17日17:53:29

	-->##20220809_102525
		
		up to : -->/##20220817_180741

###2022年8月18日18:08:46

	-->##20220809_102525
	
		up to : -->/##20220818_181757

###2022年8月19日17:59:31

	1.
	-->##20220809_102525
	
	2.
		http://benfranklin.chips.jp/cake_apps/Cake_IFM11/images/view/54430
			
			page-3
			
			new score
				C:\WORKS_2\WS\WS_Others.Art\JVEMV6\46_art\13_compositions\2022_08_14_s-1_p-3.mscz	##20220820_145117
			
			[2022年8月19日18:09:16
			
				new msr : A1
					len : msr : 6
				
				n:
					1. accomp --> add : any melody
					2. ANY
				
				]18:09:55	/##20220819_181003
				
			[2022年8月20日15:02:26
			
				new msr : A2
					source : http://benfranklin.chips.jp/cake_apps/Cake_IFM11/images/view/54620
						==> page-3
					
					msr from : 7
				
				new msr : A2-0
					source : A1, melody, 2 msrs
				
				new msr : ~A2-3
					msr no. : ~14
				
				n:
					1. w.o. : http://benfranklin.chips.jp/cake_apps/Cake_IFM11/images/view/54620
						==> Page-1,2
				
				]15:19:42	/##20220820_152433
	



###2022年8月20日14:51:33

	-->##20220820_145117
		
		from : -->/##20220819_181003
		
		up to : -->/##20220820_152433
	
	[17:53:39
	-->##20220820_145117
		
		from: -->/##20220820_152433
	
	[new score
	
		C:\WORKS_2\WS\WS_Others.Art\JVEMV6\46_art\13_compositions\2022_08_14_s-1_p-3.mscz		memo##20220820_180905
			page-2
			##20220820_175604
			
			[new file
				C:\WORKS_2\WS\WS_Others.Art\JVEMV6\46_art\13_compositions\2022-08-19_19-02-23_000.jpg.mscz
				
			new msr : A1-1,-2
				len : msr : 8
				
				n:
					1. play impro, new melodies
					2. -->memo##20220820_180905 : page-1, page-2
					. ANY
				
				]2022年8月20日18:09:45	/##20220820_180947




###2022年8月21日14:47:24

	[addition
	
		http://benfranklin.chips.jp/cake_apps/Cake_IFM11/images/view/54702
		2022-08-19_19-02-23_000.jpg.mscz
			page-3
			
			*msr : new : A2-1
			
			msr : new : A3-1
				page-3 / <2>
			
			n:
				1. comp.(jes`li jakis` dodatek w przyszl`os`ci, zapiszmy.)
				
				]15:05:19
	
	[new file
		http://benfranklin.chips.jp/cake_apps/Cake_IFM11/images/view/54702
			page-1,2
			
			file : C:\WORKS_2\WS\WS_Others.Art\JVEMV6\46_art\13_compositions\2022-08-19_19-02-23_000.jpg.page-1,2.mscz	##20220822_181004
			*msr : n : A1-1 / ２連-頭
			*msr : n : A1-1 / ２連-尾
			*msr : n : B1-1 / ２連-頭
			*msr : n : B1-1 / ２連-尾
		
		n:
			1. w.o. --> page-2
		
		]15:25:47
		
		[2022年8月21日18:00:15	##20220821_180031/
		
			*1. w.o. --> page-2
			
				 msr : n : B2-1 / ２連-頭
				
			*2. w.o. --> page-2:<3>	]18:12:22
				B3-1
		n:
			1. comp
			2. これまでに書いたメモ、wo してもいい
			3. ANY
		]2022年8月21日18:13:08
		
		[2022年8月22日18:10:37
		
			*new msr : B3
				source : http://benfranklin.chips.jp/cake_apps/Cake_IFM11/images/view/54712	page-2
				
			n: ANY
			
			]2022年8月22日18:13:32
	
	n:
		1. 作ったmuse ファイルたち。dodatki を、即興作成、しよう。
		]15:29:10
	
	[2022年8月21日18:00:53
	
		-->##20220821_180031/
	


###2022年8月22日18:10:21

	-->##20220822_181004

###2022年8月23日18:04:57

	[new file
	
		C:\WORKS_2\WS\WS_Others.Art\JVEMV6\46_art\13_compositions\2022-08-21_19-02-41_000.jpg.page-1.mscz		##20220823_181534
		
			source : http://benfranklin.chips.jp/cake_apps/Cake_IFM11/images/view/54712
			
			write
				*A1-1
				*A1-2
			
			n:
				ANY
			]2022年8月23日18:15:48	/##20220823_181600




###2022年8月24日15:48:11
	
	[review
	http://benfranklin.chips.jp/cake_apps/Cake_IFM11/images/view/54620
	
		
	
	[new file
		
		http://benfranklin.chips.jp/cake_apps/Cake_IFM11/images/view/54734	page-1~
		muse : 2022-08-23_19-07-42_000.jpg.page-1,-2,-3
			
			*A1-1
			*A1-2
			A2-1	[16:07:19
			*B1-1 : p-3 : sabi-1	]16:13:38
			
			n:
				1. COMP
				2. other melody : page-4~
			
		]2022年8月24日16:17:06

###2022年8月25日15:09:17

	*[new file
	http://benfranklin.chips.jp/cake_apps/Cake_IFM11/images/view/54745
	
		muse : DUP : 2022-08-23_19-07-42_000.jpg.page-1,-2,-3 - コピー.mscz
			rename : 2022-08-24_19-00-48_000.jpg.page-1,-2.mscz
			open
			edit
				title
				sub-title
				delete : msrs
				delete : notes
			write
				*A1-1 : page-1 : mel-1
				B1-1 : page-2 : mel-1 : 地	[15:26:58
				C1-1 : page-2 : mel-1 : 鳴き	]15:38:03
		n:
			COMP
	]15:38:24




###2022年8月26日14:53:24

	[new file
	url : http://benfranklin.chips.jp/cake_apps/Cake_IFM11/images/view/54757	page-1
	
		muse : DUP : 2022-08-24_19-00-48_000.jpg.page-1,-2.mscz
			rename : 2022-08-25_19-04-31_000.jpg.page-1.mscz
			*open
			edit
				1. title
				*2. sub-title
				*3. delete : msrs
				*4. delete : notes
			write
				*
			
			*export		]15:02:17
				C:\WORKS_2\WS\WS_Others.Art\JVEMV6\46_art\13_compositions\2022-08-25_19-04-31_000.jpg.page-1.[20220826_150111].pdf
	
	[new file
	url : http://benfranklin.chips.jp/cake_apps/Cake_IFM11/images/view/54757	page-2
	
		muse : DUP : 2022-08-25_19-04-31_000.jpg.page-1.mscz
			*rename : 2022-08-25_19-04-31_000.jpg.page-2.mscz
			open
			*edit
				1. title
				2. sub-title
				3. delete : msrs
				4. delete : notes
			*write
				
			
			export
				C:\WORKS_2\WS\WS_Others.Art\JVEMV6\46_art\13_compositions\2022-08-25_19-04-31_000.jpg.page-2.[20220826_151252].pdf

		n:

	[2022年8月26日18:34:06
	[play
	
		2022-08-25_19-04-31_000.jpg.page-2.mscz
			n : enough
		
		2022-08-24_19-00-48_000.jpg.page-1,-2.mscz
			difficu;
				msr : 5-6
		
		*2022-08-25_19-04-31_000.jpg.page-1.mscz
			n: eno.		]18:45:18
		
		2022-08-23_19-07-42_000.jpg.page-1,-2,-3.mscz
		
		n:
			1. 2022-08-23_19-07-42_000.jpg.page-1,-2,-3.mscz	==> rev
		
		]19:05:19
		


###2022年8月27日11:23:14

	[new file
	url : http://benfranklin.chips.jp/cake_apps/Cake_IFM11/images/view/54734
			page-4
		http://benfranklin.chips.jp/cake_apps/Cake_IFM11/images/view/54733
			page-5
	
		muse : 
			1. DUP : 2022-08-25_19-04-31_000.jpg.page-2.mscz
			2. rename : 2022-08-23_19-07-42_000.jpg.page-4,-5.mscz
			*3. open
			4. edit
				1. title
				2. sub-title
				3. delete : msrs
				*4. delete : notes
			5. write
				*A1-1 : page-4 : mel-1	]11:32:38
				B1-1 : page-1 : sabi-1
			
			6. export
				1. pdf : C:\WORKS_2\WS\WS_Others.Art\JVEMV6\46_art\13_compositions\pdf_files\2022-08-23_19-07-42_000.jpg.page-4,-5.[20220827_113616].pdf
				2. mp3 : C:\WORKS_2\WS\WS_Others.Art\JVEMV6\46_art\13_compositions\audio_files\2022-08-23_19-07-42_000.jpg.page-4,-5.[20220827_113616].mp3
		
		n:
			new file, any
		
		]11:40:39
		
	[18:55:12
	[play
	*2022-08-23_19-07-42_000.jpg.page-4,-5.mscz
		n:play+
	*2022-08-23_19-07-42_000.jpg.page-1,-2,-3.mscz
		n: play+
			--> lets modify, arrange
	2022-08-25_19-04-31_000.jpg.page-2.mscz
		n: play+
			--> if it comes, impro.


###2022年8月28日11:40:29

	[new file
	url : http://benfranklin.chips.jp/cake_apps/Cake_IFM11/images/view/54722
		page-1
	
		muse : 
			1. DUP : 2022-08-23_19-07-42_000.jpg.page-1,-2,-3.mscz
			2. rename : 2022-08-22_19-00-16_000.jpg.mscz
			3. open
			4. edit
				1. title
				2. sub-title
				3. delete : msrs
				4. delete : notes
			*5. write
				
			
			6. export
				1. pdf : C:\WORKS_2\WS\WS_Others.Art\JVEMV6\46_art\13_compositions\pdf_files\2022-08-25_19-04-31_000.jpg.page-X.[XXX].pdf
				2. mp3 : C:\WORKS_2\WS\WS_Others.Art\JVEMV6\46_art\13_compositions\audio_files\XXX.[XXX].mp3
			7. next
				1. zagrajmy. dodatek nowe melodie gdy przyjdzie.
		
		]11:50:47
	
	[mscz:dodatek
	url : http://benfranklin.chips.jp/cake_apps/Cake_IFM11/images/view/54712
		page-2
	
		muse : 
			1. 2022-08-19_19-02-23_000.jpg.mscz
				http://benfranklin.chips.jp/cake_apps/Cake_IFM11/images/view/54620
			3. open
			*5. write
				*B1-1 : msr : 17-24
				
			
			6. export
				1. pdf : 2022-08-19_19-02-23_000.jpg.[20220828_120534].pdf
				2. mp3 : 2022-08-19_19-02-23_000.jpg.[20220828_120534].mp3
			7. next
				1. ukon`czone : na razie
			
			8. other
				1. B1-1 --> do nowej niezalez@nej melodii?		]2022年8月29日16:48:09
		
		]12:08:34

	[play
		2022-08-23_19-07-42_000.jpg.page-4,-5.mscz	(re)
			--> drop
		
		]19:00:27



###2022年8月29日16:41:07

	[mscz:nowa
	url : http://benfranklin.chips.jp/cake_apps/Cake_IFM11/images/view/54712
		page-3
		
		muse : 
			1. DUP : 2022-08-21_19-02-41_000.jpg.page-1.mscz
			*2. rename : 2022-08-21_19-02-41_000.jpg.page-3.mscz
			3. open
			*4. edit
				1. title
				2. sub-title
				3. delete : msrs
				4. delete : notes
			*5. write	[16:54:59	]17:07:20
				*A1-1
				*A1-2
			
			6. export
				1. pdf : 2022-08-21_19-02-41_000.jpg.page-3.[20220829_170818].pdf
				2. mp3 : 2022-08-21_19-02-41_000.jpg.page-3.[20220829_170818].mp3
			7. next
				1. any
			
			]17:09:42

	*[mscz:dodatek		[17:13:20
	url : http://benfranklin.chips.jp/cake_apps/Cake_IFM11/images/view/54702
		page-3
		
		main : 2022-08-19_19-02-23_000.jpg.mscz
			file name : change to --> 2022-08-19_19-02-23_000.jpg.page-2.mscz
				http://benfranklin.chips.jp/cake_apps/Cake_IFM11/images/view/54620
					page-2
		
		muse : 
			%1. DUP : XXX.mscz
			%2. rename : XXX.mscz
			3. open
			%4. edit
				1. title
				2. sub-title
				3. delete : msrs
				4. delete : notes
			*5. write	]17:26:30
				*A3-1 : new
				*A4-1 : new
				
			*6. export
				1. pdf : C:\WORKS_2\WS\WS_Others.Art\JVEMV6\46_art\13_compositions\pdf_files\2022-08-19_19-02-23_000.jpg.page-2.[20220829_172657].pdf
				2. mp3 : C:\WORKS_2\WS\WS_Others.Art\JVEMV6\46_art\13_compositions\audio_files\2022-08-19_19-02-23_000.jpg.page-2.[20220829_172657].mp3
			*7. remote data --> update
				",musescore=+"
			8. next
				1. comp
	
	]17:28:41
	
	[play		[17:56:33
		2022-08-23_19-07-42_000.jpg.page-4,-5.mscz	(re)
		2022-08-23_19-07-42_000.jpg.page-1,-2,-3.mscz
		2022-08-25_19-04-31_000.jpg.page-2.mscz
		
		==> continue	]19:03:47

###2022年8月30日11:05:19

	[mscz:nowa
	url : http://benfranklin.chips.jp/cake_apps/Cake_IFM11/images/view/54790
		page-1
	
		muse : 
			1. DUP : 2022-08-25_19-04-31_000.jpg.page-2.mscz
			2. rename : 2022-08-29_18-59-56_000.jpg.mscz
			*3. open
			4. edit
				1. title
				2. sub-title
				3. delete : msrs
				*4. delete : notes
			*5. write	[11:33:07
				*A1-1 : mel-1	]11:36:32
			
			6. export : 20220830_113643
				1. pdf : 2022-08-29_18-59-56_000.jpg.[20220830_113643].pdf
				2. mp3 : 2022-08-29_18-59-56_000.jpg.[20220830_113643].mp3
			*7. remote data --> update
				",musescore=+"
			8. next
				1. comp
		]11:39:04


	[play		[18:03:26
		2022-08-23_19-07-42_000.jpg.page-4,-5.mscz	(re)
		2022-08-23_19-07-42_000.jpg.page-1,-2,-3.mscz
		2022-08-25_19-04-31_000.jpg.page-2.mscz

@@@

###2022年8月31日16:58:57

	[mscz:nowa
	url : http://benfranklin.chips.jp/cake_apps/Cake_IFM11/images/view/54802
		page-1
	
		muse : 
			1. DUP : 2022-08-29_18-59-56_000.jpg.mscz
			2. rename : 2022-08-30_19-01-25_000.jpg.mscz
			*3. open	]17:02:00
			*4. edit		]17:02:36
				1. title
				2. sub-title
				3. delete : msrs
				4. delete : notes
			*5. write	]17:06:31
			*6. export : [20220831_170639].	]17:11:46
				*1. pdf : 2022-08-30_19-01-25_000.jpg.[20220831_170639].pdf
				*2. mp3 : 2022-08-30_19-01-25_000.jpg.[20220831_170639].mp3
			*7. remote data --> update
				",musescore=+"
			8. next
				1. comp

	[mscz:nowa		[17:13:04
	url : http://benfranklin.chips.jp/cake_apps/Cake_IFM11/images/view/54791
		page-1
	
		muse : 
			*1. DUP : 2022-08-30_19-01-25_000.jpg.mscz
			*2. rename : 2022-08-29_17-55-50_000.jpg.mscz
			3. open
			*4. edit		]17:15:00
				1. title
				2. sub-title
				3. delete : msrs
				4. delete : notes
				5. time signature
			*5. write		]17:21:39
				
			
			*6. export : [20220831_172144].
				1. pdf : 2022-08-29_17-55-50_000.jpg.[20220831_172144].pdf
				2. mp3 : 2022-08-29_17-55-50_000.jpg.[20220831_172144].mp3
			*7. remote data --> update
				",musescore=+"
			*8. next
				1. want-to :
					1. "add-impro" (即興で、メロディーを新たに作る)
	
	]17:23:50



###






###






###






###






###






###		---last:2






###







======================== list
p-1
p-2
p-3
p-4
p-5
p-6
p-7
p-8
p-8.1






###







###







###







### -- last-3





###






###





############ RESOURCES 2021年10月28日10:37:42


###2021年9月1日19:01:24
============================== url : main

http://benfranklin.chips.jp/cake_apps/Cake_IFM11/images/index_2?filter_memo=session+shino&sort=file_name&direction=desc&RBs_AND_OR_Memo=AND

http://benfranklin.chips.jp/cake_apps/Cake_IFM11/images/index_2?filter_memo=session+shino+用意&sort=file_name&direction=desc&RBs_AND_OR_Memo=AND
http://benfranklin.chips.jp/cake_apps/Cake_IFM11/images/index_2?filter_memo=video+shino&sort=file_name&direction=desc&RBs_AND_OR_Memo=AND

###2021年10月28日10:37:57
====================== fingering : dai-kan

https://www.onikko-shop.com/blog/blowing-how-shinobue/ "●大甲音（高音）"


###2021年12月17日13:30:57
====================== file : shaku

C:\WORKS_2\shortcuts_docs\log_jap-flute_bamboo.log


###2022年4月13日15:41:44
====================== file : start_keyboard

C:\WORKS_2\WS\WS_Others.Art\JVEMV6\46_art\8_kb\start_keyboard.bat


###2022年8月10日18:28:20
====================== file : batch,bat:
C:\WORKS_2\shortcuts_docs\log_files\start_music-composition_v2.bat

//sakura
sakura C:\WORKS_2\shortcuts_docs\log_files\start_music-composition_v2.bat

//2022年8月16日18:09:06
C:\WORKS_2\shortcuts_docs\log_files\start_music-composition_v2.open-log-files.bat

//2022年8月24日15:42:28
pushd C:\Users\iwabuchiken\AppData\Local\Yandex\YandexBrowser\Application

set url_1="http://benfranklin.chips.jp/cake_apps/Cake_IFM11/images/index_2?filter_memo=shinobue&sort=file_name&direction=desc&RBs_AND_OR_Memo=AND"

browser.exe %url_1%


###2022年8月15日11:32:43
====================== folders
//13_compositions
C:\WORKS_2\WS\WS_Others.Art\JVEMV6\46_art\13_compositions

//audio_files
C:\WORKS_2\WS\WS_Others.Art\JVEMV6\46_art\13_compositions\audio_files

###2022年2月7日18:07:05
====================== template : new file
	[new file
	
	[mscz:nowa
	[mscz:dodatek
	url : http://benfranklin.chips.jp/cake_apps/Cake_IFM11/images/view/XXX
		page-X
	
		muse : 
			1. DUP : XXX.mscz
			2. rename : XXX.mscz
			3. open
			4. edit
				1. title
				2. sub-title
				3. delete : msrs
				4. delete : notes
				5. time signature
			5. write
				
			
			6. export : [XXX_XXX].
				1. pdf : XXX.pdf
				2. mp3 : XXX.mp3
			7. remote data --> update
				",musescore=+"
			8. next
				1. XXX
				




###2022年2月7日18:07:05
====================== steps : sound file in.
1. rec
2. to PC
3. tmp dir
	rename
3. avidemux --> 
	open
	crop
	
###2022年2月9日17:56:59
==================== steps : start session
	
	1. log
		1. locate log starting point
		2. C - M - w	(folding)
	
	2. prev videos --> load to player
	
		1. prev
		2. percussion	: 2022-02-07_18-06-29_000.extract.avi 
	
	3. what to do --> set 2-3 items	]2022年2月10日13:36:52
	


###2021年7月7日10:50:31
XXX
====================== closing : git

------------------------------- git : WS_Others.Art
//2022年8月30日11:41:27
C:\WORKS_2\shortcuts_docs\end_batch\end_log_jap-flute_shino.log.v2.bat

//2022年8月20日14:49:18

C:\WORKS_2\start_a.bat



set stringof_commit_message="JVE_46_jp-flute : shino: play"

set stringof_commit_message="JVE_46_jp-flute : shino: compose"

pushd C:\WORKS_2\shortcuts_docs && g a . && g c -m %stringof_commit_message% && C:\WORKS_2\a && r a && g a . && g c -m %stringof_commit_message% && e && p

//C:\WORKS_2\a && r a && g a . && g c -m %stringof_commit_message% && e && p && pushd C:\WORKS_2\shortcuts_docs && g a . && g c -m %stringof_commit_message%


//2022年8月25日15:40:24
start C:\WORKS_2\shortcuts_docs\end_batch\end_log_jap-flute_shino.log.bat


C:\WORKS_2\start_a.bat





rem set stringof_session_id="reviewing" 
set stringof_session_id="play" 


set stringof_project_id="JVE_46.[15_jp-flute] : %stringof_session_id:"=%" 

set stringof_session_id="practice" 
set stringof_session_id="practice : shino,shaku" 
set stringof_project_id="JVE_46_jp-flute: shino,shaku : %stringof_session_id:"=%" 

set stringof_session_id="shino: compose : 2022_07_31_s-2_p-2.mscz : time=20220809_104005" 
set stringof_session_id="shino"
rem set stringof_session_id="practice : shino"

-------------------------------
//##mark:20220825_154200
C:\WORKS_2\start_a.bat

set stringof_session_id="shino: compose"

set stringof_project_id="JVE_46_jp-flute : %stringof_session_id:"=%"

C:\WORKS_2\shortcuts_docs\log_files\end_log_JVE_ALL.[ai].git.bat %stringof_project_id:"=%

//C:\WORKS_2\shortcuts_docs\end_log_JVE_ALL.[ai].git.bat %stringof_project_id:"=%



運指
https://wagakki-hiroba.com/blowing-how-shinobue/

//2022年8月6日19:07:48
https://iphone-master-user.com/7086.html#i
	大甲音の運指表

## memo : fingering : alt : 2022年4月9日18:03:02 ]]
http://benfranklin.chips.jp/cake_apps/Cake_IFM11/images/index_2?filter_memo=shino+finger+alt&sort=file_name&direction=desc&RBs_AND_OR_Memo=AND

## memo : fingering : 2022年4月8日15:41:23 ]]
http://benfranklin.chips.jp/cake_apps/Cake_IFM11/images/index_2?filter_memo=shino+finger&sort=file_name&direction=desc&RBs_AND_OR_Memo=AND

//memo : session : 2022年4月8日15:41:23
http://benfranklin.chips.jp/cake_apps/Cake_IFM11/images/index_2?filter_memo=session+shino&sort=file_name&direction=desc&RBs_AND_OR_Memo=AND

### 2022年4月14日19:04:10
// web pages : apps
C:\WORKS_2\shortcuts_docs\log_jap-flute_shino_start_browser.bat

https://metronomeonline.com/
https://www.onlinepianist.com/virtual-piano

###2021年7月7日10:50:35
====================== closing

## close : apps : (before)2022年4月8日15:41:51 ]]
C:\WORKS_2\shortcuts_docs\log_files\end_log_shino.bat
//C:\WORKS_2\shortcuts_docs\end_log_shino.bat


"C:\WORKS_2\shortcuts_docs\end_log_JVE_70.[CO2]_apps.bat"
