###2023年4月10日22:13:39

スレッドを開きました。6 件のメッセージがあります。未読メッセージはありません。
Re: Alleluja! Alleluja!!!
受信トレイ

immamura@onet.eu
2023/04/09 22:34 (23 時間前)
To Ken, Masako, 自分

   
メッセージを翻訳
次の言語で無効にする: ポーランド語


W dniu 2023-04-08 20:49:37 użytkownik immamura@onet.eu napisał:
> Drogi Ken & Masako !

Z okazji Świąt Wielkiej Nocy i Zmartwychwstania Jezusa Chrystusa przesyłamy wraz z Natalią i całą moją rodziną najserdeczniejsze
ze życzenia zdrowia, radości i wszelkiej pomyślności.
Nie mieliśmy długo kontaktu ze sobą ale mam nadzieję, że czas pandemii minął i nie powróci więcej.
U nas wszystko w porządku. Oskar się ożenił i już ma dwie małe córeczki : Rosa, Luci. Mieszkają w Gliwicach.
Również najmłodsza siostra Oskara - Olga wyszła za mąż i mają dwie małe córeczki o imionach: Agata i Michelin,
Iga, druga siostra Oskara mieszka z partnerem w Krakowie i jeszcze nie mają dzieci.
My z Natalią mieszkamy razem w Krakowie. Natalią maluje piękne obrazy.
Ja też teraz dużo maluję i jeżdżę na plenery artystyczne.
Jestem ciekawa co u Was , czy wszyscy zdrowi. Jak się czuje mama ? Ostatnio śniła mi się Twoją Mama . Chciałabym ją jeszcze spotkać. To dobry i piękny człowiek.
Bardzo bym się cieszyła, gdybym dostała od as jakąś wiadomość. Wspominam dawne , dobre lata jeszcze sprzed pandemii.
Niech Bóg Was błogosławi !!!

Urszula & Natalia




immamura@onet.eu
2023/04/09 22:37 (23 時間前)
To Ken, Masako, 自分

   
メッセージを翻訳
次の言語で無効にする: ポーランド語



W dniu 2023-04-08 20:49:37 użytkownik immamura@onet.eu napisał:
> Drogi Ken & Masako !

Z okazji Świąt Wielkiej Nocy i Zmartwychwstania Jezusa Chrystusa przesyłamy wraz z Natalią i całą moją rodziną najserdeczniejsze
ze życzenia zdrowia, radości i wszelkiej pomyślności.
Nie mieliśmy długo kontaktu ze sobą ale mam nadzieję, że czas pandemii minął i nie powróci więcej.
U nas wszystko w porządku. Oskar się ożenił i już ma dwie małe córeczki : Rosa, Luci. Mieszkają w Gliwicach.
Również najmłodsza siostra Oskara - Olga wyszła za mąż i mają dwie małe córeczki o imionach: Agata i Michelin,
Iga, druga siostra Oskara mieszka z partnerem w Krakowie i jeszcze nie mają dzieci.
My z Natalią mieszkamy razem w Krakowie. Natalią maluje piękne obrazy.
Ja też teraz dużo maluję i jeżdżę na plenery artystyczne.
Jestem ciekawa co u Was , czy wszyscy zdrowi. Jak się czuje mama ? Ostatnio śniła mi się Twoją Mama . Chciałabym ją jeszcze spotkać. To dobry i piękny człowiek.
Bardzo bym się cieszyła, gdybym dostała od as jakąś wiadomość. Wspominam dawne , dobre lata jeszcze sprzed pandemii.
Niech Bóg Was błogosławi !!!

Urszula & Natalia



immamura@onet.eu
添付ファイル
2023/04/09 22:39 (23 時間前)
To 自分

   
メッセージを翻訳
次の言語で無効にする: ポーランド語

6
 個の添付ファイル
  •  Gmail でスキャン済み

immamura@onet.eu
2023/04/09 22:44 (23 時間前)
To Masako, 自分

   
メッセージを翻訳
次の言語で無効にする: ポーランド語


immamura@onet.eu
2023/04/09 22:45 (23 時間前)
To 自分, Iwabuchi

   
メッセージを翻訳
次の言語で無効にする: ポーランド語


Iwabuchi Ken <iwabuchi.k.2010@gmail.com>
10:35 (11 時間前)
To Masako

ウルスラさんからのメール。復活節の折に。

DSCN0221.JPG を表示しています。


----------------------------
//Drogi Urszula & Natalia
Drogi Urszula, Natalia & wasze rodziny.

Dziękuję bardzo za Twoj email. Byłem zaskoczony. 
Cieszę się, że słyszę, jak się macie tam. Teraz masz dużą rodzinę. Czuję ciepło, wiedząc o tym.

Jestem dobrze. Covid, nie złapałem. Wdzięczny bardzo. Nadal mieszkam z mamą.

Mama, ona jest dobrze też. Nie złapałem covid także. 
Tylko, że jej cykl depresji trwa. Nie ciężki. Czuje nisko. 
Większość dnia, ona siedzi po prostu  na krześle. Mówi, że jej nogi są coraz słabsze. Martwię się o to.
Staram się, żeby ona zrobiła jakiś trening mięśni.

Powiedziałem jej o twoim e-mailu. O śnie, który miałeś. Ona wyglądała zadowoloną z tym. 

mówi, że bardzo dobrze cię pamięta. Mówi, że kiedy gotuje w kuchni, często przypomina sobie kuchnię w twoim domu i także ten okazje, które z tobą tam spędziła.

Powiedziałem jej, że chcesz się z nią znowu spotkać. Mam też nadzieję, że możesz. Tylko, mówi, że nie jest pewna kolejnej wyprawy. Jej warunki fizyczne mogą nie wystarczyć. Było mi bardzo smutno to słyszeć. ale wciąż mam nadzieję, że nadejdą takie dni.

chcę jeszcze raz podziękować za e-mail. Tak miło.

Proszę napisz do mnie jeszcze raz. Pozwól mi kiedyś zobaczyć obrazy Twoje i Natalii.

Proszę prześlijcie moje pozdrowienia waszym rodzinom. Jagoda, czy tak ma na imię siostra Natalii? Pamiętam trójkę jej dzieci. Oskar, Iga, Olga.

serdecznie, moje serce dla was wszystkich. Niech Bóg błogosławi twoje dni.

Ken & Mama

-------------------------
it is just, that her depression cycyle is continuing. Not severe. Just that she feels down. Not much of liveliness. low. she feels.

she sits on the chair most of the day. she says her legs are getting weaker. I am worried about that. I try to have her do some muscle training.

I told her about your e-mail. about a dream you had. she looked pleased.

she says, that she remembers of you very well. When she cooks in the kitchen, she says, she often remembers the kitchen of your house, and occasions she had with you.

i told her that you want to meet her again. I also do hope that you can. She says she is not sure for another trip. I was very sad to hear that.

i want to thank you again for your email. So nice of you.

i want to thank you again for your email. So nice.

Please write to me again. Please let me see your and Natalia's paintings sometime.

Please send my greetings to your families. Jagoda, is that the name of Natalia's sister? I remember the three children of hers. Oskar, Iga, Olga.

heartily, my heart to you all. May God bless your days.


