###2022年12月12日12:09:31

	相続 限定承認
	相続+限定承認 https://duckduckgo.com/?q=相続+限定承認&t=h_&ia=web
	
		相続の限定承認の申述 https://www.courts.go.jp/saiban/syurui/syurui_kazi/kazi_06_14/index.html
			家庭裁判所にその旨の申述をしなければなりません
			相続人全員が共同して行う
			3か月以内
			収入印紙800円分
			
			相続の承認又は放棄の期間の伸長の申立て
		
		 https://legacy.ne.jp/knowledge/now/souzoku-zei/022-genteishounin-tetsuduki-merit-demerit/
	
	民事債権+時効 https://duckduckgo.com/?q=民事債権+時効&t=h_&ia=web
		時効一覧表 https://www.home-one.jp/kigyouhoumu/saiken/jikou.html#section1
		
	FOUND:
		1. 今日時点。限定承認　=>　すでに、その権利は消滅している。
		2. 放棄　=>　も、もはや、できない。
	
	今後の対策：
		１．受け取る金銭　=>　５年は、消費しない。保管。
		２．３０万円（が、目安か）を超える金額の、債権の請求について　=>　債権契約、それ自体の、適法性を、争う。
	今後の行動：
		１．？　=>　時間をおいて、また意識に載せよう。
	
	]13:09:44
	
	
	
	