###2021年11月3日8:19:36

	>> re-view
		*G:\videos\15_flute\2021-10-26_18-48-23_000.mp4
			http://benfranklin.chips.jp/cake_apps/Cake_IFM11/images/view/50221
		
			]8:25:14
			
		*G:\videos\15_flute\2021-10-26_22-37-16_000.mp4
			t.m.
			]8:26:59
		
		*G:\videos\15_flute\2021\2021-10-20_18-23-57_000.mp4
			t.m.
			Re+			]8:29:24
			##20220804_105323
			
		*G:\videos\15_flute\2021\2021-10-20_18-59-32_000.mp4
			大甲。t.m.
			Re+
			]8:34:56
			
			##20220804_105710
			
		G:\videos\15_flute\2021-10-25_18-58-52_000.mp4
			t.m.
			Re+
			]8:38:07

	>> lets : tech : 例えば、乙のh-6の音を出す。h-1をon/offすると、音が揺れる。の、効果による、ビブラート。

###2021年11月30日19:11:13

	lets follow
		C:\WORKS_2\WS\WS_Cake_IFM11\movies_WS_Cake_IFM11\2019\a_15_flute\2021-11-17_19-00-11_000.mp4

###2021年12月1日14:58:55

	n: blow : h-6`;7`8`	##20211201_182840

###2021年12月1日18:20:29
	
	1. prac:transition
		h:7->4
		中指、後。薬指より。
		seq:7-0-7-4
			k:h-7(Af)
				pitch:1-2-1-L5
	2. prac : kan	[18:21:25
		blow : h-6`;7`8` (-->##20211201_182840
		
	3. tm
		8va:4.8-7.8-7.4-7.4-4.4x3
		8va:4.4-7.8-6.8-7.4-0.4-7.4x3-S.4 (S:休符)
	4. seq
		7-1h`-2h`
	
	5. blow : dai-kan : h-4
	
	n:
		1. 4. seq
	
	]18:59:45

###2021年12月1日23:56:56

	1. dai-kan : fingering
		h-4;5;7
		--> higher than h-4

]0:03:32

###2021年12月2日16:01:53

	1. prac : transition
		h:6-6-4`;6-6-3`
		h:X-X-4`;X-X-3` / X=6,5,0
	
	2. A : kan : h:7,5 (h-6 --> omit)
		[16:23:26	/going
		
		rev : -->2021年12月1日18:20:29 / 2.
	
	3. A : dai-kan : h-4`->4`` (Ef-->Bf
	
	4. B1 : (B1 --> 練習用の曲)
		4`-4``-4``.4x2
			X.4x2 --> ４部音符ｘ２
	
	]16:37:26
	
	5. B2 : compo
		h:4`.8-4``.-4``.4-4``.4/3``.4-4``.8-7``.8/4``.8-4`.8-7``.4
		
	]16:49:05

###2021年12月2日18:02:49

	1. A : kan
		h:4,3
	
	2. A : transtn : kan	[18:11:42
		*h: 3-->3h-->4
		
		*h: 4-->4h	[18:18:02
		*h: 5-->5h	[18:22:20
		%h: 5h-->6
		*h:7		[18:25:16
		*h:7-->6 (no 6h)		]18:28:21
		
		*h: 3-->7 slowly		[18:31:41
			[18:40:42	/ going
		
		*h: 3-->4		[18:45:05
			]18:52:29
		
	3. A : dai-kan
		1. h: 4		[18:52:46	]18:58:00
	
	n:
		as this

]18:58:15


###2021年12月3日15:50:54

	1. A : kan
		h:4-0
	
]16:15:35


###2021年12月3日18:30:27

	1. A : kan
		*h:4-->5
		h:6-->5		[18:46:21
		 :5-->6		[18:48:13
	
	2. A : dai
		h:4		]18:55:25

	]18:55:28

###2021年12月4日18:06:15

	1. A : kan
		h:5,6,7

]18:59:51


###2021年12月5日18:17:09

	1. A : half : otu:h-2,3
	
	2. A : transtn : otu:h-5-6
	2. A : transtn : otu:h-6,7
	2. A : transtn : otu:h-7,0

]18:53:19

###2021年12月6日18:38:40

	1. A : half : otu:h-2,3
	
	2. A : transtn : otu:h-5-6
			--> 5-5q-5h-6

]18:59:42

###2021年12月7日9:50:16

	>> review
		
		G:\videos\15_flute
		
		*2021-11-25_14-56-32_000.mp4	]10:01:58
			==> lets follow
		*2021-11-25_14-59-01_000.mp4		[10:02:04		]10:06:18
		
		*2021-11-25_15-02-39_000.mp4		]10:10:45
		
		*2021-11-25_15-13-00_000.mp4		[10:11:15	]10:14:07
		
		2021-11-25_23-45-39_000.mp4		[10:35:11
			==> follow
		
		2021-11-26_00-06-54_000.mp4		[10:49:27
		

###2021年12月8日15:33:01

###2021年12月9日16:41:36

###2021年12月9日18:06:06

###2021年12月10日16:05:53

###2021年12月10日18:09:05

###2022年1月11日18:21:05

	>> rev
	
	18	2022-01-09_18-06-04_000.mp4
		add --> rec +
			[18:21:43


###2022年1月12日18:24:48

	>> compo
		rec --> 2 videos
			
			2022-01-12_18-12-29_000.mp4
			2022-01-12_18-23-17_000.mp4
	
	>> rev
		2022-01-11_18-15-04_000.mp4
	
	>> wydmu : kan-5;6;7	[18:35:51
	
		rec ]18:39:23
	
	>> wy : kan-0	[18:41:12
	
	>> wy : dai-4
	
		rec	[18:51:42
	
	n:
		wy : dai-3
	
	]18:57:47
	
	]] shaku
	
	]19:13:27


###2022年1月13日17:58:40

	>> rev

		2022-01-11_18-15-04_000.mp4
		http://benfranklin.chips.jp/cake_apps/Cake_IFM11/images/view/51412
		
			file-id=2022-01-09_18-06-04_000.mp4 
		2022-01-09_18-06-04_000.mp4
			G:\videos\15_flute
		
	>> wydmu : kan-5;6;7	[18:13:33
		
		mem: 息が見えるように。頭に、息の姿を浮かべよう。
		
		>> メリ。練習	[18:20:58

		>> wydmu : kan-6	[18:23:18
			
			下唇。平たく。
		
		5->5h : 唇。両脇近く。指、横幅半分、下。筋肉、tighten. 外へ引く。
		
		]18:30:22
	
	>> wy : dai-kan : 4
		
		[18:43:28	resume
		
		[18:44:52	memo
			lower lip : height : kanとsameか。
				lipのcenter. -> 盛り上げる。
					さらに、centerのまたcenterを、凹ませる。-> how? --> ??	]18:48:54	##:20220114_184921
					
		
	>>SEG : kan : 3->4 : 6 pitches  inbetween : 3-1h,2h,3h,4h,5h,4		]18:43:22
	
	>>  wy :kan : 6,7
	
		lower lip : の、真ん中。の、やや下の、口の部分。に、笛の本体との、接触点の、重心。
		息流れ：やや、上方へ。（daiとの比較）
		upper lip --> 息へ、被せる。調節。

###2022年1月14日18:07:54

	>> wy : seq
		h-1~[2,3,4,5]
		-5 : finger=1,5,6,7(on)
		]18:11:48
	
	>> wy : kan-2,3,4,1	[18:14:44
		
		upper lip --> hold the air streadm from above.
		
		]18:16:16
	
	>> wy : kan-5,6
	
		transistion --> 唇。内側を、動かす。唇の、穴口、ではなく。
		tips : wy,kan,high-holes --> after that, kan-lower.
		]18:24:35
		
		rec : free [18:27:26
	
	>> kan : 6,7,0	[18:35:51
	
	>> transit
		kan : 6,7 --> 3	[18:39:44
		
		rec		]18:43:18
	
	>> dai		[18:47:18
		
		see : -->##:20220114_184921
		memo : lip : height --> kanより、やや、高いか
		lip-made air-hole --> 半径。これまでよりも、やや、広いか。
		]18:56:16
	
###2022年1月16日18:07:22

	>> wy : seq
		h-1~[2,3,4,5]
		-5 : finger=1,2,5,6,7(on)

	>> wy : kan-2,3,4,1	[18:14:52
	
	>> wy : kan-5~7	[18:23:08
	
	>> wy : kan: 7-0	[18:37:29
	
		transition --> 皆目、検討がつかない。
	
	>> dai		[18:50:39
	
		tips: hole-3: 先に、息の方向。前。それから、下へ降ろしてくる。その途上で、鳴るか？

###2022年1月17日18:05:46

	*>> wy : seq	(re)
		h-1~[2,3,4,5]
		-5 : finger=1,2,5,6,7(on)
	
	>> wy : kan: 7-0	[18:22:21
	
	>> rec
	
	]18:55:57

###

	>> wy : seq	(re)
		h-1~[2,3,4,5]
		-5 : finger=1,2,5,6,7(on)
	
	>> prac : trans : 1h -> 3	[18:41:42
	




###2022年1月20日18:06:22

	>>wy
	
	>> rev		[18:23:55
		2022-01-19_18-39-31_000.mp4
		
		R=1
	
	]18:56:56
	
###2022年1月23日18:08:23

	>> rev
		2022-01-21_18-11-34_000.mp4
			.15~ melo:B
		==> r=1##
		]18:15:59
	
	>> rev		[18:19:35
		2022-01-21_18-29-38_000.mp4
		r=2,3
		]18:25:48

###2022年1月24日18:03:11

	>> phrase
		kan-6;7
	
	>> prac: slur
		kan-2~6

	~>> rev
		2022-01-21_18-11-34_000.mp4
	
	]18:48:51

###2022年1月25日17:55:14

	>> prac: slur
	
		tips : how : 何段階かに、分ける。各段階を、long-blow
		
		h-3->5 : lips, width --> each, wider
			調音poit -> x-ax : not change.
			upper lip --> each, air direction, lower.
			lower lip : inside muscle --> より、up, round(downward)
	
	>> dai-kan : h-3(D)
		
		tips: lower lip: 上げるのだが、上げる部分の横幅。くちびるの中心。より、狭い。これまでよりも。
	
	]18:46:31


###2022年1月27日18:37:08

	prac
		6 2`3`2`

###2022年1月28日17:55:57



###2022年1月29日18:01:57


###2022年2月1日1:12:43

	n:
		2020-12-07_19-06-01_000 // G:\videos\15_flute\2_relay\18_\2020-12-07_19-06-01_000.mp4
		
		G:\videos\15_flute\2_relay\6_\2020-10-31_19-03-06_000.mp4
		


###2022年2月6日17:59:52

	>> prac
		multiple notes, quick play
		
		*3-5-6		]18:01:32
		5-6-5-3
		6-5-3		[18:03:50
		3-4-0		[18:06:40
			h-0:open->5;6;7,only.
	
	>> prac
		multi
		
		kan : 3-4-6	[18:28:46

###2022年2月7日18:00:22

((\[|\])).+	$1

	*>>
		VID_20220207_180629.short.avi
	
	*>> good-sequence	[18:32:35
		r=1
		7-3`-4`-7`-4`
		A-D-E
	  P:L5-L7f-1
			k=4`
	
	~>> prac
		multiple notes, quick play
		
		3-5-6		]
		5-6-5-3
		6-5-3		[
		3-4-0		[
			h-0:open->5;6;7,only.
	
	~>> prac
		multi
		
		kan : 3-4-6	[
	
	]19:03:14

###2022年2月8日12:52:25

	>> 
		transition : 
			3->0 : otsu
			
			4-1-0-4
			finger:
				hole	finger-on
				4		1,4
		
		transt
			6-7-0 : kan		[13:13:27
		
	>>
		dai-kan		[13:20:11
			hole : 4
			hole : 3	[13:22:22
		
		sub-training
			hole : 4, kan. 
				pitch : 4 <-> 4h1(q1)
						4 <-> 4.Lq1 (4 minus q1)
					q1 : q1, q2(h),q3,q4(next pitch)
	
	]13:26:29
	
	[17:55:58
	
	*>> transit
		h-3->4		[18:03:17	]18:28:46
	
	>> transition : 
			*3->0 : otsu
			i.e. : 3-0-3`-0
					3`-0-3-0
			*3-3`-4`-3`
			
			1.8-3.8-6.4x3-	##:6X1D R=1 * ]18:53:18
	


	n:	[2022年2月9日10:31:57
		1. 2022-02-08_18-47-31_000.mp4
			2:25	trill.--> again (id:6X1D)
	
###2022年2月9日13:10:51

		1. 2022-02-08_18-47-31_000.mp4
			2:25	trill.--> again (id:6X1D)
		
		*A>> transit
			kan : h: 6->7	[13:27:04
			
		A>> transit
			kan-otu : h: 7->3`	[13:27:04
	
	[17:58:00
	
	A>> tonguing		[18:06:21
	
		a. breath
		b. finger-tap.
		
	A>> transit		[18:13:37
		7-2`;3`
	
	B>> rev
		2022-02-08_18-47-31_000.mp4
		2:25	trill.--> again (id:6X1D)
	
	B>> rev
		2022-02-07_18-43-31_000.mp4
		id:6UR2
	
	]19:07:48
	


###2022年2月10日13:36:21


###2022年2月11日13:39:03

	
	]19:08:49
	
	n:	[2022年2月14日8:39:36
		1. 2022-02-13_14-56-19_000.mp4
			1. 音の高さ、制御する。１音の発音中に、音が小さくなる。　=>　発現を防ぐ。
	
###2022年2月16日18:06:16

	B>> rev		[18:31:39
		 2022-02-11_19-09-34_000.jpg
		 http://benfranklin.chips.jp/cake_apps/Cake_IFM11/images/view/51918
		 ##:20220217_175524
	
	B>>			[18:34:42
		 2022-02-11_14-11-34_000.jpg
		http://benfranklin.chips.jp/cake_apps/Cake_IFM11/images/view/51928
		##:20220217_175526


###2022年2月17日17:55:02
	
	*B>>
	-->##:20220217_175524
	
	~B>>
	-->##:20220217_175526



###2022年2月18日18:01:05

	~B>>
	-->##:20220217_175524
	
	~B>>
	-->##:20220217_175526

###2022年2月24日18:04:35

	>> plan
		1. dai-kan
		2. slur

###2022年2月28日10:38:10
	
	n:
		2022-02-27_18-54-33_000.mp4	=> rev
			
			> 1:00
	
	n:		[2022年3月6日9:54:31
		http://benfranklin.chips.jp/cake_apps/Cake_IFM11/images/index_2?filter_memo=大甲+-photo+-video&sort=file_name&direction=desc&RBs_AND_OR_Memo=AND
		http://benfranklin.chips.jp/cake_apps/Cake_IFM11/images/view/50780
		


###2022年3月6日18:10:19
	
	>> player
		7	2020-04-20_19-06-30_000.mp4
		8	2020-04-21_19-08-51_000.mp4
		9	2020-04-21_19-11-14_000.mp4
		10	2020-04-21_19-20-06_000.mp4


###2022年3月8日18:11:38

	14	2020-04-24_19-06-35_000.mp4
	15	2020-04-25_18-44-24_000.mp4
	16	2020-04-25_18-47-03_000.mp4

###2022年3月9日18:02:59

	17	2020-04-26_18-21-41_000.mp4
	18	2020-04-26_18-26-08_000.mp4

###2022年3月10日18:10:58

19	2020-04-27_18-55-36_000.mp4
20	2020-04-27_19-01-44_000.mp4
21	2020-04-27_19-08-11_000.mp4
22	2020-04-27_19-12-53_000.mp4


###2022年3月12日18:19:36


###2022年3月18日19:02:30


	https://duckduckgo.com/?q=琴+雲井調子&iax=images&ia=images


###

	https://commons.wikimedia.org/wiki/File:雲井調子.png
	https://commons.wikimedia.org/wiki/File:平調子.png
	
###2022年4月5日15:36:12


	n: s-4, cont.




###2022年5月1日18:16:53

	id-21
	id-22
		==> 紙を二枚、並べて、それぞれのセクション、続けて、吹いてみる。
	
	id-22,id-24
		*==> 21に、合併しよう
	
###2022年5月3日17:49:15

	n:
		大甲	p-1
		p-2
		any
	
	]18:41:39
	
	[shaku
	
	n:
		p-1
		p-2
	
	]19:02:49




###2022年7月2日9:54:51

	n:
		G:\videos\15_flute\2022\2022_01-03\2022-01-02_18-56-20_000.mp4	melody
		G:\videos\15_flute\2022\2022_01-03\2022-01-08_18-20-40_000.mp4	寿ぐ
		
		2022-01-10_18-31-41_000.mp4
		2022-01-10_18-35-07_000.mp4
		2022-01-10_18-47-42_000.mp4
		2022-01-11_18-15-04_000.mp4
		
		~2022-01-12_18-12-29_000.mp4	]2022年7月2日11:25:03





###2022年7月26日10:24:14

	follow:

		2022-07-22_18-59-22_000.mp4
		2022-07-22_19-01-15_000.mp4
		2022-07-23_16-29-03_000.mp4
		2022-07-23_18-30-12_000.mp4
		2022-07-25_18-25-46_000.mp4
		2022-07-25_18-32-29_000.mp4
		2022-07-25_18-39-47_000.mp4




###2022年8月4日10:50:31

	>> re-view
	
	
	
	n:
		re-play
		-->##20220804_105323
		-->##20220804_105710

	[2022年8月4日18:43:39
	
		2022-07-31 s-2 p-2 ①
			R=?#
	
	n:
		this ==> znowu
	
	]18:50:55
	



###2022年8月6日18:07:30


###2022年8月8日18:45:58
	
	review
	2202-08-07:p1
		]18:48:07
	
	rev
	08-06:p1	[18:48:38
		
		new : ③
		]18:57:01
	
	rev
	s-2:07-31:p-2	[19:00:19
	
		n+
		R=+

	[22:16:05
	
		C:\WORKS_2\WS\WS_Others.Art\JVEMV6\46_art\13_compositions\2022_07_31_s-2_p-2.mscz		##20220809_102525
		
			write
				msr : 1-4
		
		n:
			page-1 : ② --> write down		##20220811_171551
			
			
			
		]22:24:13
		
			[2022年8月9日10:25:54
			add : tempo : t4=120
			add : measures : section : A1-2
			add : section : A2-1;A2-2
				２重奏のためのセクション
			mixer
				1. flute-1
					vol : 上から、２本目
				2. flute-2
					vol : 上から、４本目
			add : symbol : 強弱
				A1		:to
				mf		:what
			export
				"C:\WORKS_2\WS\WS_Others.Art\JVEMV6\46_art\13_compositions\2022_07_31_s-2_p-2.(20220809_104230).mp3"
			*git
			
			n:
				ANY
				]10:39:05	
			
			[2022年8月11日17:07:28	##20220811_170732
			
				page-1 : ② --> write down (-->##20220811_171551)
				http://benfranklin.chips.jp/cake_apps/Cake_IFM11/images/view/54430
					
					*A3-1
					A3a-1,A3a-2	: ２重奏のためのセクション
					
				
			[2022年8月17日17:55:12
			
				http://benfranklin.chips.jp/cake_apps/Cake_IFM11/images/view/54539
				
				write-down
				
				new : A4-1
					memo : page-1
					copy : A1,A1-2
					]18:00:53
				
				new : A5-1
					memo : page-1,<2>
					]18:06:17
				
				n:
					page-2,page-3 --> w.d.(write-down)
				]2022年8月17日18:07:21	/##20220817_180741
			[2022年8月18日18:09:39
			
				w.d.
				page-2
				new : A5-1
					memo : page-2
				new : A6.v1-1 / A5-1
					A6.v1-1 / A6-1
				
				n:
					page-3 --> w.d.
				]2022年8月18日18:17:52	/##20220818_181757
				
			[2022年8月19日18:00:24
				--> stop.	]18:03:19
					--> back to daylog section

	n:
		rev:prac: G:\videos\15_flute\2022-08-06_18-31-19_000.mp4	]2022年8月9日9:47:43		##20220809_180248
		
###2022年8月9日10:25:08

	(ms
	##20220809_102525
		
	[2022年8月9日18:03:08
	
		-->##20220809_180248

	n:
		1. -->##20220809_180248
		2. ANY
		3. G:\videos\15_flute\2022\2022_07-09\2022-07-25_18-39-47_000.mp4		##20220810_181843
			review		]2022年8月10日1:06:38


###2022年8月10日18:04:58

	rev
		*-->##20220810_181843
	new melody
		R=1*
	*rev
		-->##20220809_102525	[18:49:33
	
	n:
		1. ms : write-out
			this time, page-1,-2
	]19:02:53
		




###2022年8月11日17:38:01

	-->##20220811_170732
	
	[2022年8月11日17:38:24	write-out
	
		G:\tmp.20220507_191202\2022-08-09_18-30-30_000.mp4
		
		muse : C:\WORKS_2\WS\WS_Others.Art\JVEMV6\46_art\13_compositions\2022-08-09_18-30-30_000.mp4.mscz
				##20220811_174612
			mp4
			0:10
				ms : msr : 1-3
				~0:19
			
			n: continue
			
			[2022年8月12日17:54:54
			0:20:326	audacity
			2022-08-09_18-30-30_000.mp4.mp3
				*==> to mob
					C:\WORKS_2\Downloads\4k\storage_4k\composition_20210902_115601
					
				]18:03:46
	
	]17:46:03
		
	[2022年8月11日18:01:36
	
	LOG


###2022年8月12日17:54:47

	-->##20220811_174612

	
	n:
		1. write-out : 2022-08-04の、どれか	]2022年8月13日1:04:39


###2022年8月14日18:06:55

	
	n:
		1. メモしたメロディー。書き込み。
			2022_07_31_s-2_p-2.mscz
		
		2. write	]2022年8月15日1:21:11
			2022-07-22,length=1:00
			 2022-07-22_19-01-15_000.mp4
			C:\WORKS_2\WS\WS_Others.Art\JVEMV6\46_art\13_compositions\audio_files\2022-08-14_19-01-33_000.mp4.mp3		]2022年8月15日11:38:00
		




###2022年8月15日18:49:25

	rev
	http://benfranklin.chips.jp/cake_apps/Cake_IFM11/images/view/54539
		
		*page-1
		*page-2
		
		n:
			ANY
			page-3
	
	]19:07:31


###2022年8月17日17:53:29

	-->##20220809_102525
		
		up to : -->/##20220817_180741

###2022年8月18日18:08:46

	-->##20220809_102525
	
		up to : -->/##20220818_181757

###2022年8月19日17:59:31

	1.
	-->##20220809_102525
	
	2.
		http://benfranklin.chips.jp/cake_apps/Cake_IFM11/images/view/54430
			
			page-3
			
			new score
				C:\WORKS_2\WS\WS_Others.Art\JVEMV6\46_art\13_compositions\2022_08_14_s-1_p-3.mscz	##20220820_145117
			
			[2022年8月19日18:09:16
			
				new msr : A1
					len : msr : 6
				
				n:
					1. accomp --> add : any melody
					2. ANY
				
				]18:09:55	/##20220819_181003
				
			[2022年8月20日15:02:26
			
				new msr : A2
					source : http://benfranklin.chips.jp/cake_apps/Cake_IFM11/images/view/54620
						==> page-3
					
					msr from : 7
				
				new msr : A2-0
					source : A1, melody, 2 msrs
				
				new msr : ~A2-3
					msr no. : ~14
				
				n:
					1. w.o. : http://benfranklin.chips.jp/cake_apps/Cake_IFM11/images/view/54620
						==> Page-1,2
				
				]15:19:42	/##20220820_152433
	



###2022年8月20日14:51:33

	-->##20220820_145117
		
		from : -->/##20220819_181003
		
		up to : -->/##20220820_152433
	
	[17:53:39
	-->##20220820_145117
		
		from: -->/##20220820_152433
	
	[new score
	
		C:\WORKS_2\WS\WS_Others.Art\JVEMV6\46_art\13_compositions\2022_08_14_s-1_p-3.mscz		memo##20220820_180905
			page-2
			##20220820_175604
			
			[new file
				C:\WORKS_2\WS\WS_Others.Art\JVEMV6\46_art\13_compositions\2022-08-19_19-02-23_000.jpg.mscz
				
			new msr : A1-1,-2
				len : msr : 8
				
				n:
					1. play impro, new melodies
					2. -->memo##20220820_180905 : page-1, page-2
					. ANY
				
				]2022年8月20日18:09:45	/##20220820_180947




###2022年8月21日14:47:24

	[addition
	
		http://benfranklin.chips.jp/cake_apps/Cake_IFM11/images/view/54702
		2022-08-19_19-02-23_000.jpg.mscz
			page-3
			
			*msr : new : A2-1
			
			msr : new : A3-1
				page-3 / <2>
			
			n:
				1. comp.(jes`li jakis` dodatek w przyszl`os`ci, zapiszmy.)
				
				]15:05:19
	
	[new file
		http://benfranklin.chips.jp/cake_apps/Cake_IFM11/images/view/54702
			page-1,2
			
			file : C:\WORKS_2\WS\WS_Others.Art\JVEMV6\46_art\13_compositions\2022-08-19_19-02-23_000.jpg.page-1,2.mscz	##20220822_181004
			*msr : n : A1-1 / ２連-頭
			*msr : n : A1-1 / ２連-尾
			*msr : n : B1-1 / ２連-頭
			*msr : n : B1-1 / ２連-尾
		
		n:
			1. w.o. --> page-2
		
		]15:25:47
		
		[2022年8月21日18:00:15	##20220821_180031/
		
			*1. w.o. --> page-2
			
				 msr : n : B2-1 / ２連-頭
				
			*2. w.o. --> page-2:<3>	]18:12:22
				B3-1
		n:
			1. comp
			2. これまでに書いたメモ、wo してもいい
			3. ANY
		]2022年8月21日18:13:08
		
		[2022年8月22日18:10:37
		
			*new msr : B3
				source : http://benfranklin.chips.jp/cake_apps/Cake_IFM11/images/view/54712	page-2
				
			n: ANY
			
			]2022年8月22日18:13:32
	
	n:
		1. 作ったmuse ファイルたち。dodatki を、即興作成、しよう。
		]15:29:10
	
	[2022年8月21日18:00:53
	
		-->##20220821_180031/
	


###2022年8月22日18:10:21

	-->##20220822_181004

###2022年8月23日18:04:57

	[new file
	
		C:\WORKS_2\WS\WS_Others.Art\JVEMV6\46_art\13_compositions\2022-08-21_19-02-41_000.jpg.page-1.mscz		##20220823_181534
		
			source : http://benfranklin.chips.jp/cake_apps/Cake_IFM11/images/view/54712
			
			write
				*A1-1
				*A1-2
			
			n:
				ANY
			]2022年8月23日18:15:48	/##20220823_181600




###2022年8月24日15:48:11
	
	[review
	http://benfranklin.chips.jp/cake_apps/Cake_IFM11/images/view/54620
	
		
	
	[new file
		
		http://benfranklin.chips.jp/cake_apps/Cake_IFM11/images/view/54734	page-1~
		muse : 2022-08-23_19-07-42_000.jpg.page-1,-2,-3
			
			*A1-1
			*A1-2
			A2-1	[16:07:19
			*B1-1 : p-3 : sabi-1	]16:13:38
			
			n:
				1. COMP
				2. other melody : page-4~
			
		]2022年8月24日16:17:06

###2022年8月25日15:09:17

	*[new file
	http://benfranklin.chips.jp/cake_apps/Cake_IFM11/images/view/54745
	
		muse : DUP : 2022-08-23_19-07-42_000.jpg.page-1,-2,-3 - コピー.mscz
			rename : 2022-08-24_19-00-48_000.jpg.page-1,-2.mscz
			open
			edit
				title
				sub-title
				delete : msrs
				delete : notes
			write
				*A1-1 : page-1 : mel-1
				B1-1 : page-2 : mel-1 : 地	[15:26:58
				C1-1 : page-2 : mel-1 : 鳴き	]15:38:03
		n:
			COMP
	]15:38:24




###2022年8月26日14:53:24

	[new file
	url : http://benfranklin.chips.jp/cake_apps/Cake_IFM11/images/view/54757	page-1
	
		muse : DUP : 2022-08-24_19-00-48_000.jpg.page-1,-2.mscz
			rename : 2022-08-25_19-04-31_000.jpg.page-1.mscz
			*open
			edit
				1. title
				*2. sub-title
				*3. delete : msrs
				*4. delete : notes
			write
				*
			
			*export		]15:02:17
				C:\WORKS_2\WS\WS_Others.Art\JVEMV6\46_art\13_compositions\2022-08-25_19-04-31_000.jpg.page-1.[20220826_150111].pdf
	
	[new file
	url : http://benfranklin.chips.jp/cake_apps/Cake_IFM11/images/view/54757	page-2
	
		muse : DUP : 2022-08-25_19-04-31_000.jpg.page-1.mscz
			*rename : 2022-08-25_19-04-31_000.jpg.page-2.mscz
			open
			*edit
				1. title
				2. sub-title
				3. delete : msrs
				4. delete : notes
			*write
				
			
			export
				C:\WORKS_2\WS\WS_Others.Art\JVEMV6\46_art\13_compositions\2022-08-25_19-04-31_000.jpg.page-2.[20220826_151252].pdf

		n:

	[2022年8月26日18:34:06
	[play
	
		2022-08-25_19-04-31_000.jpg.page-2.mscz
			n : enough
		
		2022-08-24_19-00-48_000.jpg.page-1,-2.mscz
			difficu;
				msr : 5-6
		
		*2022-08-25_19-04-31_000.jpg.page-1.mscz
			n: eno.		]18:45:18
		
		2022-08-23_19-07-42_000.jpg.page-1,-2,-3.mscz
		
		n:
			1. 2022-08-23_19-07-42_000.jpg.page-1,-2,-3.mscz	==> rev
		
		]19:05:19
		


###2022年8月27日11:23:14

	[new file
	url : http://benfranklin.chips.jp/cake_apps/Cake_IFM11/images/view/54734
			page-4
		http://benfranklin.chips.jp/cake_apps/Cake_IFM11/images/view/54733
			page-5
	
		muse : 
			1. DUP : 2022-08-25_19-04-31_000.jpg.page-2.mscz
			2. rename : 2022-08-23_19-07-42_000.jpg.page-4,-5.mscz
			*3. open
			4. edit
				1. title
				2. sub-title
				3. delete : msrs
				*4. delete : notes
			5. write
				*A1-1 : page-4 : mel-1	]11:32:38
				B1-1 : page-1 : sabi-1
			
			6. export
				1. pdf : C:\WORKS_2\WS\WS_Others.Art\JVEMV6\46_art\13_compositions\pdf_files\2022-08-23_19-07-42_000.jpg.page-4,-5.[20220827_113616].pdf
				2. mp3 : C:\WORKS_2\WS\WS_Others.Art\JVEMV6\46_art\13_compositions\audio_files\2022-08-23_19-07-42_000.jpg.page-4,-5.[20220827_113616].mp3
		
		n:
			new file, any
		
		]11:40:39
		
		[18:55:12
		[play
		*2022-08-23_19-07-42_000.jpg.page-4,-5.mscz
			n:play+
		*2022-08-23_19-07-42_000.jpg.page-1,-2,-3.mscz			n: play+
				--> lets modify, arrange
		2022-08-25_19-04-31_000.jpg.page-2.mscz
			n: play+
				--> if it comes, impro.


###2022年8月28日11:40:29

	[new file
	url : http://benfranklin.chips.jp/cake_apps/Cake_IFM11/images/view/54722
		page-1
	
		muse : 
			1. DUP : 2022-08-23_19-07-42_000.jpg.page-1,-2,-3.mscz
			2. rename : 2022-08-22_19-00-16_000.jpg.mscz
			3. open
			4. edit
				1. title
				2. sub-title
				3. delete : msrs
				4. delete : notes
			*5. write
				
			
			6. export
				1. pdf : C:\WORKS_2\WS\WS_Others.Art\JVEMV6\46_art\13_compositions\pdf_files\2022-08-25_19-04-31_000.jpg.page-X.[XXX].pdf
				2. mp3 : C:\WORKS_2\WS\WS_Others.Art\JVEMV6\46_art\13_compositions\audio_files\XXX.[XXX].mp3
			7. next
				1. zagrajmy. dodatek nowe melodie gdy przyjdzie.
		
		]11:50:47
	
	[mscz:dodatek
	url : http://benfranklin.chips.jp/cake_apps/Cake_IFM11/images/view/54712
		page-2
	
		muse : 
			1. 2022-08-19_19-02-23_000.jpg.mscz
				http://benfranklin.chips.jp/cake_apps/Cake_IFM11/images/view/54620
			3. open
			*5. write
				*B1-1 : msr : 17-24
				
			
			6. export
				1. pdf : 2022-08-19_19-02-23_000.jpg.[20220828_120534].pdf
				2. mp3 : 2022-08-19_19-02-23_000.jpg.[20220828_120534].mp3
			7. next
				1. ukon`czone : na razie
		
		]12:08:34


@@@

###






###






###






###






###






###






###






###






###		---last:2






###







======================== list
p-1
p-2
p-3
p-4
p-5
p-6
p-7
p-8
p-8.1






###







###







###







### -- last-3





###






###





############ RESOURCES 2021年10月28日10:37:42


###2021年9月1日19:01:24
============================== url : main

http://benfranklin.chips.jp/cake_apps/Cake_IFM11/images/index_2?filter_memo=session+shino&sort=file_name&direction=desc&RBs_AND_OR_Memo=AND

http://benfranklin.chips.jp/cake_apps/Cake_IFM11/images/index_2?filter_memo=session+shino+用意&sort=file_name&direction=desc&RBs_AND_OR_Memo=AND
http://benfranklin.chips.jp/cake_apps/Cake_IFM11/images/index_2?filter_memo=video+shino&sort=file_name&direction=desc&RBs_AND_OR_Memo=AND

###2021年10月28日10:37:57
====================== fingering : dai-kan

https://www.onikko-shop.com/blog/blowing-how-shinobue/ "●大甲音（高音）"


###2021年12月17日13:30:57
====================== file : shaku

C:\WORKS_2\shortcuts_docs\log_jap-flute_bamboo.log


###2022年4月13日15:41:44
====================== file : start_keyboard

C:\WORKS_2\WS\WS_Others.Art\JVEMV6\46_art\8_kb\start_keyboard.bat


###2022年8月10日18:28:20
====================== file : batch,bat:
C:\WORKS_2\shortcuts_docs\log_files\start_music-composition_v2.bat

//sakura
sakura C:\WORKS_2\shortcuts_docs\log_files\start_music-composition_v2.bat

//2022年8月16日18:09:06
C:\WORKS_2\shortcuts_docs\log_files\start_music-composition_v2.open-log-files.bat

//2022年8月24日15:42:28
pushd C:\Users\iwabuchiken\AppData\Local\Yandex\YandexBrowser\Application

set url_1="http://benfranklin.chips.jp/cake_apps/Cake_IFM11/images/index_2?filter_memo=shinobue&sort=file_name&direction=desc&RBs_AND_OR_Memo=AND"

browser.exe %url_1%


###2022年8月15日11:32:43
====================== folders
//13_compositions
C:\WORKS_2\WS\WS_Others.Art\JVEMV6\46_art\13_compositions

//audio_files
C:\WORKS_2\WS\WS_Others.Art\JVEMV6\46_art\13_compositions\audio_files

###2022年2月7日18:07:05
====================== template : new file
	[new file
	
	[mscz:nowa
	[mscz:dodatek
	url : http://benfranklin.chips.jp/cake_apps/Cake_IFM11/images/view/XXX
		page-X
	
		muse : 
			1. DUP : XXX.mscz
			2. rename : XXX.mscz
			3. open
			4. edit
				1. title
				2. sub-title
				3. delete : msrs
				4. delete : notes
			5. write
				
			
			6. export
				1. pdf : C:\WORKS_2\WS\WS_Others.Art\JVEMV6\46_art\13_compositions\pdf_files\2022-08-25_19-04-31_000.jpg.page-X.[XXX].pdf
				2. mp3 : C:\WORKS_2\WS\WS_Others.Art\JVEMV6\46_art\13_compositions\audio_files\XXX.[XXX].mp3
			7. next
				1. XXX
				




###2022年2月7日18:07:05
====================== steps : sound file in.
1. rec
2. to PC
3. tmp dir
	rename
3. avidemux --> 
	open
	crop
	
###2022年2月9日17:56:59
==================== steps : start session
	
	1. log
		1. locate log starting point
		2. C - M - w	(folding)
	
	2. prev videos --> load to player
	
		1. prev
		2. percussion	: 2022-02-07_18-06-29_000.extract.avi 
	
	3. what to do --> set 2-3 items	]2022年2月10日13:36:52
	


###2021年7月7日10:50:31
XXX
====================== closing : git

------------------------------- git : WS_Others.Art
//2022年8月20日14:49:18

C:\WORKS_2\start_a.bat

set stringof_commit_message="JVE_46_jp-flute : shino: compose"
pushd C:\WORKS_2\shortcuts_docs && g a . && g c -m %stringof_commit_message% && C:\WORKS_2\a && r a && g a . && g c -m %stringof_commit_message% && e && p

//C:\WORKS_2\a && r a && g a . && g c -m %stringof_commit_message% && e && p && pushd C:\WORKS_2\shortcuts_docs && g a . && g c -m %stringof_commit_message%


//2022年8月25日15:40:24
start C:\WORKS_2\shortcuts_docs\end_batch\end_log_jap-flute_shino.log.bat


C:\WORKS_2\start_a.bat





rem set stringof_session_id="reviewing" 
set stringof_session_id="play" 


set stringof_project_id="JVE_46.[15_jp-flute] : %stringof_session_id:"=%" 

set stringof_session_id="practice" 
set stringof_session_id="practice : shino,shaku" 
set stringof_project_id="JVE_46_jp-flute: shino,shaku : %stringof_session_id:"=%" 

set stringof_session_id="shino: compose : 2022_07_31_s-2_p-2.mscz : time=20220809_104005" 
set stringof_session_id="shino"
rem set stringof_session_id="practice : shino"

-------------------------------
//##mark:20220825_154200
C:\WORKS_2\start_a.bat

set stringof_session_id="shino: compose"

set stringof_project_id="JVE_46_jp-flute : %stringof_session_id:"=%"

C:\WORKS_2\shortcuts_docs\log_files\end_log_JVE_ALL.[ai].git.bat %stringof_project_id:"=%

//C:\WORKS_2\shortcuts_docs\end_log_JVE_ALL.[ai].git.bat %stringof_project_id:"=%



運指
https://wagakki-hiroba.com/blowing-how-shinobue/

//2022年8月6日19:07:48
https://iphone-master-user.com/7086.html#i
	大甲音の運指表

## memo : fingering : alt : 2022年4月9日18:03:02 ]]
http://benfranklin.chips.jp/cake_apps/Cake_IFM11/images/index_2?filter_memo=shino+finger+alt&sort=file_name&direction=desc&RBs_AND_OR_Memo=AND

## memo : fingering : 2022年4月8日15:41:23 ]]
http://benfranklin.chips.jp/cake_apps/Cake_IFM11/images/index_2?filter_memo=shino+finger&sort=file_name&direction=desc&RBs_AND_OR_Memo=AND

//memo : session : 2022年4月8日15:41:23
http://benfranklin.chips.jp/cake_apps/Cake_IFM11/images/index_2?filter_memo=session+shino&sort=file_name&direction=desc&RBs_AND_OR_Memo=AND

### 2022年4月14日19:04:10
// web pages : apps
C:\WORKS_2\shortcuts_docs\log_jap-flute_shino_start_browser.bat

https://metronomeonline.com/
https://www.onlinepianist.com/virtual-piano

###2021年7月7日10:50:35
====================== closing

## close : apps : (before)2022年4月8日15:41:51 ]]
C:\WORKS_2\shortcuts_docs\log_files\end_log_shino.bat
//C:\WORKS_2\shortcuts_docs\end_log_shino.bat


"C:\WORKS_2\shortcuts_docs\end_log_JVE_70.[CO2]_apps.bat"
