###########################
	file : C:\WORKS_2\shortcuts_docs\log_files\res_id-XOMF_colors_20230501_145756.log
	
	folder : resouces : C:\WORKS_2\WS\WS_Others.JVEMV6\JVEMV6\res\res_XOMF
	
	created : 2023年5月1日15:26:00

###########################

###2023年5月1日14:57:10

	> search : images
		s: すすき　野原
	
	> image file
		C:\WORKS_2\WS\WS_Others.JVEMV6\JVEMV6\res\res_XOMF\screen_image_baidu_20230501_150455.jpg
		
		C:\WORKS_2\WS\WS_Others.JVEMV6\JVEMV6\res\res_XOMF
			
			https://wakasa15thfd.wordpress.com/2016/11/13/ススキ野原-2/
			
		point : 340,232
			fff0d3
		point : 333,233
			ebdcbd
			
			==> 淡黄蘗（うすきはだ）、または、砥粉色（とのこいろ）
		
	> s: color names
		https://www.colordic.org/w
		
	> sheet
		color names
		
		C:\WORKS_2\WS\WS_Others.JVEMV6\JVEMV6\res\res_XOMF\res-XOMF_s-MDV4.ods
		
		
	n:
		1. gimp : sheet にリストした色たち(m1)。採取した色で、円を塗りつぶし。レイヤーの中心に配置（ｍ２）。m1 の色、それぞれ単色で、ｍ２の円の周囲に、円を描き、塗りつぶし（ｍ３）。ｍ３の円の、直径　=>　任意。
		
		2. res : 補色関係の、２つの色。RGBで見ると、値の差、どんな特徴？
		
		
	]15:47:13



@@@

###







###







###







###







###







###







###







