###2021年2月18日9:52:54
:9
論語 子張
	https://kanbun.info/keibu/rongo1906.html
朱熹
晦 読み方
	カイ hui4
	https://dictionary.goo.ne.jp/word/kanji/晦/

滄州病叟	ソウシュウビョウソウ
	叟	①おきな。としより。 ②老人の尊称。	https://dictionary.goo.ne.jp/word/kanji/叟/

	遯翁	トン。ドン。	のがれる。にげる。かくれる。「遯世」「隠遯」 ［類］遁(トン)	https://dictionary.goo.ne.jp/word/kanji/遯/

歙州婺源県（現在の江西省上饒市婺源
	she4-wuryuan2 / shang4rao2shi4 / wu4yuan2

南剣州尤渓県（現在　福建省三明市尤渓県）
	nan2jian4 / you2xi1xian4 / 

仲晦，斋号晦庵、考亭，晚称晦翁，又称紫阳先生、紫阳夫子、沧州病叟	https://ja.wikipedia.org/wiki/朱熹
	zhong4hui4 / zhai1hao4 hui4an1 / kao3ting2 / hui4weng1 / cang1zhou1bing4sou3

漢字 にんべん 同
	https://detail.chiebukuro.yahoo.co.jp/qa/question_detail/q12102581047
	侗
侗 読み方
	トウ dong4	https://kanji.jitenon.jp/kanjiy/12458.html
	1おろか。未熟。
	2まっすぐ。まこと。
	3少数民族の名。

渓 旧字体
	https://kanji.quus.net/kakijyun/4700.htm
	https://kakijun.jp/page-ms/9FE2200.html
	https://okjiten.jp/kanji1835.html

併 旧字体
	https://ja.wiktionary.org/wiki/并
		呉音 : ヒョウ（ヒャウ）
    	漢音 : ヘイ
	漢字 部首 尸
		https://kanji.jitenon.jp/kanjig/3439.html
漢字 尸 并
	https://kanji.jitenon.jp/kanjig/3443.html?getdata=5e76&how=構成
	ビョウ１
	ヘイ１ ２

漢字 予 象
	ヨ	https://kanji.jitenon.jp/kanjil/5755.html

張横渠
	おうきよ	https://kotobank.jp/word/張横渠-97656
	https://ja.wikipedia.org/wiki/張載
	https://zh.wikipedia.org/wiki/張載_(北宋)
		zhang1zai4
		鳳翔郿縣 / 陝西眉縣 橫渠鎮
		feng4xiang2 mei2xian4 heng2qu2zhen4

###2021年2月18日14:10:09
*跋 意味
*梗概
寒泉精舎

周濂溪lian2xi1
	敦颐 dun1yi2 : dun1 honest とんい
	

	周敦颐（1017年－1073年7月24日） 濂溪lian2xi1
	 張載zai4（1020年－1077年12月6日）
	  程颢hao4（1032年－1085年） 字伯淳 号明道 世稱明道先生
	  程颐yi2（1033年－1107年）字正叔 世稱伊川先生
	
	          朱熹（1130年10月22日－1200年4月23日）
	
存在論	::[15:45:06
	
::]15:53:07

###2021年2月19日12:53:17
漢字 日 兆
江永
	https://baike.baidu.com/item/江永/12831

経学
攀 意味
	ハン	https://dictionary.goo.ne.jp/word/kanji/攀/

*葉采cai3
	理宗淳祐元年（1241）进士	https://baike.baidu.com/item/叶采
	
采 意味

諺解	ゲンカイ

諺 意味

others
	https://ko.wikipedia.org/wiki/이황
	190001550002	makemeaning


::]14:02:57


###2021年2月21日16:14:46
易 繋辞	ケイジデン
	http://www14.plala.or.jp/kigaku/99_blank001083.html
*ctext 易 繋辞
*ctext 易 繋辞 太極
	https://ekikyo.net/contents/dekirumade.html
	
書経 洪範 五行
	http://hamada.u-shimane.ac.jp/research/32kiyou/10sogo/seisaku40.data/04_zhang_and_wang.pdf
	
ctext 書経 洪範

寄旺 意味
	http://www.hakumokuren.net/勉強/韓国語%E3%80%80ハングル子音字母の成り立ち③%E3%80%80－五音/
	
旺 意味

::]16:55:05

###



@@@
###



###



###



