//file=C:\WORKS_2\shortcuts_docs\log-session_JVE_37.32._korea-study.log


###2021年6月13日10:29:08

1
	search
		韓国 喫煙率 推移 https://3g2upl4pq6kufc4m.onion/?q=한국+흡연율+추이&ia=web
			docs
				성인흡연율 https://www.nosmokeguide.go.kr/lay2/bbs/S1T33C44/H/65/view.do?article_seq=117
					sheet
						"2" C:\WORKS_2\WS\WS_Others.JVEMV6\JVEMV6\37_miscs\32_korea-study\session-1.ods
					FOUND
						1
							남자(이하 2019) --> 35.7
							여자 --> 6.7
							전체 --> 21.5
						2
							남자(이하 1998) --> 66.3
							여자 --> 6.5
							전체 --> 35.1
				청소년 현재 흡연율, 청소년 현재 음주율 http://www.index.go.kr/potal/main/EachDtlPageDetail.do?idx_cd=2829
2
	search
		韓国 肺がん 推移 / 한국 폐암 추이 https://3g2upl4pq6kufc4m.onion/?q=한국+폐암+추이&ia=web
			docs
				암 발생 및 사망 현황 http://www.index.go.kr/potal/main/EachDtlPageDetail.do?idx_cd=2770
				한국인 사망원인 1위 37년째 '암'...폐암 사망률 가장 높아 https://www.ajunews.com/view/20200922091330354
				[보고서] 국가암등록사업 연례 보고서(2018년 암등록통계) https://www.ncc.re.kr/cancerStatsView.ncc?bbsnum=558&searchKey=total&searchValue=&pageNum=1
			sheet
				"1" C:\WORKS_2\WS\WS_Others.JVEMV6\JVEMV6\37_miscs\32_korea-study\session-1.ods
3
	sheet
		FOUND
			1
				correl : -0.8579968223 (2007 - 2019)
