大学
	https://ctext.org/liji/da-xue/zh
	
###2021年2月26日15:09:39
詩経 皇矣
	http://www.1-em.net/sampo/sikyo/sikyouC.htm

漢字 埃

漢字 ム 矢
	音読み	イ
	矣

詩経 明徳

遷 訓読み
	△うつ（す）
	△うつ（る）
	
ctext 詩経 皇矣

詩経 遷明徳

荘子 斉物
	http://www.asahi-net.or.jp/~qh4s-kbym/Chuangtse2-1.html
	https://ctext.org/zhuangzi/adjustment-of-controversies/zh
	
孟子 騰 文公上編
	https://ctext.org/dictionary.pl?if=gb&id=1654&remap=gb
		滕文公	teng2

::]15:46:39

###2021年3月2日9:25:56
大学
	https://ctext.org/liji/da-xue/zh

荀子 勧学

::]10:12:40

###2021年3月3日10:36:34
荀況
	https://zh-classical.wikipedia.org/wiki/荀況

::]11:17:34

###2021年3月4日11:12:03
:45
孔穎達 -ying3-

::]11:51:53

###
舜 尭舜

	https://ja.wikipedia.org/wiki/中国神話
	
老子

政教

殿柱

孟子 尽心上
	https://www.youtube.com/watch?v=ddNALfSbUH0
	
董仲舒

###2021年3月6日11:21:59
:49
名家
190001550002
makemeaning

孟
漢字 車へん 可
荀子
	紀元前313年? - 紀元前238年以降）

孟子
	紀元前372年? - 紀元前289年?）

孔子
	前552年または紀元前551年 - 紀元前479年）

程顥
	明道元年（1032年） - 元豊8年6月15日（1085年7月9日）


藪 音読み


###2021年3月7日9:50:35
孟子 公孫丑上

::]10:09:36

###2021年3月8日9:03:30

	瞻zhan1彼bi淇qi2澳ao4，菉lu4竹zhu2猗yi1猗。斐fei3
	切cie1磋cuo1，如琢zhuo2如磨mo2。瑟se4兮xi1僩xian4 赫he4 喧xuan1
	諠xuan1

詩 六義

尚 訓読み
	尚ぶ（とうとぶ）

墨家

漢字 口偏 浦
哺 意味



###
:63
	誥gao4 諟shi4

漢字 水 皿
	https://www.kanjipedia.jp/kanji/0001122700
	盥水 かんすい
		https://duckduckgo.com/?q=盥水&t=opera&ia=web&iai=r1-2&page=1&sexp=%7B"artexp"%3A"b"%2C"biaexp"%3A"b"%2C"msvrtexp"%3A"b"%7D
	
念 訓読み

韓詩章句
	https://ja.wikipedia.org/wiki/韓詩外伝
	
漢文 助字
	https://www.seiwatei.net/kanbun/bunmatu.htm	2021年3月16日10:49:18
	
::]2021年3月9日11:47:29

###2021年3月16日10:43:52
忿fen4懥zhi4，則不得其正；有所恐懼ju4，則不得其正；有所好樂，則不得其正；有所憂you1患huan4，則不得其正。心不在焉，視而不見，聽而不聞，食而不知其味。此謂修身在正其心。

71:
*俯仰 意味
	https://dictionary.goo.ne.jp/word/俯仰天地に愧じず/
	
*賦 意味

今昔の感

鑑空衡平
	https://dl.ndl.go.jp/info:ndljp/pid/753358
	
衡平
	https://dictionary.goo.ne.jp/word/衡平/
	つりあいがとれていること

荀子 心憂恐
	http://sorai.s502.xrea.com/website/xunzi/正名篇第二十二/seimei06/

黼黻 意味
	https://kotobank.jp/word/黼黻-2082757
	ほふつ

###2021年3月17日9:53:16

辟pi4 賤jian4 矜jin1 敖ao2 惰duo4 莫mo4 碩shuo4

###2021年3月21日17:05:04
論語 故旧 泰伯

 恤shu4 毋wu2 絜xie2矩ju3 巖yan2 赫he4 尹yin3 爾er3 瞻zhan1 辟pi4 戮lu4 矣yi3

###




@@@
###




###




