###2021年10月4日15:44:30

	:1
	筮う
	占筮
		（せんぜい）
		https://dictionary.goo.ne.jp/word/占筮/#jn-126641
	
	*s : 喜 訓読み
	*s : 喜む 意味
	s : 韋 意味		[15:53:46
		https://kotobank.jp/word/韋-429918
		柔らかくなめした
		〈革〉とは区別される
	
	*s : 作翼 意味
		https://duckduckgo.com/?q=作翼説&ia=web
	
	s : 卦辞 意味	[16:13:01
		https://kotobank.jp/word/卦辞-229262
		
		https://kotobank.jp/word/爻辞-261080
	
	s : 繋 訓読み
		
	s : 
		https://duckduckgo.com/?q=繋辞下伝+&t=ffsb&ia=web
		
		http://www14.plala.or.jp/kigaku/99_blank001084.html
	
	伏羲 https://zh.wikipedia.org/zh-cn/伏羲
	
		伏羲[fu2xi1 神祇[-qi2 祭祀[ji4si4
	
	s: 寓 訓読み
		
		https://kanji.jitenon.jp/kanjie/2343.html
		やど（る）
		よ（せる）
	
	s: 四庫全書
		https://zh.wikipedia.org/zh-tw/四庫全書
			欽定[qing1- 叢書[cong2- 編纂[-zuan3 	
	https://ja.wikipedia.org/wiki/商瞿
		しょう く、拼音：Shāng Qú
	
	https://zh.wikipedia.org/zh-cn/商瞿
	
	s: 易経 子庸
		
		桥庇子庸[qiao2bi4-yong1
		
		https://ja.wikisource.org/wiki/史記/卷067
			弘傳江東人矯子庸疵
		
		596. 史記に記された孔子の弟子たち（127）仲尼弟子列伝　23　商瞿　ⅰ https://ameblo.jp/miyatake-yagikensetsu/entry-11920209664.html
	
	陸徳明

n: cont.

]17:13:24

###
@@@




###





###





###





###2021年6月13日10:57:22

url=http://benfranklin.chips.jp/cake_apps/Cake_IFM11/images/index_2?filter_memo=jve+64+130&sort=file_name&direction=desc&RBs_AND_OR_Memo=AND


###2021年6月15日16:51:27

#trans : korean, english
start C:\WORKS_2\WS\WS_Others.JVEMV6\JVEMV6\70_co2\start-trans-process.bat

#trans : chinese
start C:\WORKS_2\WS\WS_Others.JVEMV6\JVEMV6\70_co2\start-trans-process_chinese.bat

2021年5月18日12:42:47
#process texts : korean

start C:\WORKS_2\WS\WS_Others.JVEMV6\JVEMV6\70_co2\start_process-texts-for-reading_korean.bat

C:\WORKS_2\WS\WS_Others.JVEMV6\JVEMV6\70_co2

"C:\WORKS_2\WS\WS_Others.JVEMV6\JVEMV6\70_co2\start_[process-texts-for-reading_korean].bat"

#process texts : chinese
C:\WORKS_2\WS\WS_Others.JVEMV6\JVEMV6\70_co2\start_process-texts-for-reading_chinese.bat

"C:\WORKS_2\WS\WS_Others.JVEMV6\JVEMV6\70_co2\start_[process-texts-for-reading_chinese].bat"

###2021年6月29日0:40:29
======================== lib
190001550002
makemeaning

###2021年10月2日10:07:40
======================== close apps

C:\WORKS_2\shortcuts_docs\end_log_JVE_64_94_kinshiroku.bat
