###2021年11月18日1:02:30
@@@

	>>
	


###





###





###





###





###





###





===============================




--------------------------------------


-------------------------------------- DOCS (Materials)
------------------------------- TOPICS

-------------------------------------- SYMBOLS
#	complete
*	started reading
:w	keywords
:?	want to know
:m	memos
:#1	bookmark
:ref	refered document

-------------------------------------- resources

###2021年11月5日0:36:21
========================== folder

C:\WORKS_2\WS\WS_Cake_IFM11\photo-books\114_hirata


C:\WORKS_2\WS\WS_Cake_IFM11\photo-books\list-of-books.txt


###2021年11月9日0:35:58
========================== url : cake
http://benfranklin.chips.jp/cake_apps/Cake_IFM11/images/index_2?filter_memo=64%23+134+yamamoto&sort=file_name&direction=desc&RBs_AND_OR_Memo=AND


###2021年11月5日0:36:08
========================== closing : git

C:\WORKS_2\start_a.bat

C:\WORKS_2\a && pushd C:\WORKS_2\shortcuts_docs && g a . && g c -m "(log_JVE_64_134_yamamoto_ieyasu) periodical updates" && e && p && C:\WORKS_2\Utils\commands\push_fm.bat


###2021年11月10日1:25:08
========================== closing : apps

C:\WORKS_2\shortcuts_docs\end_log_JVE_close-sakura_close-freemind.bat

