###2021年10月4日10:12:24
@@@
	
	https://duckduckgo.com/?q=琴+平調子&ia=web
	
	https://koto-shami.info/hira.html
	https://www.musicca.com/piano
	
n: any


###




###




###




###




###





###


###2021年9月1日19:01:24

http://benfranklin.chips.jp/cake_apps/Cake_IFM11/images/index_2?filter_memo=session+shino&sort=file_name&direction=desc&RBs_AND_OR_Memo=AND
http://benfranklin.chips.jp/cake_apps/Cake_IFM11/images/index_2?filter_memo=session+shino+用意&sort=file_name&direction=desc&RBs_AND_OR_Memo=AND


###2021年7月7日10:50:31
====================== git

C:\WORKS_2\start_a.bat

set stringof_session_id="s-1" 

set stringof_project_id="JVE_46.[15_jp-flute] : %stringof_session_id:"=%" 
C:\WORKS_2\shortcuts_docs\end_log_JVE_ALL.[ai].git.bat %stringof_project_id:"=%


###2021年7月7日10:50:35
====================== closing

C:\WORKS_2\shortcuts_docs\end_log_JVE_close-sakura_close-freemind.bat


"C:\WORKS_2\shortcuts_docs\end_log_JVE_70.[CO2]_apps.bat"

