###2021年8月29日14:17:49
	
	search
	論語 仁
		https://duckduckgo.com/?q=論語+仁&ia=web
		docs
			「仁」の正しい意味とは？ https://biz.trans-suite.jp/7378
	
	?:教育勅語の文の中に、「仁」の文字は、出てくるか？
		https://ja.wikisource.org/wiki/教育ニ関スル勅語
		
		==>
			1. 「仁」は出現、なし。
			２．「徳」　=>　３回
		２．豆知識
			「五常の徳」　=>　"仁・義・礼・智・信" (https://biz.trans-suite.jp/7378#i-4)
	
	>> search "里仁"
		里仁 論語
		https://duckduckgo.com/?q=里仁+論語&ia=web
		
		docs
			https://www.esdiscovery.jp/knowledge/classic/rongo004.html
			
			 ［白文］１．子曰、里仁[ren2 為美、択不処仁、焉[yan1 得知。
			 ［白文］４．子曰、苟[gou1,2 志於仁矣、無悪也。 
			
			n: " ［白文］７．子曰、民之過也、"	]14:57:55	##n:20210829_145804
			
			https://ctext.org/analects/li-ren/zh
			
	
	>> search
		ctext 論語

n: ##n:20210829_145804

###2021年8月30日0:08:52

	https://www.esdiscovery.jp/knowledge/classic/rongo004.html
	
	 ［白文］５．子曰、富与貴、是人之所欲也、不以其道、得之不処也、貧与賤[jian4 、是人之所悪也、不以其道、得之不去也、君子去仁、悪乎成名、君子無終食之間違仁、造次必於是、顛沛[dian1pei4 必於是。 
	 ［白文］６．子曰、我未見好仁者悪不仁者、好仁者無以尚之、悪不仁者其為仁矣、不使不仁者加乎其身、有能一日用其力於仁矣乎、我未見力不足者、蓋有之乎、我未之見也。 
	 ［白文］７．子曰、民之過也、各於其党、観過斯知仁矣。
	 ［白文］８．子曰、朝[zhao1 聞道、夕[xi1 死可矣。 
	［白文］９．子曰、士志於道、而恥[chi2 悪衣悪食者、未足与議也。
	
>>
	https://www.esdiscovery.jp/knowledge/classic/rongo004_2.html
	
		 ［白文］１０．子曰、君子之於天下也、無適[shi4:適合 也、無莫[mo4:negative 也、義之与[yu 比[bi:親しむ。 
		 
	n:
		" ［白文］１１．子曰、君子懐徳、小人懐土、君子懐刑、小人懐恵。 "




###





###





###





###





###





