###2022年3月21日15:36:07
>id=8
	
	https://yandex.ru/search/?text=unsc+resolution+gaza+israel&lr=213&clid=1836587
	
	https://en.wikipedia.org/wiki/United_Nations_Security_Council_Resolution_452
	https://en.wikisource.org/wiki/United_Nations_Security_Council_Resolution_452
	
	https://documents-dds-ny.un.org/doc/RESOLUTION/GEN/NR0/370/66/PDF/NR037066.pdf?OpenElement		
		20 .July 1979
		
		1) Taking note of
		2) Strongly deploring the lack
		3) Considering that the policy
		4) Deeply concerned by 
		5) Emphasizing the need
		6) Bearing in mind the specific status
		7) Drawing attention to the grave consequences 
		
		1) Commends the work 
		Accepts the recommendations
		Calls upon the Government
		Requests the Commission
	
	]16:08:22


###2022年3月22日11:45:09
	
	(ar)
	https://www.google.com/search?client=firefox-b-d&q=unsc+resolution+452
	
	https://en.wikipedia.org/wiki/United_Nations_Security_Council_Resolution_452
	https://digitallibrary.un.org/record/3657
	
	https://www.paljourneys.org/en/timeline/historictext/9891/unsc-resolution-50
	
	]11:56:55



@@@

###







###







###







### -- last-3





###






###





############ RESOURCES 2021年10月28日10:37:42


###2021年9月1日19:01:24
============================== url : main

http://benfranklin.chips.jp/cake_apps/Cake_IFM11/images/index_2?filter_memo=jve+63+social&sort=file_name&direction=desc&RBs_AND_OR_Memo=AND



###2022年3月21日13:02:41
====================== closing : git

C:\WORKS_2\start_a.bat





-------------------------------
C:\WORKS_2\start_a.bat

set stringof_session_id="" 

set stringof_project_id="JVE_63_social-issues : %stringof_session_id:"=%" 

set stringof_project_id="JVE_46_jp-flute : %stringof_session_id:"=%" 

C:\WORKS_2\shortcuts_docs\end_log_JVE_ALL.[ai].git.bat %stringof_project_id:"=%

###2021年7月7日10:50:35
====================== closing

set stringof_project_id="diary" 

pushd C:\WORKS_2\shortcuts_docs && g a . && g c -m %stringof_project_id% && e && p && r oj && g a . && g c -m %stringof_project_id% && e && p && r f && g a . && g c -m %stringof_project_id% && e && p

